IQ-TREE multicore version 2.0.6 for Linux 64-bit built May 30 2020
Developed by Bui Quang Minh, Nguyen Lam Tung, Olga Chernomor,
Heiko Schmidt, Dominik Schrempf, Michael Woodhams.

Host:    node022 (AVX2, FMA3, 94 GB RAM)
Command: iqtree2 -s LRAT.fasta.cdhit.mafft.trimal -m MFP -B 1000 --alrt 1000 --abayes -T AUTO --prefix LRAT.fasta.cdhit.mafft.trimal.UFB
Seed:    358562 (Using SPRNG - Scalable Parallel Random Number Generator)
Time:    Fri Dec  9 11:06:30 2022
Kernel:  AVX+FMA - auto-detect threads (24 CPU cores detected)

Reading alignment file LRAT.fasta.cdhit.mafft.trimal ... Fasta format detected
Alignment most likely contains protein sequences
Alignment has 93 sequences with 226 columns, 226 distinct patterns
220 parsimony-informative, 6 singleton sites, 0 constant sites
                                                                                                            Gap/Ambiguity  Composition  p-value
   1  MetazoaCnidariaStylophorapistillata_3669339_                                                                 10.62%    passed     29.38%
   2  MetazoaVertebrateDaniorerio_5420356__PLAT2_HUMAN_Phospholipase_A_and_acyltransferase_2_OS_                   30.09%    passed     92.34%
   3  MetazoaVertebrateDaniorerio_5435836__LRAT_BOVIN_Lecithin_retinol_acyltransferase_OS_                         11.06%    passed     81.25%
   4  MetazoaCnidariaPoritesaustraliensis_3539203_                                                                 11.50%    passed     56.77%
   5  MetazoaVertebrateMusmusculus_6542956__PLAT3_MOUSE_Phospholipase_A_and_acyltransferase_3_OS_                  28.32%    passed     58.46%
   6  StramenopilesPhytophthorainfestansUP000006643_26376550__LRAT_RAT_Lecithin_retinol_acyltransferase_OS_        25.66%    passed     12.23%
   7  MetazoaCephalochordataBranchiostomabelcheri_2795997__PLAT1_RAT_Phospholipase_A_and_acyltransferase_1_OS_      5.31%    passed     14.59%
   8  MetazoaCephalochordataBranchiostomabelcheri_2796045__PLAT3_RAT_Phospholipase_A_and_acyltransferase_3_OS_     14.16%    passed     83.45%
   9  MetazoaCephalochordataBranchiostomabelcheri_2796061__PLAT1_HUMAN_Phospholipase_A_and_acyltransferase_1_OS_   17.70%    passed     36.30%
  10  MetazoaCephalochordataBranchiostomabelcheri_2796139__PLAT1_MOUSE_Phospholipase_A_and_acyltransferase_1_OS_   30.09%    passed     48.66%
  11  MetazoaVertebrateMusmusculus_6545226__PLAT5_MOUSE_Phospholipase_A_and_acyltransferase_5_OS_                  23.01%    passed     81.46%
  12  MetazoaVertebrateHomosapiens_6465905__PLAT5_HUMAN_Phospholipase_A_and_acyltransferase_5_OS_                  22.57%    passed     79.22%
  13  MetazoaVertebrateMusmusculus_6547546__LRAT_MOUSE_Lecithin_retinol_acyltransferase_OS_                        15.49%    passed     98.04%
  14  MetazoaCephalochordataBranchiostomabelcheri_2827403__PLAT1_RAT_Phospholipase_A_and_acyltransferase_1_OS_     24.34%    passed     64.77%
  15  MetazoaEchinodermataAcanthasterplanci_3779535__PLAT3_RAT_Phospholipase_A_and_acyltransferase_3_OS_           26.11%    passed     65.18%
  16  MetazoaCephalochordataBranchiostomabelcheri_2799601__PLAT3_RAT_Phospholipase_A_and_acyltransferase_3_OS_     19.47%    failed      3.10%
  17  MetazoaCephalochordataBranchiostomabelcheri_2799602__PLAT3_RAT_Phospholipase_A_and_acyltransferase_3_OS_     32.74%    failed      0.24%
  18  MetazoaVertebrateMusmusculus_6548232__PLAT1_MOUSE_Phospholipase_A_and_acyltransferase_1_OS_                  26.11%    passed     78.23%
  19  MetazoaBrachiopodaLingulaunguis_1298288__PLAT3_HUMAN_Phospholipase_A_and_acyltransferase_3_OS_               31.86%    passed     45.70%
  20  MetazoaVertebrateHomosapiens_6468389__PLAT1_HUMAN_Phospholipase_A_and_acyltransferase_1_OS_                  25.66%    passed     59.35%
  21  MetazoaVertebrateDaniorerio_5425012__LRAT_BOVIN_Lecithin_retinol_acyltransferase_OS_                         17.26%    passed     47.34%
  22  MetazoaVertebrateHomosapiens_6468958__PLAT2_HUMAN_Phospholipase_A_and_acyltransferase_2_OS_                  28.32%    passed     35.86%
  23  MetazoaEchinodermataAcanthasterplanci_3781729__PLAT3_RAT_Phospholipase_A_and_acyltransferase_3_OS_           19.91%    passed     93.31%
  24  MetazoaEchinodermataAcanthasterplanci_3781807__PLAT4_HUMAN_Phospholipase_A_and_acyltransferase_4_OS_         26.11%    passed     78.48%
  25  MetazoaBrachiopodaLingulaunguis_1299417__PLAT3_HUMAN_Phospholipase_A_and_acyltransferase_3_OS_               23.01%    passed     82.01%
  26  MetazoaCnidariaStylophorapistillata_3678277__PLAT3_RAT_Phospholipase_A_and_acyltransferase_3_OS_             15.49%    passed     85.54%
  27  MetazoaEchinodermataAcanthasterplanci_3781827__PLAT1_MOUSE_Phospholipase_A_and_acyltransferase_1_OS_         23.45%    passed     81.42%
  28  MetazoaPoriferaLeucosoleniacomplicata_5010111__PLAT3_PONAB_Phospholipase_A_and_acyltransferase_3_OS_         19.47%    passed     65.45%
  29  MetazoaVertebrateHomosapiens_6469942__PLAT4_HUMAN_Phospholipase_A_and_acyltransferase_4_OS_                  27.43%    passed     79.23%
  30  MetazoaEchinodermataAcanthasterplanci_3782589__PLAT4_HUMAN_Phospholipase_A_and_acyltransferase_4_OS_         27.43%    passed     35.60%
  31  MetazoaPoriferaSyconciliatum_5138130__PLAT3_PONAB_Phospholipase_A_and_acyltransferase_3_OS_                  10.62%    passed     89.57%
  32  MetazoaPoriferaLeucosoleniacomplicata_5018539__PLAT2_HUMAN_Phospholipase_A_and_acyltransferase_2_OS_         16.81%    failed      0.35%
  33  MetazoaCnidariaFungiascutaria_3204893_                                                                       11.06%    passed     68.55%
  34  MetazoaPoriferaSyconciliatum_5143426__PLAT1_MOUSE_Phospholipase_A_and_acyltransferase_1_OS_                   2.65%    passed     25.20%
  35  MetazoaBrachiopodaLingulaunguis_1302550__PLAT1_HUMAN_Phospholipase_A_and_acyltransferase_1_OS_               35.40%    passed     71.01%
  36  CryptophyceaeEP00290BaffinellaspCCMP2293_12059753__LRAT_BOVIN_Lecithin_retinol_acyltransferase_OS_           19.91%    passed     29.65%
  37  CryptophyceaeEP00290BaffinellaspCCMP2293_12040984__LRAT_BOVIN_Lecithin_retinol_acyltransferase_OS_           19.91%    passed     26.03%
  38  MetazoaCnidariaClytiahemisphaerica_3096585__PLAT4_HUMAN_Phospholipase_A_and_acyltransferase_4_OS_            19.91%    passed     31.91%
  39  MetazoaAcoelaHofsteniamiamia_4411_                                                                           15.04%    passed      6.99%
  40  MetazoaVertebrateDaniorerio_5433263__PLAT3_PONAB_Phospholipase_A_and_acyltransferase_3_OS_                   26.11%    passed     55.87%
  41  MetazoaVertebrateEptatretusburgeri_6385209__PLAT1_RAT_Phospholipase_A_and_acyltransferase_1_OS_              25.66%    passed     98.87%
  42  MetazoaVertebrateEptatretusburgeri_6385211__PLAT1_MOUSE_Phospholipase_A_and_acyltransferase_1_OS_            26.55%    passed     85.04%
  43  MetazoaHemichordataSaccoglossuskowalevskii_4048805__PLAT3_RAT_Phospholipase_A_and_acyltransferase_3_OS_      30.97%    passed     93.18%
  44  PluriformeaEP00127Corallochytriumlimacisporum_21618992__LRAT_MOUSE_Lecithin_retinol_acyltransferase_OS_       1.77%    failed      0.85%
  45  MetazoaCnidariaAnthopleuraelegantissima_2997299__PLAT3_RAT_Phospholipase_A_and_acyltransferase_3_OS_         19.91%    passed     34.37%
  46  MetazoaPoriferaLeucosoleniacomplicata_5042006__PLAT2_HUMAN_Phospholipase_A_and_acyltransferase_2_OS_         18.14%    passed     32.68%
  47  MetazoaCnidariaAnthopleuraelegantissima_2998386__PLAT1_RAT_Phospholipase_A_and_acyltransferase_1_OS_         16.37%    passed     67.54%
  48  MetazoaMolluscaEP00106Octopusbimaculoides_4156353__PLAT1_RAT_Phospholipase_A_and_acyltransferase_1_OS_       20.35%    passed     29.94%
  49  MetazoaNematodaLoaloa_4406313__F172A_CAEEL_FAM172_family_protein_homolog_Y75B8A.31_OS_                       11.06%    passed     37.20%
  50  MetazoaEchinodermataAcanthasterplanci_3791876__PLAT1_HUMAN_Phospholipase_A_and_acyltransferase_1_OS_         14.60%    passed     67.66%
  51  MetazoaPoriferaLeucosoleniacomplicata_5045739__PLAT2_HUMAN_Phospholipase_A_and_acyltransferase_2_OS_         33.19%    passed      9.00%
  52  MetazoaCnidariaAstreoporasp_3045117_                                                                         11.50%    passed     38.34%
  53  MetazoaPoriferaHaliclonatubifera_4958144__LRAT2_HUMAN_Protein_LRATD2_OS_                                     24.78%    passed     20.41%
  54  MetazoaAcoelaHofsteniamiamia_16354__PLAT1_HUMAN_Phospholipase_A_and_acyltransferase_1_OS_                    32.30%    failed      4.06%
  55  MetazoaBrachiopodaLingulaunguis_1283932__PLAT3_HUMAN_Phospholipase_A_and_acyltransferase_3_OS_               22.57%    passed     42.49%
  56  MetazoaCnidariaAnthopleuraelegantissima_3005089__PLAT3_HUMAN_Phospholipase_A_and_acyltransferase_3_OS_        9.29%    passed      6.34%
  57  MetazoaPoriferaLeucosoleniacomplicata_5052466__PLAT3_MOUSE_Phospholipase_A_and_acyltransferase_3_OS_         10.18%    passed     49.25%
  58  MetazoaArthropodaDaphniapulex_214295__PLAT2_HUMAN_Phospholipase_A_and_acyltransferase_2_OS_                  28.76%    passed     18.83%
  59  MetazoaPoriferaEP00118Oscarellapearsei_4817229__LRAT_HUMAN_Lecithin_retinol_acyltransferase_OS_              39.38%    passed     97.23%
  60  MetazoaMolluscaEP00106Octopusbimaculoides_4160369__PLAT2_HUMAN_Phospholipase_A_and_acyltransferase_2_OS_     36.73%    passed     82.21%
  61  MetazoaPoriferaEP00118Oscarellapearsei_4817230__LRAT_BOVIN_Lecithin_retinol_acyltransferase_OS_              33.19%    passed     86.84%
  62  MetazoaCnidariaAnthopleuraelegantissima_3005818__PLAT3_MOUSE_Phospholipase_A_and_acyltransferase_3_OS_       32.30%    passed     70.06%
  63  MetazoaRotiferaBrachionusplicatilis_5253929__PLAT3_RAT_Phospholipase_A_and_acyltransferase_3_OS_             29.20%    passed     28.01%
  64  MetazoaHemichordataSaccoglossuskowalevskii_4057012__PLAT3_RAT_Phospholipase_A_and_acyltransferase_3_OS_      24.78%    passed     41.07%
  65  MetazoaHemichordataSaccoglossuskowalevskii_4062344__PLAT3_RAT_Phospholipase_A_and_acyltransferase_3_OS_      24.78%    passed     44.60%
  66  MetazoaCnidariaAnthopleuraelegantissima_3013074_                                                             10.62%    passed     54.24%
  67  MetazoaArthropodaEP00090Calanusglacialis_678642__PLAT1_HUMAN_Phospholipase_A_and_acyltransferase_1_OS_        7.52%    passed     88.95%
  68  CryptophyceaeGuillardiathetaUP000011087_12256407__PLAT3_RAT_Phospholipase_A_and_acyltransferase_3_OS_        17.70%    passed     32.78%
  69  MetazoaHemichordataSaccoglossuskowalevskii_4059982__PLAT3_RAT_Phospholipase_A_and_acyltransferase_3_OS_      25.22%    passed     22.78%
  70  MetazoaTardigradaRamazzotiusvarieornatus_5290952__PLAT3_MOUSE_Phospholipase_A_and_acyltransferase_3_OS_      19.91%    passed     91.75%
  71  MetazoaVertebrateHomosapiens_6453389__LRAT_HUMAN_Lecithin_retinol_acyltransferase_OS_                        15.49%    passed     97.23%
  72  MetazoaCnidariaAnthopleuraelegantissima_3018731_                                                             34.07%    passed     88.92%
  73  MetazoaMolluscaLottiagigantea_4203388__PLAT3_RAT_Phospholipase_A_and_acyltransferase_3_OS_                   30.09%    passed     34.63%
  74  MetazoaPoriferaStylissacarteri_5098842__PLAT1_HUMAN_Phospholipase_A_and_acyltransferase_1_OS_                24.34%    passed     34.97%
  75  MetazoaCnidariaMadracisauretenra_3309881_                                                                     4.87%    passed     72.03%
  76  MetazoaCnidariaMontastraeacavernosa_3351517_                                                                 11.50%    passed     79.99%
  77  MetazoaMolluscaLottiagigantea_4204378__PLAT3_MOUSE_Phospholipase_A_and_acyltransferase_3_OS_                 23.01%    passed     58.31%
  78  MetazoaVertebrateEptatretusburgeri_6407140__LRAT_BOVIN_Lecithin_retinol_acyltransferase_OS_                  15.93%    passed     20.25%
  79  RhodelphisEP00736Rhodelphismarinus_22805195__LRAT_BOVIN_Lecithin_retinol_acyltransferase_OS_                 17.26%    passed     80.82%
  80  MetazoaVertebrateDaniorerio_5413327__PLAT3_PONAB_Phospholipase_A_and_acyltransferase_3_OS_                   26.99%    passed     70.06%
  81  MetazoaVertebrateEptatretusburgeri_6409487__PLAT3_RAT_Phospholipase_A_and_acyltransferase_3_OS_              27.88%    failed      2.55%
  82  MetazoaVertebrateDaniorerio_5414209__PLAT1_MOUSE_Phospholipase_A_and_acyltransferase_1_OS_                   25.22%    passed     89.77%
  83  MetazoaPoriferaLeucosoleniacomplicata_4975009__PLAT3_HUMAN_Phospholipase_A_and_acyltransferase_3_OS_         25.66%    passed     78.55%
  84  MetazoaVertebrateHomosapiens_6456871__PLAT3_HUMAN_Phospholipase_A_and_acyltransferase_3_OS_                  28.32%    passed     82.74%
  85  MetazoaVertebrateDaniorerio_5415241__LRAT_BOVIN_Lecithin_retinol_acyltransferase_OS_                         16.37%    passed     55.91%
  86  MetazoaPoriferaSyconciliatum_5104370__PLAT3_PONAB_Phospholipase_A_and_acyltransferase_3_OS_                  17.26%    passed     22.61%
  87  MetazoaVertebrateDaniorerio_5416499__LRAT_MOUSE_Lecithin_retinol_acyltransferase_OS_                         14.60%    passed     71.16%
  88  MetazoaHemichordataSaccoglossuskowalevskii_4069108__LRAT2_HUMAN_Protein_LRATD2_OS_                           37.17%    passed     75.63%
  89  MetazoaPoriferaLeucosoleniacomplicata_4984178__PLAT1_MOUSE_Phospholipase_A_and_acyltransferase_1_OS_          2.21%    passed     34.25%
  90  MetazoaPoriferaLeucosoleniacomplicata_5035242__PLAT1_MOUSE_Phospholipase_A_and_acyltransferase_1_OS_          2.21%    passed     34.25%
  91  MetazoaCnidariaPoritesaustraliensis_3537271_                                                                 18.58%    passed     32.99%
  92  MetazoaVertebrateDaniorerio_5420357__PLAT4_HUMAN_Phospholipase_A_and_acyltransferase_4_OS_                   30.09%    passed     94.39%
  93  MetazoaVertebrateDaniorerio_5420912__PLAT1_RAT_Phospholipase_A_and_acyltransferase_1_OS_                     41.15%    passed     20.09%
****  TOTAL                                                                                                        21.36%  6 sequences failed composition chi2 test (p-value<5%; df=19)
NOTE: MetazoaPoriferaLeucosoleniacomplicata_5035242__PLAT1_MOUSE_Phospholipase_A_and_acyltransferase_1_OS_ is identical to MetazoaPoriferaLeucosoleniacomplicata_4984178__PLAT1_MOUSE_Phospholipase_A_and_acyltransferase_1_OS_ but kept for subsequent analysis


Create initial parsimony tree by phylogenetic likelihood library (PLL)... 0.032 seconds
Measuring multi-threading efficiency up to 24 CPU cores
Increase to 10 rounds for branch lengths
71 trees examined
Threads: 1 / Time: 24.024 sec / Speedup: 1.000 / Efficiency: 100% / LogL: -36967
Threads: 2 / Time: 14.223 sec / Speedup: 1.689 / Efficiency: 84% / LogL: -36967
Threads: 3 / Time: 10.967 sec / Speedup: 2.191 / Efficiency: 73% / LogL: -36967
Threads: 4 / Time: 9.492 sec / Speedup: 2.531 / Efficiency: 63% / LogL: -36967
Threads: 5 / Time: 8.553 sec / Speedup: 2.809 / Efficiency: 56% / LogL: -36967
Threads: 6 / Time: 8.051 sec / Speedup: 2.984 / Efficiency: 50% / LogL: -36967
BEST NUMBER OF THREADS: 5

Perform fast likelihood tree search using LG+G model...
Estimate model parameters (epsilon = 5.000)
Perform nearest neighbor interchange...
Estimate model parameters (epsilon = 1.000)
1. Initial log-likelihood: -29022.634
Optimal log-likelihood: -29022.577
Gamma shape alpha: 1.075
Parameters optimization took 1 rounds (0.037 sec)
Time for fast ML tree search: 0.599 seconds

NOTE: ModelFinder requires 36 MB RAM!
ModelFinder will test up to 462 protein models (sample size: 226) ...
 No. Model         -LnL         df  AIC          AICc         BIC
  1  LG            30305.634    183 60977.268    62580.696    61603.225
  2  LG+G4         29022.580    184 58413.160    60073.648    59042.539
  3  LG+R2         29152.444    185 58674.888    60395.388    59307.687
  4  LG+R3         29021.817    187 58417.634    60267.949    59057.274
  5  LG+R4         28960.278    189 58298.555    60293.555    58945.036
  6  LG+R5         28941.683    191 58265.366    60422.543    58918.688
  7  LG+R6         28930.192    193 58246.385    60586.510    58906.548
  8  LG+R7         28929.930    195 58249.860    60797.860    58916.864
 18  LG+F+R6       28917.005    212 58258.009    65205.086    58983.163
 29  WAG+R6        28946.584    193 58279.167    60619.292    58939.331
 40  WAG+F+R6      28901.358    212 58226.716    65173.793    58951.870
 51  JTT+R6        29042.410    193 58470.820    60810.945    59130.984
 62  JTT+F+R6      29026.196    212 58476.392    65423.469    59201.545
 73  JTTDCMut+R6   29044.792    193 58475.583    60815.708    59135.746
 84  JTTDCMut+F+R6 29029.732    212 58483.465    65430.542    59208.618
 95  DCMut+R6      29355.489    193 59096.977    61437.102    59757.141
106  DCMut+F+R6    29235.076    212 58894.151    65841.228    59619.305
117  VT+R6         28914.940    193 58215.880    60556.005    58876.043
128  VT+F+R6       28880.193    212 58184.386    65131.463    58909.540
139  PMB+R6        28931.792    193 58249.585    60589.710    58909.748
150  PMB+F+R6      28928.462    212 58280.925    65228.001    59006.078
161  Blosum62+R6   28960.669    193 58307.338    60647.463    58967.501
172  Blosum62+F+R6 28956.572    212 58337.145    65284.222    59062.298
183  Dayhoff+R6    29356.713    193 59099.425    61439.550    59759.589
194  Dayhoff+F+R6  29236.187    212 58896.373    65843.450    59621.527
205  mtREV+R6      30479.767    193 61345.533    63685.658    62005.697
216  mtREV+F+R6    29272.642    212 58969.284    65916.361    59694.437
227  mtART+R6      30693.155    193 61772.310    64112.435    62432.473
238  mtART+F+R6    29614.500    212 59653.001    66600.077    60378.154
249  mtZOA+R6      30029.784    193 60445.567    62785.692    61105.730
260  mtZOA+F+R6    29332.545    212 59089.091    66036.168    59814.244
271  mtMet+R6      30283.288    193 60952.577    63292.702    61612.740
282  mtMet+F+R6    29255.669    212 58935.339    65882.416    59660.492
293  mtVer+R6      30590.550    193 61567.101    63907.226    62227.264
304  mtVer+F+R6    29527.834    212 59479.669    66426.745    60204.822
315  mtInv+R6      30392.479    193 61170.958    63511.083    61831.121
326  mtInv+F+R6    29140.854    212 58705.708    65652.785    59430.861
337  mtMAM+R6      30964.522    193 62315.044    64655.169    62975.207
348  mtMAM+F+R6    29728.492    212 59880.985    66828.062    60606.138
359  HIVb+R6       29478.650    193 59343.301    61683.426    60003.464
370  HIVb+F+R6     29351.268    212 59126.537    66073.614    59851.690
381  HIVw+R6       30640.992    193 61667.985    64008.110    62328.148
392  HIVw+F+R6     29976.779    212 60377.559    67324.636    61102.712
403  FLU+R6        29581.361    193 59548.722    61888.847    60208.885
414  FLU+F+R6      29333.831    212 59091.662    66038.739    59816.816
425  rtREV+R6      29275.225    193 58936.451    61276.576    59596.614
436  rtREV+F+R6    29002.665    212 58429.331    65376.408    59154.484
447  cpREV+R6      29075.002    193 58536.003    60876.128    59196.167
458  cpREV+F+R6    28998.564    212 58421.128    65368.204    59146.281
Akaike Information Criterion:           VT+F+R6
Corrected Akaike Information Criterion: LG+G4
Bayesian Information Criterion:         VT+R6
Best-fit model: VT+R6 chosen according to BIC

All model information printed to LRAT.fasta.cdhit.mafft.trimal.UFB.model.gz
CPU time for ModelFinder: 812.945 seconds (0h:13m:32s)
Wall-clock time for ModelFinder: 196.541 seconds (0h:3m:16s)
Generating 1000 samples for ultrafast bootstrap (seed: 358562)...

NOTE: 22 MB RAM (0 GB) is required!
Estimate model parameters (epsilon = 0.100)
1. Initial log-likelihood: -28914.940
Optimal log-likelihood: -28914.905
Site proportion and rates:  (0.062,0.059) (0.069,0.206) (0.131,0.390) (0.200,0.791) (0.466,1.303) (0.071,2.321)
Parameters optimization took 1 rounds (0.304 sec)
Computing ML distances based on estimated model parameters... 1.853 sec
Computing BIONJ tree...
0.010 seconds
Log-likelihood of BIONJ tree: -28997.854
--------------------------------------------------------------------
|             INITIALIZING CANDIDATE TREE SET                      |
--------------------------------------------------------------------
Generating 98 parsimony trees... 2.201 second
Computing log-likelihood of 98 initial trees ... 2.544 seconds
Current best score: -28914.905

Do NNI search on 20 best initial trees
Estimate model parameters (epsilon = 0.100)
BETTER TREE FOUND at iteration 1: -28911.638
Estimate model parameters (epsilon = 0.100)
BETTER TREE FOUND at iteration 4: -28885.648
Iteration 10 / LogL: -28916.474 / Time: 0h:0m:13s
Iteration 20 / LogL: -28889.950 / Time: 0h:0m:21s
Finish initializing candidate tree set (20)
Current best tree score: -28885.648 / CPU time: 20.336
Number of iterations: 20
--------------------------------------------------------------------
|               OPTIMIZING CANDIDATE TREE SET                      |
--------------------------------------------------------------------
Estimate model parameters (epsilon = 0.100)
BETTER TREE FOUND at iteration 22: -28881.043
Estimate model parameters (epsilon = 0.100)
BETTER TREE FOUND at iteration 28: -28880.735
Estimate model parameters (epsilon = 0.100)
BETTER TREE FOUND at iteration 29: -28878.773
Iteration 30 / LogL: -28885.765 / Time: 0h:0m:28s (0h:1m:35s left)
Estimate model parameters (epsilon = 0.100)
BETTER TREE FOUND at iteration 36: -28876.443
Iteration 40 / LogL: -28883.709 / Time: 0h:0m:33s (0h:1m:23s left)
Estimate model parameters (epsilon = 0.100)
BETTER TREE FOUND at iteration 41: -28876.051
Estimate model parameters (epsilon = 0.100)
BETTER TREE FOUND at iteration 50: -28875.192
Iteration 50 / LogL: -28875.192 / Time: 0h:0m:40s (0h:1m:22s left)
Log-likelihood cutoff on original alignment: -28955.885
Estimate model parameters (epsilon = 0.100)
BETTER TREE FOUND at iteration 52: -28875.145
Estimate model parameters (epsilon = 0.100)
BETTER TREE FOUND at iteration 53: -28874.116
Estimate model parameters (epsilon = 0.100)
BETTER TREE FOUND at iteration 58: -28871.944
Estimate model parameters (epsilon = 0.100)
BETTER TREE FOUND at iteration 60: -28870.522
Iteration 60 / LogL: -28870.522 / Time: 0h:0m:47s (0h:1m:20s left)
Iteration 70 / LogL: -28873.578 / Time: 0h:0m:53s (0h:1m:9s left)
Iteration 80 / LogL: -28872.858 / Time: 0h:0m:58s (0h:0m:58s left)
Estimate model parameters (epsilon = 0.100)
BETTER TREE FOUND at iteration 89: -28870.145
Iteration 90 / LogL: -28870.476 / Time: 0h:1m:4s (0h:1m:11s left)
Iteration 100 / LogL: -28873.592 / Time: 0h:1m:9s (0h:1m:2s left)
Log-likelihood cutoff on original alignment: -28955.885
NOTE: Bootstrap correlation coefficient of split occurrence frequencies: 0.980
NOTE: UFBoot does not converge, continue at least 100 more iterations
Iteration 110 / LogL: -28870.611 / Time: 0h:1m:15s (0h:1m:2s left)
Iteration 120 / LogL: -28880.385 / Time: 0h:1m:20s (0h:0m:54s left)
Iteration 130 / LogL: -28871.021 / Time: 0h:1m:25s (0h:0m:46s left)
Iteration 140 / LogL: -28872.113 / Time: 0h:1m:30s (0h:0m:39s left)
Estimate model parameters (epsilon = 0.100)
BETTER TREE FOUND at iteration 149: -28869.097
Iteration 150 / LogL: -28869.204 / Time: 0h:1m:36s (0h:1m:4s left)
Log-likelihood cutoff on original alignment: -28955.885
Estimate model parameters (epsilon = 0.100)
UPDATE BEST LOG-LIKELIHOOD: -28869.012
Iteration 160 / LogL: -28875.271 / Time: 0h:1m:42s (0h:0m:57s left)
BETTER TREE FOUND at iteration 163: -28869.006
Estimate model parameters (epsilon = 0.100)
UPDATE BEST LOG-LIKELIHOOD: -28868.847
Iteration 170 / LogL: -28870.190 / Time: 0h:1m:48s (0h:0m:59s left)
Iteration 180 / LogL: -28870.144 / Time: 0h:1m:54s (0h:0m:52s left)
Estimate model parameters (epsilon = 0.100)
BETTER TREE FOUND at iteration 184: -28868.511
Iteration 190 / LogL: -28874.932 / Time: 0h:1m:59s (0h:0m:59s left)
Iteration 200 / LogL: -28879.951 / Time: 0h:2m:5s (0h:0m:52s left)
Log-likelihood cutoff on original alignment: -28955.885
NOTE: Bootstrap correlation coefficient of split occurrence frequencies: 0.995
Iteration 210 / LogL: -28873.314 / Time: 0h:2m:11s (0h:0m:56s left)
Iteration 220 / LogL: -28869.202 / Time: 0h:2m:17s (0h:0m:50s left)
Estimate model parameters (epsilon = 0.100)
BETTER TREE FOUND at iteration 226: -28868.200
Iteration 230 / LogL: -28875.678 / Time: 0h:2m:23s (0h:0m:59s left)
Iteration 240 / LogL: -28877.891 / Time: 0h:2m:28s (0h:0m:53s left)
Iteration 250 / LogL: -28874.757 / Time: 0h:2m:34s (0h:0m:47s left)
Log-likelihood cutoff on original alignment: -28940.677
Iteration 260 / LogL: -28870.010 / Time: 0h:2m:41s (0h:0m:41s left)
Estimate model parameters (epsilon = 0.100)
BETTER TREE FOUND at iteration 266: -28867.584
Iteration 270 / LogL: -28868.953 / Time: 0h:2m:47s (0h:0m:59s left)
UPDATE BEST LOG-LIKELIHOOD: -28867.583
Iteration 280 / LogL: -28870.828 / Time: 0h:2m:54s (0h:0m:53s left)
Iteration 290 / LogL: -28867.584 / Time: 0h:3m:0s (0h:0m:47s left)
UPDATE BEST LOG-LIKELIHOOD: -28867.583
Iteration 300 / LogL: -28879.548 / Time: 0h:3m:6s (0h:0m:41s left)
Log-likelihood cutoff on original alignment: -28940.677
NOTE: Bootstrap correlation coefficient of split occurrence frequencies: 0.987
NOTE: UFBoot does not converge, continue at least 100 more iterations
Iteration 310 / LogL: -28868.200 / Time: 0h:3m:13s (0h:0m:56s left)
Estimate model parameters (epsilon = 0.100)
BETTER TREE FOUND at iteration 316: -28866.232
Iteration 320 / LogL: -28868.512 / Time: 0h:3m:21s (0h:1m:0s left)
Iteration 330 / LogL: -28868.237 / Time: 0h:3m:28s (0h:0m:54s left)
UPDATE BEST LOG-LIKELIHOOD: -28866.231
Iteration 340 / LogL: -28866.231 / Time: 0h:3m:36s (0h:0m:48s left)
Iteration 350 / LogL: -28866.818 / Time: 0h:3m:45s (0h:0m:42s left)
Log-likelihood cutoff on original alignment: -28940.677
Iteration 360 / LogL: -28866.232 / Time: 0h:3m:54s (0h:0m:36s left)
Iteration 370 / LogL: -28868.601 / Time: 0h:4m:2s (0h:0m:30s left)
Iteration 380 / LogL: -28868.965 / Time: 0h:4m:10s (0h:0m:23s left)
Iteration 390 / LogL: -28879.173 / Time: 0h:4m:19s (0h:0m:17s left)
Iteration 400 / LogL: -28867.121 / Time: 0h:4m:27s (0h:0m:10s left)
Log-likelihood cutoff on original alignment: -28940.677
NOTE: Bootstrap correlation coefficient of split occurrence frequencies: 0.988
NOTE: UFBoot does not converge, continue at least 100 more iterations
Iteration 410 / LogL: -28877.213 / Time: 0h:4m:36s (0h:1m:0s left)
UPDATE BEST LOG-LIKELIHOOD: -28866.231
Iteration 420 / LogL: -28866.767 / Time: 0h:4m:44s (0h:0m:54s left)
Iteration 430 / LogL: -28872.478 / Time: 0h:4m:52s (0h:0m:47s left)
Iteration 440 / LogL: -28874.468 / Time: 0h:5m:1s (0h:0m:41s left)
Iteration 450 / LogL: -28866.231 / Time: 0h:5m:10s (0h:0m:34s left)
Log-likelihood cutoff on original alignment: -28940.677
Iteration 460 / LogL: -28868.308 / Time: 0h:5m:19s (0h:0m:27s left)
Iteration 470 / LogL: -28866.231 / Time: 0h:5m:27s (0h:0m:20s left)
Iteration 480 / LogL: -28870.219 / Time: 0h:5m:35s (0h:0m:14s left)
Iteration 490 / LogL: -28870.454 / Time: 0h:5m:43s (0h:0m:7s left)
Iteration 500 / LogL: -28869.262 / Time: 0h:5m:52s (0h:0m:0s left)
Log-likelihood cutoff on original alignment: -28940.677
NOTE: Bootstrap correlation coefficient of split occurrence frequencies: 0.993
TREE SEARCH COMPLETED AFTER 500 ITERATIONS / Time: 0h:5m:52s

--------------------------------------------------------------------
|                    FINALIZING TREE SEARCH                        |
--------------------------------------------------------------------
Performs final model parameters optimization
Estimate model parameters (epsilon = 0.010)
1. Initial log-likelihood: -28866.231
Optimal log-likelihood: -28866.228
Site proportion and rates:  (0.060,0.054) (0.070,0.190) (0.125,0.372) (0.218,0.786) (0.449,1.312) (0.077,2.287)
Parameters optimization took 1 rounds (0.212 sec)
BEST SCORE FOUND : -28866.228

Testing tree branches by SH-like aLRT with 1000 replicates...
Testing tree branches by aBayes parametric test...
0.160 sec.
Creating bootstrap support values...
Split supports printed to NEXUS file LRAT.fasta.cdhit.mafft.trimal.UFB.splits.nex
Total tree length: 77.604

Total number of iterations: 500
CPU time used for tree search: 1724.658 sec (0h:28m:44s)
Wall-clock time used for tree search: 351.755 sec (0h:5m:51s)
Total CPU time used: 1732.069 sec (0h:28m:52s)
Total wall-clock time used: 353.333 sec (0h:5m:53s)

Computing bootstrap consensus tree...
Reading input file LRAT.fasta.cdhit.mafft.trimal.UFB.splits.nex...
93 taxa and 1030 splits.
Consensus tree written to LRAT.fasta.cdhit.mafft.trimal.UFB.contree
Reading input trees file LRAT.fasta.cdhit.mafft.trimal.UFB.contree
Log-likelihood of consensus tree: -28871.721

Analysis results written to: 
  IQ-TREE report:                LRAT.fasta.cdhit.mafft.trimal.UFB.iqtree
  Maximum-likelihood tree:       LRAT.fasta.cdhit.mafft.trimal.UFB.treefile
  Likelihood distances:          LRAT.fasta.cdhit.mafft.trimal.UFB.mldist

Ultrafast bootstrap approximation results written to:
  Split support values:          LRAT.fasta.cdhit.mafft.trimal.UFB.splits.nex
  Consensus tree:                LRAT.fasta.cdhit.mafft.trimal.UFB.contree
  Screen log file:               LRAT.fasta.cdhit.mafft.trimal.UFB.log

Date and Time: Fri Dec  9 11:15:40 2022
