IQ-TREE multicore version 2.0.6 for Linux 64-bit built May 30 2020
Developed by Bui Quang Minh, Nguyen Lam Tung, Olga Chernomor,
Heiko Schmidt, Dominik Schrempf, Michael Woodhams.

Host:    node004 (AVX2, FMA3, 125 GB RAM)
Command: iqtree2 -s rdgC.doublefiltered.fasta.annot.clean.mafft.trimal -m MFP -mset Blosum62,cpREV,Dayhoff,DCMut,FLU,HIVb,HIVw,JTT,JTTDCMut,LG,mtART,mtMAM,mtREV,mtZOA,mtMet,mtVer,mtInv,Poisson,PMB,rtREV,VT,WAG,GTR20 -mrate E,I,G,I+G,R -B 1000 --wbtl --bnni --alrt 1000 --abayes -T AUTO --prefix rdgC.doublefiltered.fasta.annot.clean.mafft.trimal.UFB
Seed:    639790 (Using SPRNG - Scalable Parallel Random Number Generator)
Time:    Tue Apr 13 17:59:53 2021
Kernel:  AVX+FMA - auto-detect threads (12 CPU cores detected)

Reading alignment file rdgC.doublefiltered.fasta.annot.clean.mafft.trimal ... Fasta format detected
Alignment most likely contains protein sequences
Alignment has 39 sequences with 689 columns, 650 distinct patterns
592 parsimony-informative, 37 singleton sites, 60 constant sites
                                                                                                                                      Gap/Ambiguity  Composition  p-value
   1  AmoebozoaEP00007CuneaspBSH02190019_4975145__PPP5_CAEEL_Serine/threonine-protein_phosphatase_5_OS_                                       4.35%    failed      4.38%
   2  ChoanoflagellataEP00035Acanthoecaspectabilis_10740346__PPE_CAEEL_Serine/threonine-protein_phosphatase_with_EF-hands_pef-1_OS_           7.55%    passed     25.67%
   3  ChoanoflagellataEP00037Helgoecanana_10783430__PPE_CAEEL_Serine/threonine-protein_phosphatase_with_EF-hands_pef-1_OS_                    8.56%    passed     17.16%
   4  ChoanoflagellataEP00039Didymoecacostata_10878667__PPE_CAEEL_Serine/threonine-protein_phosphatase_with_EF-hands_pef-1_OS_                7.26%    passed     97.15%
   5  ChoanoflagellataEP00047Mylnosigafluctuans_11117335__PPE1_RAT_Serine/threonine-protein_phosphatase_with_EF-hands_1_OS_                  10.60%    passed     10.27%
   6  CollodictyonidaeEP00002Diphylleiarotans_11642227__PPE1_RAT_Serine/threonine-protein_phosphatase_with_EF-hands_1_OS_                    13.50%    passed     84.63%
   7  MetazoaAnnelidaEP00103Capitellateleta_75582__PPE_CAEEL_Serine/threonine-protein_phosphatase_with_EF-hands_pef-1_OS_                    24.53%    passed     83.08%
   8  MetazoaArthropodaDrosophilamelanogaster_243596__RDGC_DROME_Serine/threonine-protein_phosphatase_rdgC_OS_                                8.71%    passed     34.91%
   9  MetazoaArthropodaStrigamiamaritima_1175110__PPE_CAEEL_Serine/threonine-protein_phosphatase_with_EF-hands_pef-1_OS_                     11.47%    passed     97.99%
  10  MetazoaBrachiopodaLingulaunguis_1284696__PPE_CAEEL_Serine/threonine-protein_phosphatase_with_EF-hands_pef-1_OS_                         3.34%    passed     99.73%
  11  MetazoaCnidariaAnthopleuraelegantissima_3002049__PPE_CAEEL_Serine/threonine-protein_phosphatase_with_EF-hands_pef-1_OS_                 5.66%    passed     99.91%
  12  MetazoaCnidariaAstreoporasp_3037640__PPE_CAEEL_Serine/threonine-protein_phosphatase_with_EF-hands_pef-1_OS_                             4.64%    passed     97.67%
  13  MetazoaCnidariaAureliaGenome_3063523__PPE_CAEEL_Serine/threonine-protein_phosphatase_with_EF-hands_pef-1_OS_                            5.81%    passed     99.66%
  14  MetazoaCnidariaClytiahemisphaerica_3092955__PPE_CAEEL_Serine/threonine-protein_phosphatase_with_EF-hands_pef-1_OS_                      5.52%    passed     80.68%
  15  MetazoaCnidariaMontastraeacavernosa_3340568__PPE_CAEEL_Serine/threonine-protein_phosphatase_with_EF-hands_pef-1_OS_                     4.93%    passed     96.84%
  16  MetazoaCnidariaNematostellavectensis_3376330__PPE_CAEEL_Serine/threonine-protein_phosphatase_with_EF-hands_pef-1_OS_                    3.05%    passed     98.31%
  17  MetazoaCnidariaPoritesaustraliensis_3548519__PPE_CAEEL_Serine/threonine-protein_phosphatase_with_EF-hands_pef-1_OS_                     4.79%    passed     99.04%
  18  MetazoaCnidariaStylophorapistillata_3681723__PPE_CAEEL_Serine/threonine-protein_phosphatase_with_EF-hands_pef-1_OS_                     5.66%    passed     98.15%
  19  MetazoaEchinodermataAcanthasterplanci_3789082__PPE_CAEEL_Serine/threonine-protein_phosphatase_with_EF-hands_pef-1_OS_                   4.06%    passed     80.37%
  20  MetazoaEchinodermataEP00057Strongylocentrotuspurpuratus_3828979__PPE1_HUMAN_Serine/threonine-protein_phosphatase_with_EF-hands_1_OS_   15.97%    passed     74.19%
  21  MetazoaHemichordataSaccoglossuskowalevskii_4055311__PPE_CAEEL_Serine/threonine-protein_phosphatase_with_EF-hands_pef-1_OS_              1.74%    passed     98.43%
  22  MetazoaMolluscaEP00106Octopusbimaculoides_4158995__RDGC_DROME_Serine/threonine-protein_phosphatase_rdgC_OS_                             7.98%    failed      4.82%
  23  MetazoaMolluscaLottiagigantea_4213922__PPE2_HUMAN_Serine/threonine-protein_phosphatase_with_EF-hands_2_OS_                              7.55%    passed     99.08%
  24  MetazoaNematodaCaenorhabditiselegans_4306959__PPE_CAEEL_Serine/threonine-protein_phosphatase_with_EF-hands_pef-1_OS_                    5.95%    passed     94.65%
  25  MetazoaNematodaLoaloa_4412747__PPE_CAEEL_Serine/threonine-protein_phosphatase_with_EF-hands_pef-1_OS_                                   7.40%    passed     99.33%
  26  MetazoaNematodaPristionchuspacificus_4422824__PPE_CAEEL_Serine/threonine-protein_phosphatase_with_EF-hands_pef-1_OS_                    6.82%    passed     99.81%
  27  MetazoaPlacozoaEP00114TrichoplaxspH2_4514986__PPE_CAEEL_Serine/threonine-protein_phosphatase_with_EF-hands_pef-1_OS_                    4.64%    passed     52.15%
  28  MetazoaPlacozoaHoilungiahongkongensis_4536601__PPE_CAEEL_Serine/threonine-protein_phosphatase_with_EF-hands_pef-1_OS_                  18.00%    passed     93.14%
  29  MetazoaPlacozoaHoilungiahongkongensis_4536603__PPE_CAEEL_Serine/threonine-protein_phosphatase_with_EF-hands_pef-1_OS_                  23.22%    passed     97.56%
  30  MetazoaPlacozoaHoilungiahongkongensis_4536605__PPE_CAEEL_Serine/threonine-protein_phosphatase_with_EF-hands_pef-1_OS_                   7.98%    passed     91.16%
  31  MetazoaPoriferaEP00118Oscarellapearsei_4813802__PPE_CAEEL_Serine/threonine-protein_phosphatase_with_EF-hands_pef-1_OS_                 11.76%    passed     46.35%
  32  MetazoaTardigradaRamazzotiusvarieornatus_5296017__PPE_CAEEL_Serine/threonine-protein_phosphatase_with_EF-hands_pef-1_OS_                8.13%    passed     70.56%
  33  MetazoaTardigradaRamazzotiusvarieornatus_5296973__PPE_CAEEL_Serine/threonine-protein_phosphatase_with_EF-hands_pef-1_OS_                8.13%    passed     70.56%
  34  MetazoaVertebrateDaniorerio_5411357__PPE2_HUMAN_Serine/threonine-protein_phosphatase_with_EF-hands_2_OS_                                9.29%    passed     66.16%
  35  MetazoaVertebrateDaniorerio_5417000__PPE2_HUMAN_Serine/threonine-protein_phosphatase_with_EF-hands_2_OS_                                6.68%    passed     57.78%
  36  MetazoaVertebrateHomosapiens_6452131__PPE1_HUMAN_Serine/threonine-protein_phosphatase_with_EF-hands_1_OS_                               9.00%    passed     95.64%
  37  MetazoaVertebrateHomosapiens_6452132__PPE2_HUMAN_Serine/threonine-protein_phosphatase_with_EF-hands_2_OS_                               4.64%    passed     80.69%
  38  MetazoaVertebrateMusmusculus_6531126__PPE2_MOUSE_Serine/threonine-protein_phosphatase_with_EF-hands_2_OS_                               4.64%    passed      8.09%
  39  MetazoaVertebrateMusmusculus_6531203__PPE1_MOUSE_Serine/threonine-protein_phosphatase_with_EF-hands_1_OS_                               8.85%    passed     80.61%
****  TOTAL                                                                                                                                   8.27%  2 sequences failed composition chi2 test (p-value<5%; df=19)
NOTE: MetazoaTardigradaRamazzotiusvarieornatus_5296973__PPE_CAEEL_Serine/threonine-protein_phosphatase_with_EF-hands_pef-1_OS_ is identical to MetazoaTardigradaRamazzotiusvarieornatus_5296017__PPE_CAEEL_Serine/threonine-protein_phosphatase_with_EF-hands_pef-1_OS_ but kept for subsequent analysis

Creating fast initial parsimony tree by random order stepwise addition...
0.132 seconds, parsimony score: 7363 (based on 629 sites)
Measuring multi-threading efficiency up to 12 CPU cores
Increase to 10 rounds for branch lengths
30 trees examined
Threads: 1 / Time: 12.291 sec / Speedup: 1.000 / Efficiency: 100% / LogL: -39585
Threads: 2 / Time: 6.449 sec / Speedup: 1.906 / Efficiency: 95% / LogL: -39585
Threads: 3 / Time: 4.502 sec / Speedup: 2.730 / Efficiency: 91% / LogL: -39585
Threads: 4 / Time: 3.580 sec / Speedup: 3.433 / Efficiency: 86% / LogL: -39585
Threads: 5 / Time: 3.015 sec / Speedup: 4.077 / Efficiency: 82% / LogL: -39585
Threads: 6 / Time: 2.632 sec / Speedup: 4.670 / Efficiency: 78% / LogL: -39585
Threads: 7 / Time: 2.348 sec / Speedup: 5.235 / Efficiency: 75% / LogL: -39585
Threads: 8 / Time: 2.150 sec / Speedup: 5.718 / Efficiency: 71% / LogL: -39585
Threads: 9 / Time: 2.011 sec / Speedup: 6.111 / Efficiency: 68% / LogL: -39585
Threads: 10 / Time: 1.900 sec / Speedup: 6.468 / Efficiency: 65% / LogL: -39585
Threads: 11 / Time: 1.803 sec / Speedup: 6.818 / Efficiency: 62% / LogL: -39585
Threads: 12 / Time: 1.731 sec / Speedup: 7.101 / Efficiency: 59% / LogL: -39585
BEST NUMBER OF THREADS: 11

Perform fast likelihood tree search using LG+I+G model...
Estimate model parameters (epsilon = 5.000)
Perform nearest neighbor interchange...
Estimate model parameters (epsilon = 1.000)
1. Initial log-likelihood: -33711.347
Optimal log-likelihood: -33711.285
Proportion of invariable sites: 0.074
Gamma shape alpha: 1.017
Parameters optimization took 1 rounds (0.019 sec)
Time for fast ML tree search: 0.252 seconds

NOTE: ModelFinder requires 43 MB RAM!
ModelFinder will test up to 598 protein models (sample size: 689) ...
 No. Model         -LnL         df  AIC          AICc         BIC
  1  Blosum62      35835.013    75  71820.025    71838.622    72160.168
  2  Blosum62+I    35271.547    76  70695.094    70714.218    71039.772
  3  Blosum62+G4   34241.618    76  68635.236    68654.360    68979.915
  4  Blosum62+I+G4 34201.147    77  68556.294    68575.954    68905.508
  5  Blosum62+R2   34535.804    77  69225.607    69245.267    69574.821
  6  Blosum62+R3   34253.652    79  68665.305    68686.060    69023.589
  7  Blosum62+R4   34206.403    81  68574.806    68596.691    68942.161
  8  Blosum62+R5   34195.332    83  68556.665    68579.713    68933.090
  9  Blosum62+R6   34193.573    85  68557.146    68581.392    68942.642
 14  Blosum62+F    35797.432    94  71782.865    71812.932    72209.178
 15  Blosum62+F+I  35213.457    95  70616.915    70647.674    71047.763
 16  Blosum62+F+G4 34174.180    95  68538.359    68569.118    68969.207
 17  Blosum62+F+I+G4 34134.204    96  68460.409    68491.868    68895.792
 18  Blosum62+F+R2 34480.372    96  69152.744    69184.204    69588.127
 19  Blosum62+F+R3 34190.879    98  68577.758    68610.647    69022.212
 20  Blosum62+F+R4 34139.309    100 68478.618    68512.972    68932.142
 21  Blosum62+F+R5 34128.074    102 68460.147    68496.004    68922.742
 22  Blosum62+F+R6 34124.991    104 68457.982    68495.380    68929.647
 27  cpREV         35861.841    75  71873.681    71892.278    72213.824
 28  cpREV+I       35280.397    76  70712.794    70731.918    71057.472
 29  cpREV+G4      34156.245    76  68464.490    68483.614    68809.168
 30  cpREV+I+G4    34114.122    77  68382.244    68401.904    68731.458
 31  cpREV+R2      34472.761    77  69099.521    69119.181    69448.735
 32  cpREV+R3      34199.338    79  68556.676    68577.431    68914.960
 33  cpREV+R4      34122.025    81  68406.049    68427.934    68773.404
 34  cpREV+R5      34103.653    83  68373.306    68396.353    68749.731
 35  cpREV+R6      34102.350    85  68374.699    68398.945    68760.195
 40  cpREV+F       35956.681    94  72101.362    72131.430    72527.675
 41  cpREV+F+I     35321.989    95  70833.979    70864.738    71264.827
 42  cpREV+F+G4    34116.398    95  68422.797    68453.556    68853.645
 43  cpREV+F+I+G4  34077.850    96  68347.699    68379.159    68783.082
 44  cpREV+F+R2    34477.159    96  69146.319    69177.778    69581.702
 45  cpREV+F+R3    34176.756    98  68549.511    68582.399    68993.965
 46  cpREV+F+R4    34090.093    100 68380.186    68414.539    68833.710
 47  cpREV+F+R5    34065.662    102 68335.323    68371.180    68797.918
 48  cpREV+F+R6    34061.895    104 68331.789    68369.186    68803.454
 53  Dayhoff       36378.921    75  72907.843    72926.440    73247.986
 54  Dayhoff+I     35626.263    76  71404.527    71423.651    71749.205
 55  Dayhoff+G4    34408.878    76  68969.756    68988.880    69314.434
 56  Dayhoff+I+G4  34351.211    77  68856.423    68876.082    69205.636
 57  Dayhoff+R2    34804.898    77  69763.795    69783.455    70113.009
 58  Dayhoff+R3    34438.189    79  69034.379    69055.134    69392.663
 59  Dayhoff+R4    34356.116    81  68874.231    68896.116    69241.586
 60  Dayhoff+R5    34324.840    83  68815.680    68838.728    69192.105
 61  Dayhoff+R6    34321.939    85  68813.879    68838.124    69199.374
 66  Dayhoff+F     36185.924    94  72559.847    72589.914    72986.160
 67  Dayhoff+F+I   35431.417    95  71052.834    71083.593    71483.682
 68  Dayhoff+F+G4  34169.878    95  68529.756    68560.515    68960.604
 69  Dayhoff+F+I+G4 34116.339    96  68424.677    68456.136    68860.060
 70  Dayhoff+F+R2  34587.111    96  69366.223    69397.682    69801.606
 71  Dayhoff+F+R3  34211.915    98  68619.830    68652.718    69064.283
 72  Dayhoff+F+R4  34132.340    100 68464.679    68499.033    68918.203
 73  Dayhoff+F+R5  34092.957    102 68389.915    68425.771    68852.509
 74  Dayhoff+F+R6  34085.099    104 68378.197    68415.594    68849.862
 75  Dayhoff+F+R7  34085.239    106 68382.477    68421.453    68863.213
 79  DCMut         36376.782    75  72903.564    72922.161    73243.707
 80  DCMut+I       35624.968    76  71401.936    71421.060    71746.615
 81  DCMut+G4      34411.351    76  68974.703    68993.827    69319.381
 82  DCMut+I+G4    34353.603    77  68861.206    68880.866    69210.420
 83  DCMut+R2      34806.017    77  69766.034    69785.693    70115.247
 84  DCMut+R3      34440.452    79  69038.904    69059.660    69397.188
 85  DCMut+R4      34358.510    81  68879.020    68900.905    69246.375
 86  DCMut+R5      34327.087    83  68820.174    68843.222    69196.599
 87  DCMut+R6      34324.258    85  68818.515    68842.761    69204.011
 92  DCMut+F       36183.471    94  72554.942    72585.009    72981.254
 93  DCMut+F+I     35430.036    95  71050.071    71080.830    71480.919
 94  DCMut+F+G4    34172.188    95  68534.377    68565.135    68965.225
 95  DCMut+F+I+G4  34118.641    96  68429.282    68460.742    68864.666
 96  DCMut+F+R2    34588.028    96  69368.057    69399.516    69803.440
 97  DCMut+F+R3    34214.040    98  68624.080    68656.968    69068.533
 98  DCMut+F+R4    34134.601    100 68469.201    68503.555    68922.725
 99  DCMut+F+R5    34095.156    102 68394.312    68430.169    68856.907
100  DCMut+F+R6    34087.347    104 68382.694    68420.091    68854.359
101  DCMut+F+R7    34087.553    106 68387.106    68426.082    68867.841
105  FLU           36730.600    75  73611.200    73629.797    73951.343
106  FLU+I         36011.385    76  72174.769    72193.894    72519.448
107  FLU+G4        34495.079    76  69142.157    69161.281    69486.836
108  FLU+I+G4      34460.393    77  69074.786    69094.445    69423.999
109  FLU+R2        34948.589    77  70051.179    70070.838    70400.392
110  FLU+R3        34597.731    79  69353.462    69374.217    69711.746
111  FLU+R4        34498.363    81  69158.726    69180.611    69526.081
112  FLU+R5        34453.331    83  69072.662    69095.710    69449.087
113  FLU+R6        34444.207    85  69058.414    69082.659    69443.909
114  FLU+R7        34441.552    87  69057.103    69082.581    69451.669
118  FLU+F         36663.321    94  73514.642    73544.710    73940.955
119  FLU+F+I       35935.739    95  72061.479    72092.238    72492.327
120  FLU+F+G4      34360.879    95  68911.757    68942.516    69342.605
121  FLU+F+I+G4    34326.719    96  68845.438    68876.897    69280.821
122  FLU+F+R2      34814.602    96  69821.204    69852.663    70256.587
123  FLU+F+R3      34468.252    98  69132.504    69165.393    69576.958
124  FLU+F+R4      34367.793    100 68935.586    68969.940    69389.110
125  FLU+F+R5      34321.899    102 68847.799    68883.655    69310.393
126  FLU+F+R6      34313.297    104 68834.593    68871.991    69306.259
127  FLU+F+R7      34310.302    106 68832.604    68871.580    69313.340
131  HIVb          36918.546    75  73987.093    74005.690    74327.236
132  HIVb+I        36076.145    76  72304.290    72323.414    72648.969
133  HIVb+G4       34574.193    76  69300.385    69319.510    69645.064
134  HIVb+I+G4     34524.722    77  69203.444    69223.104    69552.658
135  HIVb+R2       35080.630    77  70315.259    70334.919    70664.473
136  HIVb+R3       34670.874    79  69499.748    69520.503    69858.032
137  HIVb+R4       34561.173    81  69284.345    69306.230    69651.700
138  HIVb+R5       34522.953    83  69211.907    69234.955    69588.332
139  HIVb+R6       34512.768    85  69195.536    69219.781    69581.031
140  HIVb+R7       34509.790    87  69193.579    69219.057    69588.145
144  HIVb+F        36897.305    94  73982.610    74012.677    74408.922
145  HIVb+F+I      36019.042    95  72228.083    72258.842    72658.931
146  HIVb+F+G4     34423.151    95  69036.301    69067.060    69467.149
147  HIVb+F+I+G4   34371.368    96  68934.737    68966.196    69370.120
148  HIVb+F+R2     34971.116    96  70134.233    70165.692    70569.616
149  HIVb+F+R3     34528.833    98  69253.666    69286.554    69698.120
150  HIVb+F+R4     34421.408    100 69042.815    69077.169    69496.339
151  HIVb+F+R5     34395.066    102 68994.131    69029.988    69456.726
152  HIVb+F+R6     34357.878    104 68923.756    68961.153    69395.421
153  HIVb+F+R7     34355.232    106 68922.465    68961.441    69403.200
157  HIVw          38289.567    75  76729.134    76747.731    77069.277
158  HIVw+I        37420.341    76  74992.682    75011.806    75337.360
159  HIVw+G4       35867.596    76  71887.192    71906.316    72231.871
160  HIVw+I+G4     35817.667    77  71789.335    71808.994    72138.548
161  HIVw+R2       36401.609    77  72957.219    72976.878    73306.432
162  HIVw+R3       35993.011    79  72144.021    72164.776    72502.305
163  HIVw+R4       35879.969    81  71921.938    71943.823    72289.293
164  HIVw+R5       35838.400    83  71842.799    71865.847    72219.224
165  HIVw+R6       35807.430    85  71784.860    71809.105    72170.355
166  HIVw+R7       35795.065    87  71764.130    71789.607    72158.696
167  HIVw+R8       35792.525    89  71763.049    71789.794    72166.686
170  HIVw+F        37747.215    94  75682.430    75712.498    76108.743
171  HIVw+F+I      36824.051    95  73838.102    73868.861    74268.950
172  HIVw+F+G4     35278.351    95  70746.702    70777.461    71177.550
173  HIVw+F+I+G4   35222.158    96  70636.315    70667.774    71071.698
174  HIVw+F+R2     35791.705    96  71775.410    71806.870    72210.793
175  HIVw+F+R3     35396.831    98  70989.662    71022.550    71434.115
176  HIVw+F+R4     35288.557    100 70777.115    70811.468    71230.639
177  HIVw+F+R5     35253.947    102 70711.893    70747.750    71174.488
178  HIVw+F+R6     35205.264    104 70618.528    70655.925    71090.193
179  HIVw+F+R7     35200.964    106 70613.929    70652.905    71094.664
183  JTT           36065.389    75  72280.778    72299.375    72620.921
184  JTT+I         35335.494    76  70822.988    70842.112    71167.667
185  JTT+G4        34113.721    76  68379.441    68398.565    68724.119
186  JTT+I+G4      34059.152    77  68272.304    68291.963    68621.517
187  JTT+R2        34522.386    77  69198.771    69218.431    69547.985
188  JTT+R3        34152.642    79  68463.284    68484.039    68821.568
189  JTT+R4        34082.005    81  68326.010    68347.895    68693.365
190  JTT+R5        34050.542    83  68267.083    68290.131    68643.508
191  JTT+R6        34046.258    85  68262.515    68286.761    68648.011
196  JTT+F         35978.720    94  72145.441    72175.508    72571.753
197  JTT+F+I       35237.590    95  70665.180    70695.939    71096.028
198  JTT+F+G4      34003.030    95  68196.061    68226.819    68626.908
199  JTT+F+I+G4    33949.661    96  68091.323    68122.782    68526.706
200  JTT+F+R2      34412.695    96  69017.390    69048.849    69452.773
201  JTT+F+R3      34044.134    98  68284.268    68317.156    68728.721
202  JTT+F+R4      33977.872    100 68155.744    68190.098    68609.268
203  JTT+F+R5      33940.930    102 68085.859    68121.716    68548.454
204  JTT+F+R6      33935.815    104 68079.631    68117.028    68551.296
209  JTTDCMut      36058.796    75  72267.591    72286.188    72607.734
210  JTTDCMut+I    35331.878    76  70815.755    70834.880    71160.434
211  JTTDCMut+G4   34111.742    76  68375.484    68394.608    68720.162
212  JTTDCMut+I+G4 34057.505    77  68269.011    68288.671    68618.225
213  JTTDCMut+R2   34520.632    77  69195.264    69214.924    69544.478
214  JTTDCMut+R3   34149.835    79  68457.669    68478.425    68815.953
215  JTTDCMut+R4   34080.208    81  68322.417    68344.301    68689.771
216  JTTDCMut+R5   34048.883    83  68263.766    68286.814    68640.191
217  JTTDCMut+R6   34044.716    85  68259.431    68283.676    68644.927
222  JTTDCMut+F    35975.407    94  72138.815    72168.882    72565.128
223  JTTDCMut+F+I  35237.072    95  70664.144    70694.903    71094.992
224  JTTDCMut+F+G4 34001.204    95  68192.408    68223.167    68623.256
225  JTTDCMut+F+I+G4 33948.336    96  68088.672    68120.132    68524.056
226  JTTDCMut+F+R2 34412.018    96  69016.036    69047.495    69451.419
227  JTTDCMut+F+R3 34042.060    98  68280.120    68313.008    68724.574
228  JTTDCMut+F+R4 33976.813    100 68153.625    68187.979    68607.149
229  JTTDCMut+F+R5 33939.750    102 68083.499    68119.356    68546.094
230  JTTDCMut+F+R6 33934.402    104 68076.803    68114.201    68548.468
235  LG            35718.775    75  71587.551    71606.148    71927.694
236  LG+I          35063.609    76  70279.217    70298.341    70623.896
237  LG+G4         33756.259    76  67664.517    67683.642    68009.196
238  LG+I+G4       33711.327    77  67576.653    67596.313    67925.867
239  LG+R2         34186.051    77  68526.103    68545.763    68875.317
240  LG+R3         33801.989    79  67761.978    67782.733    68120.262
241  LG+R4         33734.941    81  67631.883    67653.767    67999.237
242  LG+R5         33710.254    83  67586.509    67609.557    67962.934
243  LG+R6         33705.212    85  67580.425    67604.670    67965.920
248  LG+F          35703.058    94  71594.116    71624.184    72020.429
249  LG+F+I        35035.891    95  70261.782    70292.541    70692.630
250  LG+F+G4       33719.037    95  67628.074    67658.833    68058.922
251  LG+F+I+G4     33675.344    96  67542.688    67574.147    67978.071
252  LG+F+R2       34157.895    96  68507.791    68539.250    68943.174
253  LG+F+R3       33766.509    98  67729.018    67761.906    68173.472
254  LG+F+R4       33702.466    100 67604.933    67639.286    68058.457
255  LG+F+R5       33671.481    102 67546.962    67582.818    68009.556
256  LG+F+R6       33666.501    104 67541.002    67578.399    68012.667
261  mtART         38913.722    75  77977.444    77996.041    78317.587
262  mtART+I       38349.359    76  76850.717    76869.841    77195.395
263  mtART+G4      35681.086    76  71514.172    71533.296    71858.851
264  mtART+I+G4    35668.237    77  71490.473    71510.133    71839.687
265  mtART+R2      36186.681    77  72527.361    72547.021    72876.575
266  mtART+R3      35790.148    79  71738.295    71759.051    72096.579
267  mtART+R4      35705.104    81  71572.208    71594.093    71939.563
268  mtART+R5      35631.153    83  71428.307    71451.355    71804.732
269  mtART+R6      35628.193    85  71426.385    71450.631    71811.881
274  mtART+F       37043.580    94  74275.160    74305.227    74701.473
275  mtART+F+I     36418.349    95  73026.698    73057.457    73457.546
276  mtART+F+G4    34372.203    95  68934.407    68965.165    69365.254
277  mtART+F+I+G4  34344.460    96  68880.921    68912.380    69316.304
278  mtART+F+R2    34948.262    96  70088.524    70119.984    70523.908
279  mtART+F+R3    34495.204    98  69186.409    69219.297    69630.862
280  mtART+F+R4    34402.969    100 69005.938    69040.292    69459.462
281  mtART+F+R5    34335.895    102 68875.789    68911.646    69338.384
282  mtART+F+R6    34328.446    104 68864.891    68902.288    69336.556
283  mtART+F+R7    34324.677    106 68861.353    68900.329    69342.089
287  mtMAM         39598.018    75  79346.036    79364.633    79686.179
288  mtMAM+I       38903.380    76  77958.761    77977.885    78303.439
289  mtMAM+G4      36116.650    76  72385.300    72404.425    72729.979
290  mtMAM+I+G4    36073.318    77  72300.637    72320.297    72649.851
291  mtMAM+R2      36734.886    77  73623.772    73643.431    73972.985
292  mtMAM+R3      36264.725    79  72687.451    72708.206    73045.735
293  mtMAM+R4      36141.042    81  72444.084    72465.968    72811.438
294  mtMAM+R5      36100.383    83  72366.767    72389.814    72743.192
295  mtMAM+R6      36075.897    85  72321.795    72346.040    72707.290
296  mtMAM+R7      36062.497    87  72298.994    72324.472    72693.560
297  mtMAM+R8      36058.070    89  72294.141    72320.885    72697.777
300  mtMAM+F       37738.870    94  75665.740    75695.807    76092.052
301  mtMAM+F+I     36973.854    95  74137.709    74168.467    74568.557
302  mtMAM+F+G4    34872.308    95  69934.615    69965.374    70365.463
303  mtMAM+F+I+G4  34830.949    96  69853.899    69885.358    70289.282
304  mtMAM+F+R2    35517.009    96  71226.018    71257.477    71661.401
305  mtMAM+F+R3    35020.376    98  70236.753    70269.641    70681.206
306  mtMAM+F+R4    34918.334    100 70036.669    70071.022    70490.193
307  mtMAM+F+R5    34858.589    102 69921.178    69957.035    70383.773
308  mtMAM+F+R6    34823.977    104 69855.954    69893.351    70327.619
309  mtMAM+F+R7    34818.716    106 69849.432    69888.408    70330.168
313  mtREV         38021.102    75  76192.205    76210.802    76532.348
314  mtREV+I       37451.994    76  75055.987    75075.112    75400.666
315  mtREV+G4      35674.508    76  71501.017    71520.141    71845.695
316  mtREV+I+G4    35644.455    77  71442.910    71462.569    71792.123
317  mtREV+R2      36101.077    77  72356.154    72375.813    72705.367
318  mtREV+R3      35736.688    79  71631.376    71652.132    71989.660
319  mtREV+R4      35675.644    81  71513.288    71535.173    71880.643
320  mtREV+R5      35626.869    83  71419.737    71442.785    71796.162
321  mtREV+R6      35623.992    85  71417.983    71442.229    71803.479
326  mtREV+F       36507.167    94  73202.333    73232.401    73628.646
327  mtREV+F+I     35852.164    95  71894.327    71925.086    72325.175
328  mtREV+F+G4    34397.747    95  68985.494    69016.253    69416.342
329  mtREV+F+I+G4  34359.589    96  68911.178    68942.637    69346.561
330  mtREV+F+R2    34885.105    96  69962.210    69993.669    70397.593
331  mtREV+F+R3    34479.316    98  69154.631    69187.519    69599.085
332  mtREV+F+R4    34388.535    100 68977.070    69011.424    69430.595
333  mtREV+F+R5    34353.456    102 68910.912    68946.769    69373.507
334  mtREV+F+R6    34341.593    104 68891.187    68928.584    69362.852
335  mtREV+F+R7    34340.726    106 68893.452    68932.428    69374.188
339  mtZOA         37922.341    75  75994.682    76013.279    76334.825
340  mtZOA+I       37350.839    76  74853.678    74872.802    75198.356
341  mtZOA+G4      35070.149    76  70292.297    70311.421    70636.976
342  mtZOA+I+G4    35055.547    77  70265.094    70284.754    70614.308
343  mtZOA+R2      35530.847    77  71215.693    71235.353    71564.907
344  mtZOA+R3      35153.377    79  70464.755    70485.510    70823.039
345  mtZOA+R4      35084.705    81  70331.411    70353.296    70698.765
346  mtZOA+R5      35036.694    83  70239.389    70262.437    70615.814
347  mtZOA+R6      35032.860    85  70235.720    70259.965    70621.215
352  mtZOA+F       36505.747    94  73199.494    73229.561    73625.806
353  mtZOA+F+I     35856.839    95  71903.678    71934.437    72334.526
354  mtZOA+F+G4    34103.390    95  68396.780    68427.539    68827.628
355  mtZOA+F+I+G4  34067.457    96  68326.913    68358.373    68762.296
356  mtZOA+F+R2    34640.832    96  69473.664    69505.124    69909.048
357  mtZOA+F+R3    34207.909    98  68611.818    68644.706    69056.272
358  mtZOA+F+R4    34117.078    100 68434.156    68468.509    68887.680
359  mtZOA+F+R5    34063.102    102 68330.204    68366.060    68792.798
360  mtZOA+F+R6    34053.144    104 68314.289    68351.686    68785.954
361  mtZOA+F+R7    34050.727    106 68313.454    68352.430    68794.190
365  mtMet         38161.445    75  76472.890    76491.487    76813.033
366  mtMet+I       37548.672    76  75249.343    75268.467    75594.021
367  mtMet+G4      35435.445    76  71022.890    71042.014    71367.568
368  mtMet+I+G4    35415.533    77  70985.066    71004.726    71334.280
369  mtMet+R2      35896.058    77  71946.115    71965.775    72295.329
370  mtMet+R3      35514.347    79  71186.693    71207.449    71544.977
371  mtMet+R4      35443.939    81  71049.878    71071.762    71417.232
372  mtMet+R5      35404.724    83  70975.448    70998.496    71351.873
373  mtMet+R6      35401.894    85  70973.787    70998.033    71359.283
378  mtMet+F       36583.978    94  73355.956    73386.023    73782.269
379  mtMet+F+I     35882.856    95  71955.712    71986.471    72386.560
380  mtMet+F+G4    34247.269    95  68684.539    68715.297    69115.386
381  mtMet+F+I+G4  34206.459    96  68604.918    68636.377    69040.301
382  mtMet+F+R2    34764.574    96  69721.149    69752.608    70156.532
383  mtMet+F+R3    34332.158    98  68860.315    68893.203    69304.769
384  mtMet+F+R4    34249.884    100 68699.768    68734.122    69153.292
385  mtMet+F+R5    34200.399    102 68604.799    68640.655    69067.393
386  mtMet+F+R6    34191.647    104 68591.294    68628.691    69062.959
387  mtMet+F+R7    34190.242    106 68592.485    68631.460    69073.220
391  mtVer         38892.822    75  77935.645    77954.242    78275.788
392  mtVer+I       38173.452    76  76498.903    76518.027    76843.582
393  mtVer+G4      35819.274    76  71790.548    71809.672    72135.227
394  mtVer+I+G4    35785.425    77  71724.851    71744.511    72074.065
395  mtVer+R2      36373.820    77  72901.640    72921.300    73250.854
396  mtVer+R3      35924.522    79  72007.045    72027.800    72365.329
397  mtVer+R4      35837.184    81  71836.368    71858.253    72203.723
398  mtVer+R5      35802.091    83  71770.182    71793.230    72146.607
399  mtVer+R6      35790.330    85  71750.660    71774.905    72136.155
400  mtVer+R7      35783.821    87  71741.642    71767.120    72136.208
404  mtVer+F       37438.941    94  75065.881    75095.949    75492.194
405  mtVer+F+I     36592.710    95  73375.420    73406.179    73806.268
406  mtVer+F+G4    34706.256    95  69602.512    69633.271    70033.360
407  mtVer+F+I+G4  34652.914    96  69497.829    69529.288    69933.212
408  mtVer+F+R2    35333.088    96  70858.177    70889.636    71293.560
409  mtVer+F+R3    34830.551    98  69857.101    69889.990    70301.555
410  mtVer+F+R4    34734.190    100 69668.379    69702.733    70121.904
411  mtVer+F+R5    34655.001    102 69514.002    69549.859    69976.597
412  mtVer+F+R6    34644.801    104 69497.602    69534.999    69969.267
413  mtVer+F+R7    34640.030    106 69492.061    69531.037    69972.797
417  mtInv         38093.484    75  76336.968    76355.565    76677.111
418  mtInv+I       37501.352    76  75154.704    75173.828    75499.382
419  mtInv+G4      35595.576    76  71343.152    71362.276    71687.830
420  mtInv+I+G4    35573.712    77  71301.423    71321.083    71650.637
421  mtInv+R2      36018.181    77  72190.363    72210.022    72539.576
422  mtInv+R3      35657.719    79  71473.437    71494.193    71831.721
423  mtInv+R4      35595.264    81  71352.529    71374.414    71719.884
424  mtInv+R5      35561.607    83  71289.214    71312.262    71665.639
425  mtInv+R6      35556.937    85  71283.874    71308.119    71669.369
430  mtInv+F       36231.799    94  72651.599    72681.666    73077.911
431  mtInv+F+I     35549.634    95  71289.268    71320.027    71720.116
432  mtInv+F+G4    34087.115    95  68364.230    68394.989    68795.078
433  mtInv+F+I+G4  34042.248    96  68276.496    68307.955    68711.879
434  mtInv+F+R2    34566.271    96  69324.542    69356.002    69759.925
435  mtInv+F+R3    34149.319    98  68494.639    68527.527    68939.092
436  mtInv+F+R4    34076.126    100 68352.252    68386.605    68805.776
437  mtInv+F+R5    34039.073    102 68282.146    68318.003    68744.741
438  mtInv+F+R6    34028.039    104 68264.077    68301.474    68735.742
439  mtInv+F+R7    34027.993    106 68267.986    68306.962    68748.722
443  Poisson       39455.621    75  79061.241    79079.838    79401.384
444  Poisson+I     38756.051    76  77664.103    77683.227    78008.781
445  Poisson+G4    37743.310    76  75638.619    75657.744    75983.298
446  Poisson+I+G4  37686.224    77  75526.449    75546.109    75875.663
447  Poisson+R2    38005.165    77  76164.330    76183.989    76513.543
448  Poisson+R3    37747.311    79  75652.622    75673.377    76010.906
449  Poisson+R4    37693.447    81  75548.894    75570.779    75916.248
450  Poisson+R5    37675.298    83  75516.597    75539.645    75893.022
451  Poisson+R6    37675.334    85  75520.668    75544.914    75906.164
456  Poisson+F     38663.680    94  77515.360    77545.428    77941.673
457  Poisson+F+I   37948.565    95  76087.129    76117.888    76517.977
458  Poisson+F+G4  36882.693    95  73955.387    73986.146    74386.235
459  Poisson+F+I+G4 36829.130    96  73850.261    73881.720    74285.644
460  Poisson+F+R2  37172.893    96  74537.786    74569.245    74973.169
461  Poisson+F+R3  36898.498    98  73992.996    74025.884    74437.450
462  Poisson+F+R4  36844.030    100 73888.060    73922.414    74341.585
463  Poisson+F+R5  36821.916    102 73847.832    73883.688    74310.426
464  Poisson+F+R6  36820.382    104 73848.764    73886.162    74320.429
469  PMB           35910.272    75  71970.544    71989.141    72310.687
470  PMB+I         35334.570    76  70821.140    70840.264    71165.818
471  PMB+G4        34312.424    76  68776.848    68795.972    69121.526
472  PMB+I+G4      34269.290    77  68692.581    68712.240    69041.794
473  PMB+R2        34594.507    77  69343.014    69362.674    69692.228
474  PMB+R3        34321.783    79  68801.566    68822.322    69159.850
475  PMB+R4        34272.929    81  68707.859    68729.744    69075.213
476  PMB+R5        34263.684    83  68693.367    68716.415    69069.793
477  PMB+R6        34263.564    85  68697.129    68721.374    69082.624
482  PMB+F         35862.217    94  71912.435    71942.502    72338.747
483  PMB+F+I       35268.815    95  70727.630    70758.388    71158.478
484  PMB+F+G4      34221.815    95  68633.631    68664.390    69064.479
485  PMB+F+I+G4    34180.109    96  68552.218    68583.678    68987.601
486  PMB+F+R2      34520.788    96  69233.577    69265.036    69668.960
487  PMB+F+R3      34240.643    98  68677.286    68710.174    69121.739
488  PMB+F+R4      34184.868    100 68569.737    68604.090    69023.261
489  PMB+F+R5      34174.915    102 68553.830    68589.686    69016.424
490  PMB+F+R6      34172.608    104 68553.215    68590.612    69024.880
495  rtREV         35968.000    75  72085.999    72104.596    72426.142
496  rtREV+I       35346.560    76  70845.119    70864.243    71189.798
497  rtREV+G4      34115.740    76  68383.480    68402.605    68728.159
498  rtREV+I+G4    34071.921    77  68297.842    68317.502    68647.056
499  rtREV+R2      34510.969    77  69175.939    69195.598    69525.152
500  rtREV+R3      34146.716    79  68451.433    68472.188    68809.717
501  rtREV+R4      34092.498    81  68346.996    68368.881    68714.351
502  rtREV+R5      34076.284    83  68318.568    68341.615    68694.993
503  rtREV+R6      34072.078    85  68314.155    68338.401    68699.651
508  rtREV+F       35764.498    94  71716.995    71747.063    72143.308
509  rtREV+F+I     35132.614    95  70455.227    70485.986    70886.075
510  rtREV+F+G4    33857.985    95  67905.969    67936.728    68336.817
511  rtREV+F+I+G4  33816.944    96  67825.889    67857.348    68261.272
512  rtREV+F+R2    34267.301    96  68726.602    68758.061    69161.985
513  rtREV+F+R3    33894.287    98  67984.573    68017.461    68429.027
514  rtREV+F+R4    33838.258    100 67876.515    67910.869    68330.040
515  rtREV+F+R5    33816.105    102 67836.210    67872.067    68298.805
516  rtREV+F+R6    33809.197    104 67826.395    67863.792    68298.060
517  rtREV+F+R7    33809.212    106 67830.425    67869.401    68311.160
521  VT            35728.101    75  71606.201    71624.798    71946.344
522  VT+I          35090.987    76  70333.973    70353.097    70678.651
523  VT+G4         34068.170    76  68288.339    68307.463    68633.017
524  VT+I+G4       34017.440    77  68188.880    68208.540    68538.094
525  VT+R2         34385.332    77  68924.665    68944.324    69273.878
526  VT+R3         34080.213    79  68318.425    68339.181    68676.709
527  VT+R4         34027.627    81  68217.254    68239.139    68584.609
528  VT+R5         34010.045    83  68186.090    68209.137    68562.515
529  VT+R6         34009.708    85  68189.416    68213.661    68574.911
534  VT+F          35686.140    94  71560.280    71590.348    71986.593
535  VT+F+I        35044.115    95  70278.230    70308.989    70709.078
536  VT+F+G4       34011.273    95  68212.545    68243.304    68643.393
537  VT+F+I+G4     33961.828    96  68115.656    68147.116    68551.039
538  VT+F+R2       34328.443    96  68848.885    68880.345    69284.268
539  VT+F+R3       34025.951    98  68247.902    68280.791    68692.356
540  VT+F+R4       33972.444    100 68144.888    68179.242    68598.412
541  VT+F+R5       33954.566    102 68113.132    68148.989    68575.726
542  VT+F+R6       33952.484    104 68112.967    68150.365    68584.632
547  WAG           35746.157    75  71642.313    71660.910    71982.456
548  WAG+I         35103.812    76  70359.624    70378.748    70704.303
549  WAG+G4        34044.436    76  68240.872    68259.996    68585.550
550  WAG+I+G4      33996.069    77  68146.138    68165.797    68495.351
551  WAG+R2        34371.571    77  68897.141    68916.801    69246.355
552  WAG+R3        34065.116    79  68288.231    68308.987    68646.515
553  WAG+R4        33999.223    81  68160.447    68182.331    68527.801
554  WAG+R5        33983.652    83  68133.305    68156.353    68509.730
555  WAG+R6        33983.644    85  68137.288    68161.534    68522.784
560  WAG+F         35682.874    94  71553.748    71583.816    71980.061
561  WAG+F+I       35035.392    95  70260.783    70291.542    70691.631
562  WAG+F+G4      33927.026    95  68044.051    68074.810    68474.899
563  WAG+F+I+G4    33882.658    96  67957.316    67988.775    68392.699
564  WAG+F+R2      34271.399    96  68734.798    68766.258    69170.182
565  WAG+F+R3      33960.161    98  68116.322    68149.210    68560.775
566  WAG+F+R4      33889.515    100 67979.030    68013.384    68432.554
567  WAG+F+R5      33874.139    102 67952.279    67988.136    68414.874
568  WAG+F+R6      33868.504    104 67945.008    67982.405    68416.673
WARNING: GTR20 model will estimate 189 substitution rates that might be overfitting!
WARNING: Please only use GTR20 with very large data and always test for model fit!
573  GTR20+F       35310.827    283 71187.654    71584.552    72471.127
WARNING: GTR20 model will estimate 189 substitution rates that might be overfitting!
WARNING: Please only use GTR20 with very large data and always test for model fit!
574  GTR20+F+I     34739.529    284 70047.058    70447.751    71335.066
WARNING: GTR20 model will estimate 189 substitution rates that might be overfitting!
WARNING: Please only use GTR20 with very large data and always test for model fit!
575  GTR20+F+G4    33547.217    284 67662.434    68063.128    68950.443
WARNING: GTR20 model will estimate 189 substitution rates that might be overfitting!
WARNING: Please only use GTR20 with very large data and always test for model fit!
576  GTR20+F+I+G4  33518.356    285 67606.712    68011.228    68899.255
WARNING: GTR20 model will estimate 189 substitution rates that might be overfitting!
WARNING: Please only use GTR20 with very large data and always test for model fit!
577  GTR20+F+R2    33948.012    285 68466.024    68870.540    69758.568
WARNING: GTR20 model will estimate 189 substitution rates that might be overfitting!
WARNING: Please only use GTR20 with very large data and always test for model fit!
578  GTR20+F+R3    33602.204    287 67778.408    68190.658    69080.023
WARNING: GTR20 model will estimate 189 substitution rates that might be overfitting!
WARNING: Please only use GTR20 with very large data and always test for model fit!
579  GTR20+F+R4    33537.921    289 67653.843    68073.943    68964.527
WARNING: GTR20 model will estimate 189 substitution rates that might be overfitting!
WARNING: Please only use GTR20 with very large data and always test for model fit!
580  GTR20+F+R5    33499.480    291 67580.960    68009.031    68900.716
WARNING: GTR20 model will estimate 189 substitution rates that might be overfitting!
WARNING: Please only use GTR20 with very large data and always test for model fit!
581  GTR20+F+R6    33492.251    293 67570.501    68006.663    68899.327
WARNING: GTR20 model will estimate 189 substitution rates that might be overfitting!
WARNING: Please only use GTR20 with very large data and always test for model fit!
582  GTR20+F+R7    33491.865    295 67573.730    68018.106    68911.626
WARNING: GTR20 model will estimate 189 substitution rates that might be overfitting!
WARNING: Please only use GTR20 with very large data and always test for model fit!
586  GTR20+F       35310.827    283 71187.654    71584.552    72471.127
WARNING: GTR20 model will estimate 189 substitution rates that might be overfitting!
WARNING: Please only use GTR20 with very large data and always test for model fit!
587  GTR20+F+I     34739.529    284 70047.058    70447.751    71335.066
WARNING: GTR20 model will estimate 189 substitution rates that might be overfitting!
WARNING: Please only use GTR20 with very large data and always test for model fit!
588  GTR20+F+G4    33547.217    284 67662.434    68063.128    68950.443
WARNING: GTR20 model will estimate 189 substitution rates that might be overfitting!
WARNING: Please only use GTR20 with very large data and always test for model fit!
589  GTR20+F+I+G4  33518.356    285 67606.712    68011.228    68899.255
WARNING: GTR20 model will estimate 189 substitution rates that might be overfitting!
WARNING: Please only use GTR20 with very large data and always test for model fit!
590  GTR20+F+R2    33948.012    285 68466.024    68870.540    69758.568
WARNING: GTR20 model will estimate 189 substitution rates that might be overfitting!
WARNING: Please only use GTR20 with very large data and always test for model fit!
591  GTR20+F+R3    33602.204    287 67778.408    68190.658    69080.023
WARNING: GTR20 model will estimate 189 substitution rates that might be overfitting!
WARNING: Please only use GTR20 with very large data and always test for model fit!
592  GTR20+F+R4    33537.921    289 67653.843    68073.943    68964.527
WARNING: GTR20 model will estimate 189 substitution rates that might be overfitting!
WARNING: Please only use GTR20 with very large data and always test for model fit!
593  GTR20+F+R5    33499.480    291 67580.960    68009.031    68900.716
WARNING: GTR20 model will estimate 189 substitution rates that might be overfitting!
WARNING: Please only use GTR20 with very large data and always test for model fit!
594  GTR20+F+R6    33492.251    293 67570.501    68006.663    68899.327
WARNING: GTR20 model will estimate 189 substitution rates that might be overfitting!
WARNING: Please only use GTR20 with very large data and always test for model fit!
595  GTR20+F+R7    33491.865    295 67573.730    68018.106    68911.626
Akaike Information Criterion:           LG+F+R6
Corrected Akaike Information Criterion: LG+F+I+G4
Bayesian Information Criterion:         LG+I+G4
Best-fit model: LG+I+G4 chosen according to BIC

All model information printed to rdgC.doublefiltered.fasta.annot.clean.mafft.trimal.UFB.model.gz
CPU time for ModelFinder: 11975.535 seconds (3h:19m:35s)
Wall-clock time for ModelFinder: 1124.091 seconds (0h:18m:44s)
Generating 1000 samples for ultrafast bootstrap (seed: 639790)...

NOTE: 18 MB RAM (0 GB) is required!
Estimate model parameters (epsilon = 0.100)
Thoroughly optimizing +I+G parameters from 10 start values...
Init pinv, alpha: 0.000, 1.025 / Estimate: 0.000, 0.749 / LogL: -33756.252
Init pinv, alpha: 0.010, 1.025 / Estimate: 0.074, 1.015 / LogL: -33711.289
Init pinv, alpha: 0.019, 1.025 / Estimate: 0.074, 1.016 / LogL: -33711.287
Init pinv, alpha: 0.029, 1.025 / Estimate: 0.074, 1.017 / LogL: -33711.285
Init pinv, alpha: 0.039, 1.025 / Estimate: 0.074, 1.017 / LogL: -33711.285
Init pinv, alpha: 0.048, 1.025 / Estimate: 0.074, 1.018 / LogL: -33711.286
Init pinv, alpha: 0.058, 1.025 / Estimate: 0.074, 1.021 / LogL: -33711.289
Init pinv, alpha: 0.068, 1.025 / Estimate: 0.074, 1.020 / LogL: -33711.293
Init pinv, alpha: 0.077, 1.025 / Estimate: 0.075, 1.022 / LogL: -33711.289
Init pinv, alpha: 0.087, 1.025 / Estimate: 0.075, 1.019 / LogL: -33711.285
Optimal pinv,alpha: 0.074, 1.017 / LogL: -33711.285

Parameters optimization took 0.779 sec
Computing ML distances based on estimated model parameters... 0.278 sec
Computing BIONJ tree...
0.004 seconds
Log-likelihood of BIONJ tree: -33737.734
--------------------------------------------------------------------
|             INITIALIZING CANDIDATE TREE SET                      |
--------------------------------------------------------------------
Generating 98 parsimony trees... 0.058 second
Computing log-likelihood of 98 initial trees ... 0.773 seconds
Current best score: -33711.285

Do NNI search on 20 best initial trees
Estimate model parameters (epsilon = 0.100)
BETTER TREE FOUND at iteration 1: -33711.284
Iteration 10 / LogL: -33731.248 / Time: 0h:0m:3s
Estimate model parameters (epsilon = 0.100)
BETTER TREE FOUND at iteration 12: -33710.796
Estimate model parameters (epsilon = 0.100)
BETTER TREE FOUND at iteration 19: -33706.932
Iteration 20 / LogL: -33711.454 / Time: 0h:0m:5s
Finish initializing candidate tree set (16)
Current best tree score: -33706.932 / CPU time: 4.123
Number of iterations: 20
--------------------------------------------------------------------
|               OPTIMIZING CANDIDATE TREE SET                      |
--------------------------------------------------------------------
Iteration 30 / LogL: -33721.580 / Time: 0h:0m:6s (0h:0m:20s left)
Estimate model parameters (epsilon = 0.100)
BETTER TREE FOUND at iteration 37: -33706.532
Iteration 40 / LogL: -33706.966 / Time: 0h:0m:8s (0h:0m:20s left)
Estimate model parameters (epsilon = 0.100)
BETTER TREE FOUND at iteration 50: -33704.949
Iteration 50 / LogL: -33704.949 / Time: 0h:0m:9s (0h:0m:19s left)
Iteration 60 / LogL: -33708.187 / Time: 0h:0m:11s (0h:0m:17s left)
Iteration 70 / LogL: -33706.610 / Time: 0h:0m:12s (0h:0m:14s left)
Iteration 80 / LogL: -33707.829 / Time: 0h:0m:14s (0h:0m:12s left)
Iteration 90 / LogL: -33707.029 / Time: 0h:0m:15s (0h:0m:10s left)
Iteration 100 / LogL: -33706.559 / Time: 0h:0m:17s (0h:0m:8s left)
Iteration 110 / LogL: -33706.949 / Time: 0h:0m:19s (0h:0m:6s left)
Iteration 120 / LogL: -33706.754 / Time: 0h:0m:20s (0h:0m:5s left)
Iteration 130 / LogL: -33704.978 / Time: 0h:0m:22s (0h:0m:3s left)
Iteration 140 / LogL: -33711.824 / Time: 0h:0m:23s (0h:0m:1s left)
Iteration 150 / LogL: -33707.069 / Time: 0h:0m:25s (0h:0m:0s left)
Refining ufboot trees with NNI 1 branch...
100 samples done
200 samples done
300 samples done
400 samples done
500 samples done
600 samples done
700 samples done
800 samples done
900 samples done
1000 samples done
Total 881 ufboot trees refined
TREE SEARCH COMPLETED AFTER 151 ITERATIONS / Time: 0h:1m:0s

--------------------------------------------------------------------
|                    FINALIZING TREE SEARCH                        |
--------------------------------------------------------------------
Performs final model parameters optimization
Estimate model parameters (epsilon = 0.010)
1. Initial log-likelihood: -33704.949
Optimal log-likelihood: -33704.948
Proportion of invariable sites: 0.075
Gamma shape alpha: 1.010
Parameters optimization took 1 rounds (0.021 sec)
BEST SCORE FOUND : -33704.948

Testing tree branches by SH-like aLRT with 1000 replicates...
Testing tree branches by aBayes parametric test...
0.065 sec.
Creating bootstrap support values...
Split supports printed to NEXUS file rdgC.doublefiltered.fasta.annot.clean.mafft.trimal.UFB.splits.nex
Total tree length: 27.139

Total number of iterations: 151
CPU time used for tree search: 645.006 sec (0h:10m:45s)
Wall-clock time used for tree search: 59.362 sec (0h:0m:59s)
Total CPU time used: 657.200 sec (0h:10m:57s)
Total wall-clock time used: 60.485 sec (0h:1m:0s)
UFBoot trees printed to rdgC.doublefiltered.fasta.annot.clean.mafft.trimal.UFB.ufboot

Computing bootstrap consensus tree...
Reading input file rdgC.doublefiltered.fasta.annot.clean.mafft.trimal.UFB.splits.nex...
39 taxa and 553 splits.
Consensus tree written to rdgC.doublefiltered.fasta.annot.clean.mafft.trimal.UFB.contree
Reading input trees file rdgC.doublefiltered.fasta.annot.clean.mafft.trimal.UFB.contree
Log-likelihood of consensus tree: -33707.356

Analysis results written to: 
  IQ-TREE report:                rdgC.doublefiltered.fasta.annot.clean.mafft.trimal.UFB.iqtree
  Maximum-likelihood tree:       rdgC.doublefiltered.fasta.annot.clean.mafft.trimal.UFB.treefile
  Likelihood distances:          rdgC.doublefiltered.fasta.annot.clean.mafft.trimal.UFB.mldist

Ultrafast bootstrap approximation results written to:
  Split support values:          rdgC.doublefiltered.fasta.annot.clean.mafft.trimal.UFB.splits.nex
  Consensus tree:                rdgC.doublefiltered.fasta.annot.clean.mafft.trimal.UFB.contree
  UFBoot trees:                  rdgC.doublefiltered.fasta.annot.clean.mafft.trimal.UFB.ufboot
  Screen log file:               rdgC.doublefiltered.fasta.annot.clean.mafft.trimal.UFB.log

Date and Time: Tue Apr 13 18:19:38 2021
