IQ-TREE multicore version 2.0.6 for Linux 64-bit built May 30 2020
Developed by Bui Quang Minh, Nguyen Lam Tung, Olga Chernomor,
Heiko Schmidt, Dominik Schrempf, Michael Woodhams.

Host:    node071 (AVX2, FMA3, 125 GB RAM)
Command: iqtree2 -s DGAT2L4.fasta.cdhit.mafft.trimal -m MFP -B 1000 --alrt 1000 --abayes -T AUTO --prefix DGAT2L4.fasta.cdhit.mafft.trimal.UFB
Seed:    656814 (Using SPRNG - Scalable Parallel Random Number Generator)
Time:    Thu Jan  5 15:17:18 2023
Kernel:  AVX+FMA - auto-detect threads (24 CPU cores detected)

Reading alignment file DGAT2L4.fasta.cdhit.mafft.trimal ... Fasta format detected
Alignment most likely contains protein sequences
Alignment has 372 sequences with 342 columns, 342 distinct patterns
341 parsimony-informative, 1 singleton sites, 0 constant sites
                                                                                                                                    Gap/Ambiguity  Composition  p-value
   1  CentroplasthelidaEP00300ChoanocystisspHF7_5620608__DGT2A_UMBRA_Diacylglycerol_O-acyltransferase_2A_OS_                               69.59%    failed      0.52%
   2  MetazoaMolluscaEP00106Octopusbimaculoides_4175359__MOG2A_XENLA_2-acylglycerol_O-acyltransferase_2-A_OS_                              52.92%    failed      1.16%
   3  MetazoaCnidariaMontastraeacavernosa_3321807__AWAT1_MOUSE_Acyl-CoA_wax_alcohol_acyltransferase_1_OS_                                  67.25%    passed     86.42%
   4  MetazoaCnidariaMontastraeacavernosa_3323651__MOGT3_HUMAN_2-acylglycerol_O-acyltransferase_3_OS_                                      62.57%    passed     62.65%
   5  MetazoaCnidariaMadracisauretenra_3300812__DGT2B_UMBRA_Diacylglycerol_O-acyltransferase_2B_OS_                                        66.37%    passed     91.99%
   6  TelonemiaP00656Telonemasubtile_26524069__DGAT2_DICDI_Diacylglycerol_O-acyltransferase_2_OS_                                          52.63%    passed     92.07%
   7  MetazoaCnidariaAstreoporasp_3043827__MOGT3_HUMAN_2-acylglycerol_O-acyltransferase_3_OS_                                              57.02%    passed     87.06%
   8  MetazoaMolluscaEP00106Octopusbimaculoides_4175253__MOG2A_XENLA_2-acylglycerol_O-acyltransferase_2-A_OS_                              53.22%    failed      1.59%
   9  MetazoaBryozoaBugulaneritina_1812802__MOGT2_HUMAN_2-acylglycerol_O-acyltransferase_2_OS_                                             68.42%    passed     49.98%
  10  RhizariaEP00473Plasmodiophorabrassicae_22121622__DGAT2_DICDI_Diacylglycerol_O-acyltransferase_2_OS_                                  22.81%    failed      1.55%
  11  MetazoaCnidariaHydramagnapapillata_3241215__MOG2B_XENLA_2-acylglycerol_O-acyltransferase_2-B_OS_                                     37.43%    passed     23.73%
  12  MetazoaBryozoaBugulaneritina_2270848__MOGT1_XENTR_2-acylglycerol_O-acyltransferase_1_OS_                                             74.85%    passed     81.07%
  13  MetazoaCnidariaMadracisauretenra_3301646__DGT2A_UMBRA_Diacylglycerol_O-acyltransferase_2A_OS_                                        66.96%    passed     82.78%
  14  MetazoaCnidariaAnthopleuraelegantissima_3005043__MOGT2_MOUSE_2-acylglycerol_O-acyltransferase_2_OS_                                  60.23%    passed      8.77%
  15  MetazoaBryozoaBugulaneritina_2531603__DGAT2_XENTR_Diacylglycerol_O-acyltransferase_2_OS_                                             59.36%    passed     41.65%
  16  StramenopilesEP00652Aphanomycesastaci_26154629__MOGT1_MOUSE_2-acylglycerol_O-acyltransferase_1_OS_                                   40.35%    passed     13.55%
  17  StramenopilesPhytophthorainfestansUP000006643_26370426__DGAT2_DICDI_Diacylglycerol_O-acyltransferase_2_OS_                           31.58%    passed     47.67%
  18  AlveolataEP00333Tetrahymenathermophila_76069__DGAT2_ASHGO_Diacylglycerol_O-acyltransferase_1_OS_                                     31.58%    failed      0.02%
  19  ChoanoflagellataEP00047Mylnosigafluctuans_11132076__DGAT2_DICDI_Diacylglycerol_O-acyltransferase_2_OS_                               11.99%    passed     70.02%
  20  CentroplasthelidaEP00300ChoanocystisspHF7_5594938__DGAT2_HUMAN_Diacylglycerol_O-acyltransferase_2_OS_                                10.23%    passed     45.01%
  21  IchthyosporeaEP00126Sphaerothecumdestruens_14608473__DGAT2_DICDI_Diacylglycerol_O-acyltransferase_2_OS_                              54.97%    passed     52.71%
  22  TelonemiaP00656Telonemasubtile_26521477__DG2L6_BOVIN_Diacylglycerol_O-acyltransferase_2-like_protein_6_OS_                           16.67%    passed     61.72%
  23  TelonemiaP00656Telonemasubtile_26525069__DG2L6_BOVIN_Diacylglycerol_O-acyltransferase_2-like_protein_6_OS_                           19.59%    passed     73.96%
  24  MetazoaCnidariaAnthopleuraelegantissima_2998739__DGT2A_UMBRA_Diacylglycerol_O-acyltransferase_2A_OS_                                 64.62%    passed     72.88%
  25  ChoanoflagellataEP00045Choanoecaperplexa_11092385__DGAT2_DANRE_Diacylglycerol_O-acyltransferase_2_OS_                                11.11%    passed     84.83%
  26  IchthyosporeaSphaeroformaarcticaUP000054560_14617211__MOGT3_HUMAN_2-acylglycerol_O-acyltransferase_3_OS_                             59.36%    passed     90.05%
  27  MetazoaCnidariaAnthopleuraelegantissima_3021610__MOGT1_BOVIN_2-acylglycerol_O-acyltransferase_1_OS_                                  70.76%    failed      1.58%
  28  MetazoaCnidariaStylophorapistillata_3668883__MOGT2_MOUSE_2-acylglycerol_O-acyltransferase_2_OS_                                      10.23%    passed     27.77%
  29  RotosphaeridaEP00160Parvulariaatlantis_23169171__DGT2A_UMBRA_Diacylglycerol_O-acyltransferase_2A_OS_                                  4.68%    passed     72.30%
  30  MetazoaArthropodaDrosophilamelanogaster_245008__MOG2A_XENLA_2-acylglycerol_O-acyltransferase_2-A_OS_                                  4.09%    passed     12.83%
  31  MetazoaVertebrateMusmusculus_6544449__MOGT1_MOUSE_2-acylglycerol_O-acyltransferase_1_OS_                                              2.34%    passed     63.69%
  32  MetazoaArthropodaDrosophilamelanogaster_245117__DGAT2_DICDI_Diacylglycerol_O-acyltransferase_2_OS_                                    4.09%    passed     68.00%
  33  ChoanoflagellataEP00040Diaphanoecagrandis_10914889__MOGT2_HUMAN_2-acylglycerol_O-acyltransferase_2_OS_                               19.59%    passed     32.02%
  34  MetazoaEchinodermataEP00057Strongylocentrotuspurpuratus_3832012__MOGT2_MOUSE_2-acylglycerol_O-acyltransferase_2_OS_                   2.34%    passed     99.26%
  35  MetazoaEchinodermataEP00057Strongylocentrotuspurpuratus_3816465__MOGT2_MOUSE_2-acylglycerol_O-acyltransferase_2_OS_                   2.34%    passed     99.00%
  36  ChoanoflagellataEP00035Acanthoecaspectabilis_10747190__MOGT2_MOUSE_2-acylglycerol_O-acyltransferase_2_OS_                            12.57%    passed     89.64%
  37  MetazoaCnidariaGorgoniaventalina_3207590__MOG2A_XENLA_2-acylglycerol_O-acyltransferase_2-A_OS_                                        8.48%    passed     20.44%
  38  MetazoaCnidariaPoritesaustraliensis_3541725__MOGT1_BOVIN_2-acylglycerol_O-acyltransferase_1_OS_                                       2.92%    passed     99.03%
  39  MetazoaMolluscaLottiagigantea_4217411__MOG2A_XENLA_2-acylglycerol_O-acyltransferase_2-A_OS_                                           0.88%    passed     42.81%
  40  RigifilidaEP00004Rigifilaramosa_23145671__MOGT2_MOUSE_2-acylglycerol_O-acyltransferase_2_OS_                                          5.85%    failed      4.35%
  41  IchthyosporeaEP00123Amoebidiumparasiticum_14554958__DGAT2_DICDI_Diacylglycerol_O-acyltransferase_2_OS_                                3.22%    passed     11.83%
  42  MetazoaArthropodaEP00090Calanusglacialis_707667__MOG2A_XENLA_2-acylglycerol_O-acyltransferase_2-A_OS_                                 1.75%    passed     86.35%
  43  MetazoaHemichordataSaccoglossuskowalevskii_4074203__MOG2A_XENLA_2-acylglycerol_O-acyltransferase_2-A_OS_                              1.17%    passed     48.09%
  44  MetazoaVertebrateMusmusculus_6547080__DGAT2_MOUSE_Diacylglycerol_O-acyltransferase_2_OS_                                              1.46%    passed     82.13%
  45  FungiSaccharomycescerevisiaeUP000002311_13450341__DGAT2_YEAST_Diacylglycerol_O-acyltransferase_1_OS_                                  5.26%    passed     71.33%
  46  MetazoaVertebrateHomosapiens_6466201__MOGT1_HUMAN_2-acylglycerol_O-acyltransferase_1_OS_                                              2.34%    passed     46.07%
  47  IchthyosporeaEP00123Amoebidiumparasiticum_14558444__MOGT1_XENTR_2-acylglycerol_O-acyltransferase_1_OS_                                2.92%    passed     97.82%
  48  MetazoaPoriferaSyconciliatum_5126725__MOGT2_MOUSE_2-acylglycerol_O-acyltransferase_2_OS_                                              2.63%    passed     33.62%
  49  MetazoaBrachiopodaLingulaunguis_1298586__MOGT1_BOVIN_2-acylglycerol_O-acyltransferase_1_OS_                                           1.46%    passed     75.55%
  50  MetazoaBrachiopodaLingulaunguis_1300870__MOGT1_BOVIN_2-acylglycerol_O-acyltransferase_1_OS_                                           1.46%    passed     73.76%
  51  HaptophytaEP00319Phaeocystisglobosa_14046382__MOGT2_MOUSE_2-acylglycerol_O-acyltransferase_2_OS_                                     40.35%    passed     96.36%
  52  IchthyosporeaEP00126Sphaerothecumdestruens_14603360__MOGT2_HUMAN_2-acylglycerol_O-acyltransferase_2_OS_                              17.25%    failed      1.28%
  53  IchthyosporeaEP00126Sphaerothecumdestruens_14603361__MOGT2_HUMAN_2-acylglycerol_O-acyltransferase_2_OS_                              69.59%    passed     11.23%
  54  IchthyosporeaEP00126Sphaerothecumdestruens_14603365__MOGT2_HUMAN_2-acylglycerol_O-acyltransferase_2_OS_                              37.72%    failed      4.48%
  55  FilastreaCapsasporaowczarzakiUP000008743_12984341__DGAT2_DICDI_Diacylglycerol_O-acyltransferase_2_OS_                                 3.51%    passed     71.11%
  56  MetazoaVertebrateDaniorerio_5429077__MOG2A_XENLA_2-acylglycerol_O-acyltransferase_2-A_OS_                                            30.99%    passed     29.10%
  57  CryptophyceaeEP00290BaffinellaspCCMP2293_12058421__DGT2A_UMBRA_Diacylglycerol_O-acyltransferase_2A_OS_                                8.48%    passed     52.24%
  58  CryptophyceaeEP00290BaffinellaspCCMP2293_12078262__DGT2B_UMBRA_Diacylglycerol_O-acyltransferase_2B_OS_                               60.23%    passed     68.29%
  59  ChloroplastidaEP00738Chloropiconprimus_8598070__DGAT2_DICDI_Diacylglycerol_O-acyltransferase_2_OS_                                    7.31%    passed     89.63%
  60  MetazoaCnidariaClytiahemisphaerica_3093081__MOG2A_XENLA_2-acylglycerol_O-acyltransferase_2-A_OS_                                      0.88%    passed      5.33%
  61  MetazoaCnidariaStylophorapistillata_3684312__MOGT1_BOVIN_2-acylglycerol_O-acyltransferase_1_OS_                                       1.46%    passed     68.28%
  62  MetazoaUrochordataEP00059Cionaintestinalis_5335503__MOGT1_BOVIN_2-acylglycerol_O-acyltransferase_1_OS_                                2.34%    passed     75.54%
  63  CryptophyceaeEP00290BaffinellaspCCMP2293_12065313__MOG2A_XENLA_2-acylglycerol_O-acyltransferase_2-A_OS_                              16.08%    passed     94.52%
  64  RotosphaeridaFonticulaalbaUP000030693_23193983__DGT2A_UMBRA_Diacylglycerol_O-acyltransferase_2A_OS_                                   4.68%    passed      6.64%
  65  MetazoaEchinodermataAcanthasterplanci_3785867__MOGT2_MOUSE_2-acylglycerol_O-acyltransferase_2_OS_                                     2.63%    passed     97.00%
  66  MetazoaNematodaCaenorhabditiselegans_4322094__MOGT1_BOVIN_2-acylglycerol_O-acyltransferase_1_OS_                                      1.46%    passed     97.93%
  67  MetazoaCnidariaMontastraeacavernosa_3318626__DGT2B_UMBRA_Diacylglycerol_O-acyltransferase_2B_OS_                                     35.09%    passed     88.64%
  68  MetazoaEchinodermataEP00057Strongylocentrotuspurpuratus_3809747__DG2L6_BOVIN_Diacylglycerol_O-acyltransferase_2-like_protein_6_OS_    0.88%    passed     44.15%
  69  HaptophytaEP00319Phaeocystisglobosa_14078227__AWAT1_HUMAN_Acyl-CoA_wax_alcohol_acyltransferase_1_OS_                                 69.88%    passed     77.54%
  70  FungiSpizellomycespunctatusUP000053201_13458558__DGT2B_UMBRA_Diacylglycerol_O-acyltransferase_2B_OS_                                  3.80%    passed     88.38%
  71  ChloroplastidaEP00738Chloropiconprimus_8604148__DGT2B_UMBRA_Diacylglycerol_O-acyltransferase_2B_OS_                                  15.50%    passed     96.72%
  72  CentroplasthelidaEP00300ChoanocystisspHF7_5620331__DGT2A_UMBRA_Diacylglycerol_O-acyltransferase_2A_OS_                               43.86%    passed     10.46%
  73  MetazoaNematodaCaenorhabditiselegans_4323774__MOG2A_XENLA_2-acylglycerol_O-acyltransferase_2-A_OS_                                    1.46%    passed     54.32%
  74  FungiMortierellaelongataUP000078512_13371825__DGT2A_UMBRA_Diacylglycerol_O-acyltransferase_2A_OS_                                     4.68%    passed     91.37%
  75  ChoanoflagellataEP00039Didymoecacostata_10886380__MOGT3_HUMAN_2-acylglycerol_O-acyltransferase_3_OS_                                 12.28%    passed     98.20%
  76  FungiRhizopusmicrosporusUP000242254_13431706__DGT2B_UMBRA_Diacylglycerol_O-acyltransferase_2B_OS_                                     3.80%    passed     75.90%
  77  CollodictyonidaeEP00002Diphylleiarotans_11669830__MOGT1_XENTR_2-acylglycerol_O-acyltransferase_1_OS_                                 66.08%    passed     13.15%
  78  FungiFusariumoxysporumUP000002489_13358207__DGT2A_UMBRA_Diacylglycerol_O-acyltransferase_2A_OS_                                       4.68%    passed     89.73%
  79  CentroplasthelidaEP00300ChoanocystisspHF7_5622789__DGAT2_DICDI_Diacylglycerol_O-acyltransferase_2_OS_                                 6.14%    passed     71.67%
  80  TelonemiaP00656Telonemasubtile_26529440__MOGT1_XENTR_2-acylglycerol_O-acyltransferase_1_OS_                                          60.53%    passed     92.85%
  81  TelonemiaP00656Telonemasubtile_26529441__MOGT1_XENTR_2-acylglycerol_O-acyltransferase_1_OS_                                          15.79%    passed     86.91%
  82  MetazoaTardigradaRamazzotiusvarieornatus_5277259__MOGT2_HUMAN_2-acylglycerol_O-acyltransferase_2_OS_                                  9.65%    passed     98.78%
  83  MetazoaVertebrateMusmusculus_6528244__AWAT1_MOUSE_Acyl-CoA_wax_alcohol_acyltransferase_1_OS_                                          5.56%    passed     30.36%
  84  AmoebozoaEP00007CuneaspBSH02190019_4981425__DGAT2_DICDI_Diacylglycerol_O-acyltransferase_2_OS_                                        2.92%    passed     62.07%
  85  FungiRhizopusmicrosporusUP000242254_13437361__DGT2B_UMBRA_Diacylglycerol_O-acyltransferase_2B_OS_                                     2.92%    passed     95.15%
  86  AmoebozoaEP00007CuneaspBSH02190019_4983419__MOGT2_MOUSE_2-acylglycerol_O-acyltransferase_2_OS_                                       12.28%    passed     62.66%
  87  AlveolataEP00333Tetrahymenathermophila_78638__DGAT2_HUMAN_Diacylglycerol_O-acyltransferase_2_OS_                                     27.19%    passed     15.67%
  88  MetazoaAcoelaHofsteniamiamia_18495__MOGT1_XENTR_2-acylglycerol_O-acyltransferase_1_OS_                                                3.80%    passed     40.40%
  89  AlveolataEP00742ColponemidiaspColp10_4272834__DGT2A_UMBRA_Diacylglycerol_O-acyltransferase_2A_OS_                                     2.63%    passed     44.74%
  90  PluriformeaEP00127Corallochytriumlimacisporum_21624068__MOGT1_BOVIN_2-acylglycerol_O-acyltransferase_1_OS_                            2.92%    passed     71.49%
  91  MetazoaRotiferaBrachionusplicatilis_5250881__MOGT2_HUMAN_2-acylglycerol_O-acyltransferase_2_OS_                                       1.17%    failed      3.85%
  92  MetazoaCnidariaAnthopleuraelegantissima_3010085__MOG2A_XENLA_2-acylglycerol_O-acyltransferase_2-A_OS_                                 1.46%    passed     73.99%
  93  MetazoaAcoelaHofsteniamiamia_22411__MOGT2_XENTR_2-acylglycerol_O-acyltransferase_2_OS_                                                8.77%    passed     11.48%
  94  MetazoaCnidariaHydramagnapapillata_3242930__MOG2A_XENLA_2-acylglycerol_O-acyltransferase_2-A_OS_                                     15.50%    passed     53.14%
  95  ChoanoflagellateaMonosigabrevicollisUP000001357_11429968__MOGT3_HUMAN_2-acylglycerol_O-acyltransferase_3_OS_                         15.20%    passed     49.97%
  96  ChoanoflagellateaMonosigabrevicollisUP000001357_11430418__MOGT2_MOUSE_2-acylglycerol_O-acyltransferase_2_OS_                         11.99%    passed     57.93%
  97  ChoanoflagellataEP00037Helgoecanana_10795591__DGT2A_UMBRA_Diacylglycerol_O-acyltransferase_2A_OS_                                     7.31%    passed     28.56%
  98  MetazoaVertebrateEptatretusburgeri_6399029__MOG2A_XENLA_2-acylglycerol_O-acyltransferase_2-A_OS_                                     20.47%    passed      9.43%
  99  MetazoaCnidariaAcroporadigitifera_2928365__DG2L6_HUMAN_Diacylglycerol_O-acyltransferase_2-like_protein_6_OS_                         69.01%    passed     42.64%
 100  MetazoaCnidariaAcroporadigitifera_2928379__MOG2A_XENLA_2-acylglycerol_O-acyltransferase_2-A_OS_                                       2.05%    passed     79.82%
 101  AlveolataEP00742ColponemidiaspColp10_4277703__DGAT2_DICDI_Diacylglycerol_O-acyltransferase_2_OS_                                      4.09%    passed     58.25%
 102  FungiMortierellaelongataUP000078512_13383260__DGT2A_UMBRA_Diacylglycerol_O-acyltransferase_2A_OS_                                     4.68%    passed     82.43%
 103  MetazoaCnidariaNematostellavectensis_3377587__MOGT1_XENTR_2-acylglycerol_O-acyltransferase_1_OS_                                     20.18%    passed     44.81%
 104  MetazoaTardigradaRamazzotiusvarieornatus_5291789__MOGT3_HUMAN_2-acylglycerol_O-acyltransferase_3_OS_                                 18.13%    passed     51.68%
 105  MetazoaCnidariaHydramagnapapillata_3256261__MOGT1_BOVIN_2-acylglycerol_O-acyltransferase_1_OS_                                       47.37%    passed      8.86%
 106  MetazoaBryozoaBugulaneritina_2347256__MOG2A_XENLA_2-acylglycerol_O-acyltransferase_2-A_OS_                                           49.71%    passed     18.02%
 107  MetazoaTardigradaRamazzotiusvarieornatus_5292309__MOGT1_MOUSE_2-acylglycerol_O-acyltransferase_1_OS_                                 83.63%    failed      2.73%
 108  RhizariaEP00473Plasmodiophorabrassicae_22114426__DGAT2_DICDI_Diacylglycerol_O-acyltransferase_2_OS_                                  17.54%    passed     13.20%
 109  CryptophyceaeGuillardiathetaUP000011087_12264343__DGAT2_DICDI_Diacylglycerol_O-acyltransferase_2_OS_                                 35.38%    passed     76.42%
 110  AlveolataEP00742ColponemidiaspColp10_4288255__DGAT2_DICDI_Diacylglycerol_O-acyltransferase_2_OS_                                      7.31%    passed     83.75%
 111  RhizariaEP00473Plasmodiophorabrassicae_22115775__MOGT1_HUMAN_2-acylglycerol_O-acyltransferase_1_OS_                                  16.67%    passed      9.79%
 112  MetazoaCnidariaNematostellavectensis_3379916__MOGT2_MOUSE_2-acylglycerol_O-acyltransferase_2_OS_                                      8.48%    passed     98.95%
 113  CryptophyceaeGuillardiathetaUP000011087_12269225__DGT2B_UMBRA_Diacylglycerol_O-acyltransferase_2B_OS_                                18.42%    passed     98.77%
 114  ChoanoflagellataEP00037Helgoecanana_10820575__DGAT2_DICDI_Diacylglycerol_O-acyltransferase_2_OS_                                     12.57%    passed     31.51%
 115  MetazoaCnidariaAureliaGenome_3048622__MOGT1_BOVIN_2-acylglycerol_O-acyltransferase_1_OS_                                              1.17%    passed     58.02%
 116  RhodelphisEP00736Rhodelphismarinus_22807679__MOGT1_BOVIN_2-acylglycerol_O-acyltransferase_1_OS_                                       4.09%    passed     67.51%
 117  RhizariaEP00473Plasmodiophorabrassicae_22121505__DGT2B_UMBRA_Diacylglycerol_O-acyltransferase_2B_OS_                                  2.34%    passed     66.14%
 118  MetazoaPoriferaLeucosoleniacomplicata_4973328__MOGT2_MOUSE_2-acylglycerol_O-acyltransferase_2_OS_                                     2.34%    passed     96.23%
 119  MetazoaCnidariaNematostellavectensis_3384724__MOGT2_MOUSE_2-acylglycerol_O-acyltransferase_2_OS_                                     19.01%    passed     59.99%
 120  ChoanoflagellataEP00040Diaphanoecagrandis_10889921__DGT2B_UMBRA_Diacylglycerol_O-acyltransferase_2B_OS_                              12.87%    passed     47.07%
 121  MetazoaCnidariaAureliaGenome_3052745__MOG2A_XENLA_2-acylglycerol_O-acyltransferase_2-A_OS_                                            1.46%    passed     96.26%
 122  MetazoaCnidariaAureliaGenome_3065714__MOG2A_XENLA_2-acylglycerol_O-acyltransferase_2-A_OS_                                            1.46%    passed     95.40%
 123  MetazoaVertebrateMusmusculus_6538073__AWAT2_MOUSE_Acyl-CoA_wax_alcohol_acyltransferase_2_OS_                                          3.22%    passed      6.78%
 124  ChoanoflagellataEP00035Acanthoecaspectabilis_10726973__DGT2A_UMBRA_Diacylglycerol_O-acyltransferase_2A_OS_                            7.02%    passed     23.81%
 125  MetazoaVertebrateMusmusculus_6539639__MOGT2_MOUSE_2-acylglycerol_O-acyltransferase_2_OS_                                              2.34%    passed     80.40%
 126  IchthyosporeaSphaeroformaarcticaUP000054560_14622889__DGT2A_UMBRA_Diacylglycerol_O-acyltransferase_2A_OS_                            15.50%    passed     49.81%
 127  MetazoaArthropodaDrosophilamelanogaster_241090__MOGT2_MOUSE_2-acylglycerol_O-acyltransferase_2_OS_                                    4.39%    passed     71.11%
 128  ChoanoflagellataEP00040Diaphanoecagrandis_10905168__DG2L6_BOVIN_Diacylglycerol_O-acyltransferase_2-like_protein_6_OS_                12.57%    passed     54.31%
 129  IchthyosporeaSphaeroformaarcticaUP000054560_14625458__DGT2B_UMBRA_Diacylglycerol_O-acyltransferase_2B_OS_                            39.77%    passed     61.36%
 130  ChoanoflagellataEP00040Diaphanoecagrandis_10905414__DGT2A_UMBRA_Diacylglycerol_O-acyltransferase_2A_OS_                               2.92%    passed     96.46%
 131  ChoanoflagellataEP00047Mylnosigafluctuans_11124687__DG2L6_MOUSE_Diacylglycerol_O-acyltransferase_2-like_protein_6_OS_                12.57%    passed     41.59%
 132  ChoanoflagellataEP00050Salpingoecakvevrii_11210803__DGAT2_DICDI_Diacylglycerol_O-acyltransferase_2_OS_                               11.70%    passed     75.67%
 133  ChoanoflagellataEP00039Didymoecacostata_10856319__DGAT2_DICDI_Diacylglycerol_O-acyltransferase_2_OS_                                 12.87%    passed     95.77%
 134  MetazoaCnidariaClytiahemisphaerica_3082610__MOGT2_HUMAN_2-acylglycerol_O-acyltransferase_2_OS_                                        2.05%    passed     95.77%
 135  FilastreaCapsasporaowczarzakiUP000008743_12981910__MOGT2_MOUSE_2-acylglycerol_O-acyltransferase_2_OS_                                12.28%    passed     88.81%
 136  GlaucophytaEP00276Gloeochaetewittrockiana_13482049__DGAT2_DICDI_Diacylglycerol_O-acyltransferase_2_OS_                                3.80%    passed     79.28%
 137  FungiSpizellomycespunctatusUP000053201_13452004__MOGT1_XENTR_2-acylglycerol_O-acyltransferase_1_OS_                                   5.26%    passed     21.89%
 138  ChloroplastidaEP00738Chloropiconprimus_8597202__DAT2D_SOYBN_Diacylglycerol_O-acyltransferase_2D_OS_                                   9.06%    passed     86.17%
 139  ChloroplastidaEP00738Chloropiconprimus_8601192__DGAT2_ARATH_Diacylglycerol_O-acyltransferase_2_OS_                                   21.35%    passed     59.42%
 140  MetazoaCnidariaClytiahemisphaerica_3098204__MOG2A_XENLA_2-acylglycerol_O-acyltransferase_2-A_OS_                                      2.34%    passed     58.99%
 141  FungiSpizellomycespunctatusUP000053201_13458250__DGT2B_UMBRA_Diacylglycerol_O-acyltransferase_2B_OS_                                 10.53%    passed     75.99%
 142  FungiSpizellomycespunctatusUP000053201_13458296__DGAT2_DANRE_Diacylglycerol_O-acyltransferase_2_OS_                                  35.67%    passed     83.99%
 143  AmoebozoaEP00007CuneaspBSH02190019_4975050__MOGT2_MOUSE_2-acylglycerol_O-acyltransferase_2_OS_                                       14.62%    passed     41.45%
 144  AlveolataEP00742ColponemidiaspColp10_4274045__DG2L6_BOVIN_Diacylglycerol_O-acyltransferase_2-like_protein_6_OS_                      19.59%    passed     54.95%
 145  AlveolataEP00333Tetrahymenathermophila_63275__DGAT2_ARATH_Diacylglycerol_O-acyltransferase_2_OS_                                     28.95%    failed      0.19%
 146  AlveolataEP00742ColponemidiaspColp10_4280637__MOGT2_HUMAN_2-acylglycerol_O-acyltransferase_2_OS_                                     12.87%    passed     94.48%
 147  ChoanoflagellateaMonosigabrevicollisUP000001357_11433712__DGAT2_XENTR_Diacylglycerol_O-acyltransferase_2_OS_                         31.58%    passed     31.56%
 148  RhodelphisEP00736Rhodelphismarinus_22797319__DGAT2_YEAST_Diacylglycerol_O-acyltransferase_1_OS_                                      11.11%    passed     33.50%
 149  CryptophyceaeGuillardiathetaUP000011087_12264398__DGAT2_ARATH_Diacylglycerol_O-acyltransferase_2_OS_                                 35.96%    passed     65.44%
 150  RhizariaEP00473Plasmodiophorabrassicae_22119711__AWAT2_MOUSE_Acyl-CoA_wax_alcohol_acyltransferase_2_OS_                              16.37%    passed     13.27%
 151  ChoanoflagellataEP00045Choanoecaperplexa_11090623__DG2L6_MOUSE_Diacylglycerol_O-acyltransferase_2-like_protein_6_OS_                 11.99%    passed     77.37%
 152  ChoanoflagellataEP00045Choanoecaperplexa_11092826__DGAT2_ARATH_Diacylglycerol_O-acyltransferase_2_OS_                                12.57%    passed     65.00%
 153  MetazoaAnnelidaHelobdellarobusta_99215__MOGT2_HUMAN_2-acylglycerol_O-acyltransferase_2_OS_                                            1.46%    passed     31.71%
 154  MetazoaAnnelidaHelobdellarobusta_101528__MOGT2_HUMAN_2-acylglycerol_O-acyltransferase_2_OS_                                           1.46%    passed     28.45%
 155  IchthyosporeaSphaeroformaarcticaUP000054560_14623915__DGT2B_UMBRA_Diacylglycerol_O-acyltransferase_2B_OS_                            14.33%    passed     58.19%
 156  IchthyosporeaSphaeroformaarcticaUP000054560_14626974__DGAT2_DICDI_Diacylglycerol_O-acyltransferase_2_OS_                             13.74%    passed     32.89%
 157  MetazoaCnidariaStylophorapistillata_3667422__MOGT2_HUMAN_2-acylglycerol_O-acyltransferase_2_OS_                                       2.05%    passed     91.90%
 158  MetazoaPlacozoaHoilungiahongkongensis_4576375__MOGT1_BOVIN_2-acylglycerol_O-acyltransferase_1_OS_                                     0.58%    passed     31.88%
 159  MetazoaPlacozoaHoilungiahongkongensis_4576377__MOGT1_BOVIN_2-acylglycerol_O-acyltransferase_1_OS_                                    14.91%    passed     19.25%
 160  MetazoaPlacozoaHoilungiahongkongensis_4576380__MOGT1_HUMAN_2-acylglycerol_O-acyltransferase_1_OS_                                    66.37%    passed     16.25%
 161  MetazoaVertebrateDaniorerio_5418952__DGAT2_XENLA_Diacylglycerol_O-acyltransferase_2_OS_                                               7.02%    passed     95.70%
 162  ChoanoflagellataEP00035Acanthoecaspectabilis_10741441__DGAT2_HUMAN_Diacylglycerol_O-acyltransferase_2_OS_                            11.40%    passed     23.14%
 163  MetazoaCnidariaPoritesaustraliensis_3541085__MOGT2_HUMAN_2-acylglycerol_O-acyltransferase_2_OS_                                       1.46%    passed     93.93%
 164  MetazoaHemichordataSaccoglossuskowalevskii_4074210__MOGT1_XENTR_2-acylglycerol_O-acyltransferase_1_OS_                                0.88%    passed     58.69%
 165  MetazoaCnidariaPoritesaustraliensis_3544195__MOGT3_HUMAN_2-acylglycerol_O-acyltransferase_3_OS_                                       7.60%    passed     73.29%
 166  MetazoaVertebrateHomosapiens_6466202__DGAT2_HUMAN_Diacylglycerol_O-acyltransferase_2_OS_                                              1.46%    passed     93.34%
 167  CollodictyonidaeEP00002Diphylleiarotans_11642457__DGAT2_ARATH_Diacylglycerol_O-acyltransferase_2_OS_                                 19.30%    passed     61.74%
 168  CollodictyonidaeEP00002Diphylleiarotans_11642458__DGAT2_ARATH_Diacylglycerol_O-acyltransferase_2_OS_                                 67.84%    passed     32.50%
 169  MalawimonadidaeEP00698Gefionellaokellyi_14710621__DGT2B_UMBRA_Diacylglycerol_O-acyltransferase_2B_OS_                                12.28%    passed     35.29%
 170  MetazoaCnidariaPoritesaustraliensis_3549764__DGAT2_XENTR_Diacylglycerol_O-acyltransferase_2_OS_                                       9.36%    passed     82.50%
 171  MetazoaCnidariaMadracisauretenra_3271889__MOG2A_XENLA_2-acylglycerol_O-acyltransferase_2-A_OS_                                        4.09%    passed     85.44%
 172  MetazoaCnidariaFungiascutaria_3202383__MOGT3_HUMAN_2-acylglycerol_O-acyltransferase_3_OS_                                            24.85%    passed     27.21%
 173  MetazoaCnidariaPoritesaustraliensis_3550605__MOGT2_XENTR_2-acylglycerol_O-acyltransferase_2_OS_                                       3.51%    passed     98.34%
 174  MetazoaPoriferaSyconciliatum_5138891__DGAT2_XENLA_Diacylglycerol_O-acyltransferase_2_OS_                                              4.68%    passed     84.99%
 175  MetazoaCnidariaFungiascutaria_3204263__MOGT2_MOUSE_2-acylglycerol_O-acyltransferase_2_OS_                                             9.94%    passed     22.38%
 176  MetazoaVertebrateDaniorerio_5427797__MOG2A_XENLA_2-acylglycerol_O-acyltransferase_2-A_OS_                                             1.17%    passed     99.32%
 177  MetazoaCnidariaFungiascutaria_3204270__MOGT2_HUMAN_2-acylglycerol_O-acyltransferase_2_OS_                                             4.97%    passed     97.05%
 178  MetazoaCnidariaAstreoporasp_3030013__MOGT2_XENTR_2-acylglycerol_O-acyltransferase_2_OS_                                               7.89%    passed     95.46%
 179  MetazoaCnidariaFungiascutaria_3204843__MOGT1_BOVIN_2-acylglycerol_O-acyltransferase_1_OS_                                             1.46%    passed     95.83%
 180  MetazoaCnidariaFungiascutaria_3205662__MOG2A_XENLA_2-acylglycerol_O-acyltransferase_2-A_OS_                                           3.22%    passed     96.78%
 181  MetazoaCnidariaStylophorapistillata_3683548__MOG2A_XENLA_2-acylglycerol_O-acyltransferase_2-A_OS_                                     7.60%    passed     98.75%
 182  MetazoaCnidariaStylophorapistillata_3684218__MOG2A_XENLA_2-acylglycerol_O-acyltransferase_2-A_OS_                                     4.68%    passed     86.35%
 183  MetazoaVertebrateDaniorerio_5431587__DGAT2_DANRE_Diacylglycerol_O-acyltransferase_2_OS_                                               1.46%    passed     54.46%
 184  MetazoaCnidariaMontastraeacavernosa_3316577__MOG2A_XENLA_2-acylglycerol_O-acyltransferase_2-A_OS_                                     3.22%    passed     93.96%
 185  MetazoaEchinodermataAcanthasterplanci_3785838__MOGT2_HUMAN_2-acylglycerol_O-acyltransferase_2_OS_                                    16.37%    passed     99.13%
 186  MetazoaEchinodermataAcanthasterplanci_3785857__MOG2A_XENLA_2-acylglycerol_O-acyltransferase_2-A_OS_                                   1.46%    passed     79.57%
 187  MetazoaEchinodermataAcanthasterplanci_3785863__MOG2A_XENLA_2-acylglycerol_O-acyltransferase_2-A_OS_                                   1.75%    passed     74.53%
 188  MetazoaAnnelidaEP00103Capitellateleta_61698__MOGT2_XENTR_2-acylglycerol_O-acyltransferase_2_OS_                                       1.17%    passed     80.28%
 189  MetazoaPoriferaLeucosoleniacomplicata_5036680__DGAT2_DICDI_Diacylglycerol_O-acyltransferase_2_OS_                                     4.68%    passed     90.00%
 190  MetazoaEchinodermataEP00057Strongylocentrotuspurpuratus_3811033__DGAT2_HUMAN_Diacylglycerol_O-acyltransferase_2_OS_                   1.75%    passed     54.66%
 191  StramenopilesEP00652Aphanomycesastaci_26154651__DGAT2_DANRE_Diacylglycerol_O-acyltransferase_2_OS_                                   14.33%    passed     19.75%
 192  MetazoaCnidariaMadracisauretenra_3283429__MOGT2_MOUSE_2-acylglycerol_O-acyltransferase_2_OS_                                         10.23%    passed     54.51%
 193  MetazoaCnidariaMadracisauretenra_3283430__MOGT2_MOUSE_2-acylglycerol_O-acyltransferase_2_OS_                                          9.65%    passed     44.33%
 194  ChloroplastidaEP00248Marchantiapolymorpha_7475662__DAT2D_SOYBN_Diacylglycerol_O-acyltransferase_2D_OS_                               19.88%    passed     94.65%
 195  CollodictyonidaeEP00002Diphylleiarotans_11670175__DGAT2_ARATH_Diacylglycerol_O-acyltransferase_2_OS_                                 19.01%    passed     89.16%
 196  MetazoaTardigradaRamazzotiusvarieornatus_5274816__MOGT2_MOUSE_2-acylglycerol_O-acyltransferase_2_OS_                                  2.05%    passed     77.47%
 197  MetazoaArthropodaDaphniapulex_206841__MOG2A_XENLA_2-acylglycerol_O-acyltransferase_2-A_OS_                                            1.17%    passed     97.48%
 198  AmoebozoaDictyosteliumdiscoideumUP000002195_4926843__DGAT2_DICDI_Diacylglycerol_O-acyltransferase_2_OS_                               3.80%    failed      2.46%
 199  MetazoaCnidariaAstreoporasp_3045760__MOGT1_BOVIN_2-acylglycerol_O-acyltransferase_1_OS_                                               2.92%    passed     91.42%
 200  MetazoaVertebrateEptatretusburgeri_6392737__DGAT2_BOVIN_Diacylglycerol_O-acyltransferase_2_OS_                                        1.17%    passed     80.18%
 201  MetazoaCephalochordataBranchiostomabelcheri_2813208__MOG2A_XENLA_2-acylglycerol_O-acyltransferase_2-A_OS_                             1.17%    passed     74.39%
 202  MetazoaPoriferaLeucosoleniacomplicata_5060781__DGAT2_DICDI_Diacylglycerol_O-acyltransferase_2_OS_                                     4.68%    passed     73.83%
 203  MetazoaCnidariaAcroporadigitifera_2928378__MOGT1_BOVIN_2-acylglycerol_O-acyltransferase_1_OS_                                         1.46%    passed     97.50%
 204  MetazoaVertebrateEptatretusburgeri_6406105__DGAT2_XENTR_Diacylglycerol_O-acyltransferase_2_OS_                                        4.97%    passed      6.29%
 205  MetazoaVertebrateEptatretusburgeri_6399800__DGAT2_XENTR_Diacylglycerol_O-acyltransferase_2_OS_                                        7.89%    failed      0.04%
 206  MetazoaTardigradaRamazzotiusvarieornatus_5292180__MOG2A_XENLA_2-acylglycerol_O-acyltransferase_2-A_OS_                                1.46%    passed     76.99%
 207  ChloroplastidaChlamydomonasreinhardtiiUP000006906_6369023__DAT2D_SOYBN_Diacylglycerol_O-acyltransferase_2D_OS_                       23.68%    passed     53.22%
 208  MetazoaCnidariaNematostellavectensis_3382404__MOGT2_HUMAN_2-acylglycerol_O-acyltransferase_2_OS_                                      9.94%    passed     85.86%
 209  StramenopilesPhytophthorainfestansUP000006643_26370424__DGAT2_XENTR_Diacylglycerol_O-acyltransferase_2_OS_                           14.62%    passed     36.06%
 210  ChloroplastidaChlamydomonasreinhardtiiUP000006906_6370359__DGT2B_UMBRA_Diacylglycerol_O-acyltransferase_2B_OS_                       18.13%    failed      2.61%
 211  MetazoaPlacozoaEP00114TrichoplaxspH2_4514883__MOGT1_BOVIN_2-acylglycerol_O-acyltransferase_1_OS_                                      0.58%    passed     64.47%
 212  MetazoaMolluscaEP00106Octopusbimaculoides_4174116__MOGT1_BOVIN_2-acylglycerol_O-acyltransferase_1_OS_                                 1.17%    failed      0.05%
 213  MetazoaPoriferaSyconciliatum_5102371__DGAT2_DICDI_Diacylglycerol_O-acyltransferase_2_OS_                                              4.68%    passed     46.16%
 214  MetazoaCnidariaNematostellavectensis_3384949__MOG2A_XENLA_2-acylglycerol_O-acyltransferase_2-A_OS_                                    1.46%    passed     98.45%
 215  MetazoaCnidariaStylophorapistillata_3661675__DGAT2_DANRE_Diacylglycerol_O-acyltransferase_2_OS_                                      31.87%    passed      6.62%
 216  MetazoaCnidariaAcroporadigitifera_2943444__MOGT2_MOUSE_2-acylglycerol_O-acyltransferase_2_OS_                                         9.65%    passed     57.67%
 217  StramenopilesPhytophthorainfestansUP000006643_26383464__MOGT1_XENLA_2-acylglycerol_O-acyltransferase_1_OS_                           20.47%    passed     59.88%
 218  ChoanoflagellataEP00050Salpingoecakvevrii_11203868__DGT2B_UMBRA_Diacylglycerol_O-acyltransferase_2B_OS_                              20.76%    passed     16.17%
 219  ChoanoflagellataEP00050Salpingoecakvevrii_11203869__DGT2B_UMBRA_Diacylglycerol_O-acyltransferase_2B_OS_                              55.56%    failed      0.29%
 220  IchthyosporeaEP00126Sphaerothecumdestruens_14608471__DGAT2_DICDI_Diacylglycerol_O-acyltransferase_2_OS_                              49.71%    passed     63.65%
 221  AmoebozoaEP00007CuneaspBSH02190019_4981732__DGAT2_ARATH_Diacylglycerol_O-acyltransferase_2_OS_                                       17.25%    failed      0.10%
 222  ApusomonadidaThecamonastrahensUP000054408_5484095__MOGT2_MOUSE_2-acylglycerol_O-acyltransferase_2_OS_                                17.54%    passed     89.38%
 223  EuglenozoaEP00668Euglenalonga_12392928__DGAT2_DICDI_Diacylglycerol_O-acyltransferase_2_OS_                                           21.35%    passed      8.74%
 224  ChoanoflagellataEP00037Helgoecanana_10809024__MOG2A_XENLA_2-acylglycerol_O-acyltransferase_2-A_OS_                                   25.15%    passed     14.93%
 225  RotosphaeridaEP00160Parvulariaatlantis_23157180__DG2L6_MOUSE_Diacylglycerol_O-acyltransferase_2-like_protein_6_OS_                   11.99%    passed     79.49%
 226  HaptophytaEP00327Prymnesiumparvum_14291058__DGAT2_ARATH_Diacylglycerol_O-acyltransferase_2_OS_                                       61.40%    passed      6.64%
 227  HaptophytaEP00327Prymnesiumparvum_14292881__MOG2A_XENLA_2-acylglycerol_O-acyltransferase_2-A_OS_                                     21.05%    passed     61.19%
 228  MetazoaArthropodaEP00090Calanusglacialis_713978__MOGT1_BOVIN_2-acylglycerol_O-acyltransferase_1_OS_                                  63.74%    passed     79.56%
 229  ChoanoflagellataEP00035Acanthoecaspectabilis_10755609__MOGT2_MOUSE_2-acylglycerol_O-acyltransferase_2_OS_                            22.22%    failed      0.75%
 230  StramenopilesEP00652Aphanomycesastaci_26140541__MOGT1_MOUSE_2-acylglycerol_O-acyltransferase_1_OS_                                   13.74%    passed     88.32%
 231  StramenopilesEP00652Aphanomycesastaci_26140542__DGT2A_UMBRA_Diacylglycerol_O-acyltransferase_2A_OS_                                  20.18%    passed     74.92%
 232  MetazoaVertebrateMusmusculus_6528243__DG2L6_MOUSE_Diacylglycerol_O-acyltransferase_2-like_protein_6_OS_                               3.22%    passed     32.03%
 233  MetazoaVertebrateHomosapiens_6459523__MOGT2_HUMAN_2-acylglycerol_O-acyltransferase_2_OS_                                              2.63%    passed     95.90%
 234  HaptophytaEP00327Prymnesiumparvum_14291582__DGAT2_ARATH_Diacylglycerol_O-acyltransferase_2_OS_                                       20.18%    passed     18.39%
 235  HaptophytaEP00327Prymnesiumparvum_14267032__DGAT2_ARATH_Diacylglycerol_O-acyltransferase_2_OS_                                       20.18%    passed      9.04%
 236  MetazoaCnidariaGorgoniaventalina_3207617__MOG2A_XENLA_2-acylglycerol_O-acyltransferase_2-A_OS_                                       41.23%    passed     85.00%
 237  IchthyosporeaEP00123Amoebidiumparasiticum_14569637__DGAT2_DICDI_Diacylglycerol_O-acyltransferase_2_OS_                                2.63%    passed     87.89%
 238  HaptophytaEP00319Phaeocystisglobosa_14072226__DGAT2_ARATH_Diacylglycerol_O-acyltransferase_2_OS_                                     45.91%    passed     19.29%
 239  AlveolataEP00333Tetrahymenathermophila_78637__DG2L6_HUMAN_Diacylglycerol_O-acyltransferase_2-like_protein_6_OS_                      29.24%    failed      2.01%
 240  IchthyosporeaSphaeroformaarcticaUP000054560_14617546__MOGT1_XENTR_2-acylglycerol_O-acyltransferase_1_OS_                             75.15%    passed      8.38%
 241  AlveolataEP00333Tetrahymenathermophila_72203__DGAT2_ARATH_Diacylglycerol_O-acyltransferase_2_OS_                                     29.53%    failed      0.00%
 242  HaptophytaEP00327Prymnesiumparvum_14268349__DGAT2_ARATH_Diacylglycerol_O-acyltransferase_2_OS_                                       35.38%    passed     21.62%
 243  HaptophytaEP00327Prymnesiumparvum_14270764__DGAT2_ARATH_Diacylglycerol_O-acyltransferase_2_OS_                                       61.99%    passed     42.53%
 244  HaptophytaEP00327Prymnesiumparvum_14270000__DGAT2_ASHGO_Diacylglycerol_O-acyltransferase_1_OS_                                       24.27%    passed     75.67%
 245  AlveolataEP00333Tetrahymenathermophila_77223__DGAT2_ARATH_Diacylglycerol_O-acyltransferase_2_OS_                                     28.36%    failed      0.65%
 246  EuglenozoaEP00668Euglenalonga_12426217__DGT2A_UMBRA_Diacylglycerol_O-acyltransferase_2A_OS_                                           6.73%    passed     97.66%
 247  EuglenozoaEP00668Euglenalonga_12426216__DGT2A_UMBRA_Diacylglycerol_O-acyltransferase_2A_OS_                                           6.73%    passed     97.66%
 248  EuglenozoaEP00668Euglenalonga_12435064__MOGT1_XENTR_2-acylglycerol_O-acyltransferase_1_OS_                                            6.73%    passed     82.60%
 249  AlveolataEP00333Tetrahymenathermophila_86856__DG2L6_HUMAN_Diacylglycerol_O-acyltransferase_2-like_protein_6_OS_                      28.95%    failed      0.00%
 250  MetazoaVertebrateHomosapiens_6459797__AWAT1_HUMAN_Acyl-CoA_wax_alcohol_acyltransferase_1_OS_                                          5.56%    passed      5.95%
 251  MetazoaCnidariaPoritesaustraliensis_3549459__MOGT1_BOVIN_2-acylglycerol_O-acyltransferase_1_OS_                                       2.05%    passed     90.19%
 252  AmoebozoaEP00029Vermamoebavermiformis_5281332__DGAT2_DICDI_Diacylglycerol_O-acyltransferase_2_OS_                                     8.48%    passed     74.81%
 253  AmoebozoaEP00029Vermamoebavermiformis_5282369__DGAT2_DICDI_Diacylglycerol_O-acyltransferase_2_OS_                                    12.87%    passed     82.51%
 254  TelonemiaP00656Telonemasubtile_26534339__DGAT2_DICDI_Diacylglycerol_O-acyltransferase_2_OS_                                          35.09%    passed     13.90%
 255  StramenopilesPhytophthorainfestansUP000006643_26377279__DGAT2_ARATH_Diacylglycerol_O-acyltransferase_2_OS_                           52.63%    passed     58.48%
 256  TelonemiaP00656Telonemasubtile_26561381__DGAT2_ARATH_Diacylglycerol_O-acyltransferase_2_OS_                                          18.13%    passed     85.28%
 257  TelonemiaP00656Telonemasubtile_26561382__DGAT2_DANRE_Diacylglycerol_O-acyltransferase_2_OS_                                          35.67%    passed     16.84%
 258  StramenopilesEP00652Aphanomycesastaci_26140530__MOG2A_XENLA_2-acylglycerol_O-acyltransferase_2-A_OS_                                 30.41%    failed      0.06%
 259  StramenopilesEP00652Aphanomycesastaci_26140532__MOG2A_XENLA_2-acylglycerol_O-acyltransferase_2-A_OS_                                 33.33%    failed      0.14%
 260  StramenopilesEP00652Aphanomycesastaci_26140535__MOG2A_XENLA_2-acylglycerol_O-acyltransferase_2-A_OS_                                 36.26%    failed      0.40%
 261  StramenopilesPhytophthorainfestansUP000006643_26377281__DGAT2_ARATH_Diacylglycerol_O-acyltransferase_2_OS_                           48.83%    passed     54.07%
 262  MetazoaCnidariaMadracisauretenra_3310532__DG2L6_BOVIN_Diacylglycerol_O-acyltransferase_2-like_protein_6_OS_                          42.98%    passed     48.12%
 263  MetazoaCnidariaAnthopleuraelegantissima_3021810__MOGT2_HUMAN_2-acylglycerol_O-acyltransferase_2_OS_                                  72.22%    passed     11.43%
 264  StramenopilesPhytophthorainfestansUP000006643_26374593__DG2L6_MOUSE_Diacylglycerol_O-acyltransferase_2-like_protein_6_OS_            24.56%    passed     38.64%
 265  HeteroloboseaEP00761Pharyngomonaskirbyi_14480705__DGT2B_UMBRA_Diacylglycerol_O-acyltransferase_2B_OS_                                22.81%    passed     48.08%
 266  HaptophytaEP00327Prymnesiumparvum_14308199__DAT2D_SOYBN_Diacylglycerol_O-acyltransferase_2D_OS_                                      22.81%    passed     45.68%
 267  HeteroloboseaEP00761Pharyngomonaskirbyi_14492540__DGAT2_RICCO_Diacylglycerol_O-acyltransferase_2_OS_                                 39.18%    failed      0.08%
 268  HeteroloboseaEP00761Pharyngomonaskirbyi_14493745__MOGT1_XENTR_2-acylglycerol_O-acyltransferase_1_OS_                                 14.62%    passed     31.27%
 269  FungiEP00150Ustilagomaydis_13254932__DGT2B_UMBRA_Diacylglycerol_O-acyltransferase_2B_OS_                                              2.92%    passed     86.59%
 270  FilastreaCapsasporaowczarzakiUP000008743_12982123__MOG2B_XENLA_2-acylglycerol_O-acyltransferase_2-B_OS_                              17.54%    failed      0.80%
 271  RotosphaeridaFonticulaalbaUP000030693_23192803__DGAT2_DANRE_Diacylglycerol_O-acyltransferase_2_OS_                                   19.01%    passed      8.30%
 272  HaptophytaEP00319Phaeocystisglobosa_14070802__DG2L6_HUMAN_Diacylglycerol_O-acyltransferase_2-like_protein_6_OS_                      37.13%    passed     51.50%
 273  GlaucophytaEP00276Gloeochaetewittrockiana_13497427__MOGT2_HUMAN_2-acylglycerol_O-acyltransferase_2_OS_                               20.47%    passed     27.74%
 274  PluriformeaEP00127Corallochytriumlimacisporum_21619440__MOGT1_BOVIN_2-acylglycerol_O-acyltransferase_1_OS_                            3.22%    passed     78.78%
 275  MetazoaNematodaLoaloa_4412862__MOGT1_XENTR_2-acylglycerol_O-acyltransferase_1_OS_                                                    41.81%    passed     18.99%
 276  AmoebozoaEP00007CuneaspBSH02190019_4984991__DGAT2_MOUSE_Diacylglycerol_O-acyltransferase_2_OS_                                       20.18%    passed     28.79%
 277  ApusomonadidaThecamonastrahensUP000054408_5477494__MOGT1_XENTR_2-acylglycerol_O-acyltransferase_1_OS_                                12.87%    passed     19.41%
 278  RhodophytaGaldieriasulphurariaUP000030680_23112653__MOGT2_MOUSE_2-acylglycerol_O-acyltransferase_2_OS_                               27.49%    passed     45.42%
 279  ChoanoflagellataEP00037Helgoecanana_10807739__DGAT2_HUMAN_Diacylglycerol_O-acyltransferase_2_OS_                                     11.40%    passed      9.92%
 280  RhodelphisEP00736Rhodelphismarinus_22796324__DGAT2_DICDI_Diacylglycerol_O-acyltransferase_2_OS_                                       4.97%    passed     91.15%
 281  CryptophyceaeGuillardiathetaUP000011087_12263217__DG2L6_HUMAN_Diacylglycerol_O-acyltransferase_2-like_protein_6_OS_                  36.55%    passed     93.62%
 282  EuglenozoaEP00668Euglenalonga_12403540__MOG2B_XENLA_2-acylglycerol_O-acyltransferase_2-B_OS_                                          6.14%    failed      1.16%
 283  RotosphaeridaEP00160Parvulariaatlantis_23158923__DAT2D_SOYBN_Diacylglycerol_O-acyltransferase_2D_OS_                                 15.20%    passed     91.65%
 284  ChoanoflagellataEP00050Salpingoecakvevrii_11191658__MOGT2_MOUSE_2-acylglycerol_O-acyltransferase_2_OS_                               11.11%    passed     35.11%
 285  RigifilidaEP00004Rigifilaramosa_23142673__AWAT2_MOUSE_Acyl-CoA_wax_alcohol_acyltransferase_2_OS_                                     48.54%    failed      0.52%
 286  RigifilidaEP00004Rigifilaramosa_23142676__MOGT2_HUMAN_2-acylglycerol_O-acyltransferase_2_OS_                                         24.56%    failed      0.00%
 287  MetazoaVertebrateHomosapiens_6462288__MOGT3_HUMAN_2-acylglycerol_O-acyltransferase_3_OS_                                              2.05%    passed     24.01%
 288  ChoanoflagellataEP00040Diaphanoecagrandis_10914224__MOGT3_HUMAN_2-acylglycerol_O-acyltransferase_3_OS_                               21.64%    passed     68.45%
 289  StramenopilesPhytophthorainfestansUP000006643_26383591__DGAT2_ARATH_Diacylglycerol_O-acyltransferase_2_OS_                           24.27%    passed     76.68%
 290  CryptophyceaeEP00290BaffinellaspCCMP2293_12045629__MOGT3_HUMAN_2-acylglycerol_O-acyltransferase_3_OS_                                12.87%    passed     74.66%
 291  TelonemiaP00656Telonemasubtile_26514314__DGAT2_DICDI_Diacylglycerol_O-acyltransferase_2_OS_                                          43.86%    passed     17.60%
 292  TelonemiaP00656Telonemasubtile_26514316__DGAT2_DICDI_Diacylglycerol_O-acyltransferase_2_OS_                                          25.73%    passed      7.08%
 293  CryptophyceaeEP00290BaffinellaspCCMP2293_12060121__DGAT2_BOVIN_Diacylglycerol_O-acyltransferase_2_OS_                                14.33%    passed     44.12%
 294  CryptophyceaeEP00290BaffinellaspCCMP2293_12058697__DGAT2_BOVIN_Diacylglycerol_O-acyltransferase_2_OS_                                22.51%    passed     28.45%
 295  TelonemiaP00656Telonemasubtile_26521970__DGAT2_ARATH_Diacylglycerol_O-acyltransferase_2_OS_                                          20.18%    passed     34.37%
 296  MetazoaBryozoaBugulaneritina_1816768__MOG2A_XENLA_2-acylglycerol_O-acyltransferase_2-A_OS_                                           47.66%    passed     17.11%
 297  CentroplasthelidaEP00300ChoanocystisspHF7_5620981__DGAT2_XENLA_Diacylglycerol_O-acyltransferase_2_OS_                                33.63%    passed     89.74%
 298  CentroplasthelidaEP00300ChoanocystisspHF7_5626952__DAT2D_SOYBN_Diacylglycerol_O-acyltransferase_2D_OS_                               26.02%    passed     96.48%
 299  MetazoaCnidariaAnthopleuraelegantissima_3008979__MOGT1_MOUSE_2-acylglycerol_O-acyltransferase_1_OS_                                  69.30%    passed     52.54%
 300  MetazoaCnidariaAnthopleuraelegantissima_3014319__MOGT2_HUMAN_2-acylglycerol_O-acyltransferase_2_OS_                                  63.16%    failed      3.51%
 301  MetazoaCnidariaMontastraeacavernosa_3346644__MOGT1_BOVIN_2-acylglycerol_O-acyltransferase_1_OS_                                      43.86%    passed     90.46%
 302  ChloroplastidaChlamydomonasreinhardtiiUP000006906_6365426__DGAT2_ARATH_Diacylglycerol_O-acyltransferase_2_OS_                        15.50%    failed      0.23%
 303  ChloroplastidaChlamydomonasreinhardtiiUP000006906_6368557__DGAT2_ARATH_Diacylglycerol_O-acyltransferase_2_OS_                        22.22%    passed     71.82%
 304  RigifilidaEP00004Rigifilaramosa_23128473__DAT2D_SOYBN_Diacylglycerol_O-acyltransferase_2D_OS_                                        23.68%    passed     10.13%
 305  ChloroplastidaChlamydomonasreinhardtiiUP000006906_6368851__DAT2D_SOYBN_Diacylglycerol_O-acyltransferase_2D_OS_                       23.10%    failed      4.50%
 306  MetazoaPoriferaEP00118Oscarellapearsei_4837371__DGAT2_DICDI_Diacylglycerol_O-acyltransferase_2_OS_                                    1.46%    passed     45.46%
 307  MetazoaCnidariaNematostellavectensis_3382086__MOG2A_XENLA_2-acylglycerol_O-acyltransferase_2-A_OS_                                    1.46%    passed     48.54%
 308  MetazoaArthropodaEP00090Calanusglacialis_691125__MOG2A_XENLA_2-acylglycerol_O-acyltransferase_2-A_OS_                                18.71%    passed     51.21%
 309  MetazoaArthropodaEP00090Calanusglacialis_691127__MOG2A_XENLA_2-acylglycerol_O-acyltransferase_2-A_OS_                                16.67%    passed     53.05%
 310  MetazoaArthropodaEP00090Calanusglacialis_691129__MOG2A_XENLA_2-acylglycerol_O-acyltransferase_2-A_OS_                                 1.75%    passed     65.22%
 311  StramenopilesPhytophthorainfestansUP000006643_26370657__AWAT2_MOUSE_Acyl-CoA_wax_alcohol_acyltransferase_2_OS_                       21.05%    passed     70.97%
 312  ChloroplastidaArabidopsisthalianaUP000006548_5880176__DGAT2_ARATH_Diacylglycerol_O-acyltransferase_2_OS_                             21.35%    passed     98.54%
 313  RigifilidaEP00004Rigifilaramosa_23134328__MOGT1_MOUSE_2-acylglycerol_O-acyltransferase_1_OS_                                         19.01%    passed     31.43%
 314  RigifilidaEP00004Rigifilaramosa_23134329__MOGT2_HUMAN_2-acylglycerol_O-acyltransferase_2_OS_                                         22.81%    passed     54.53%
 315  RigifilidaEP00004Rigifilaramosa_23134330__MOGT1_MOUSE_2-acylglycerol_O-acyltransferase_1_OS_                                         20.18%    passed     30.96%
 316  MetazoaNematodaCaenorhabditiselegans_4309023__MOGT1_XENTR_2-acylglycerol_O-acyltransferase_1_OS_                                      1.46%    passed     43.44%
 317  StramenopilesPhytophthorainfestansUP000006643_26374624__DGAT2_DICDI_Diacylglycerol_O-acyltransferase_2_OS_                           24.56%    passed     49.09%
 318  StramenopilesPhytophthorainfestansUP000006643_26374627__DGAT2_DICDI_Diacylglycerol_O-acyltransferase_2_OS_                           25.15%    passed     42.02%
 319  ChoanoflagellataEP00047Mylnosigafluctuans_11121001__DAT2D_SOYBN_Diacylglycerol_O-acyltransferase_2D_OS_                              23.10%    passed     64.42%
 320  MetazoaAnnelidaHelobdellarobusta_86758__MOGT2_HUMAN_2-acylglycerol_O-acyltransferase_2_OS_                                            1.46%    passed      6.64%
 321  MetazoaVertebrateHomosapiens_6461478__DG2L6_HUMAN_Diacylglycerol_O-acyltransferase_2-like_protein_6_OS_                               3.22%    passed     61.96%
 322  CollodictyonidaeEP00002Diphylleiarotans_11634295__DGAT2_DICDI_Diacylglycerol_O-acyltransferase_2_OS_                                 11.70%    passed     67.46%
 323  CollodictyonidaeEP00002Diphylleiarotans_11634296__DGAT2_DICDI_Diacylglycerol_O-acyltransferase_2_OS_                                 25.15%    passed     76.98%
 324  StramenopilesEP00652Aphanomycesastaci_26138205__DGAT2_DICDI_Diacylglycerol_O-acyltransferase_2_OS_                                   18.13%    passed     29.71%
 325  StramenopilesEP00652Aphanomycesastaci_26141968__DAT2D_SOYBN_Diacylglycerol_O-acyltransferase_2D_OS_                                  29.82%    passed     65.86%
 326  ChoanoflagellataEP00035Acanthoecaspectabilis_10723256__DAT2D_SOYBN_Diacylglycerol_O-acyltransferase_2D_OS_                           21.64%    passed     62.34%
 327  IchthyosporeaEP00123Amoebidiumparasiticum_14550018__MOGT2_MOUSE_2-acylglycerol_O-acyltransferase_2_OS_                               12.87%    passed     69.49%
 328  AlveolataEP00333Tetrahymenathermophila_73864__AWAT2_MOUSE_Acyl-CoA_wax_alcohol_acyltransferase_2_OS_                                 26.32%    failed      0.01%
 329  PluriformeaEP00127Corallochytriumlimacisporum_21623785__DGAT2_HUMAN_Diacylglycerol_O-acyltransferase_2_OS_                           16.67%    passed     74.58%
 330  RhizariaEP00473Plasmodiophorabrassicae_22119745__DG2L6_HUMAN_Diacylglycerol_O-acyltransferase_2-like_protein_6_OS_                   29.53%    passed     94.30%
 331  MetazoaAnnelidaEP00103Capitellateleta_54427__MOGT1_BOVIN_2-acylglycerol_O-acyltransferase_1_OS_                                       0.88%    passed     99.45%
 332  MetazoaNematodaCaenorhabditiselegans_4318027__MOG2A_XENLA_2-acylglycerol_O-acyltransferase_2-A_OS_                                    2.63%    passed     98.09%
 333  MetazoaTardigradaRamazzotiusvarieornatus_5277874__MOGT1_XENTR_2-acylglycerol_O-acyltransferase_1_OS_                                  2.05%    passed     81.09%
 334  MetazoaCnidariaMadracisauretenra_3297964__DG2L6_MOUSE_Diacylglycerol_O-acyltransferase_2-like_protein_6_OS_                          63.45%    passed     28.32%
 335  TelonemiaP00656Telonemasubtile_26557945__MOGT1_XENTR_2-acylglycerol_O-acyltransferase_1_OS_                                          20.76%    passed     18.61%
 336  TelonemiaP00656Telonemasubtile_26557947__DGAT2_DICDI_Diacylglycerol_O-acyltransferase_2_OS_                                          22.51%    passed     66.16%
 337  TelonemiaP00656Telonemasubtile_26539460__MOGT1_MOUSE_2-acylglycerol_O-acyltransferase_1_OS_                                          58.19%    passed     30.28%
 338  MetazoaCnidariaMontastraeacavernosa_3338890__MOGT3_HUMAN_2-acylglycerol_O-acyltransferase_3_OS_                                      70.47%    passed     16.08%
 339  TelonemiaP00656Telonemasubtile_26513877__DAT2D_SOYBN_Diacylglycerol_O-acyltransferase_2D_OS_                                         28.95%    passed      7.30%
 340  RhizariaEP00473Plasmodiophorabrassicae_22121381__DGAT2_ARATH_Diacylglycerol_O-acyltransferase_2_OS_                                  27.49%    passed     37.29%
 341  CentroplasthelidaEP00300ChoanocystisspHF7_5624627__DGAT2_ARATH_Diacylglycerol_O-acyltransferase_2_OS_                                19.59%    passed     15.86%
 342  HaptophytaEP00327Prymnesiumparvum_14298542__DGAT2_DANRE_Diacylglycerol_O-acyltransferase_2_OS_                                       18.42%    passed     48.12%
 343  IchthyosporeaEP00123Amoebidiumparasiticum_14561025__DGAT2_XENTR_Diacylglycerol_O-acyltransferase_2_OS_                               16.67%    passed     76.65%
 344  AlveolataEP00742ColponemidiaspColp10_4276954__DGAT2_BOVIN_Diacylglycerol_O-acyltransferase_2_OS_                                     17.84%    passed     92.01%
 345  RhizariaEP00473Plasmodiophorabrassicae_22123132__DGAT2_ARATH_Diacylglycerol_O-acyltransferase_2_OS_                                  27.19%    passed     35.24%
 346  ChoanoflagellataEP00037Helgoecanana_10806555__DAT2D_SOYBN_Diacylglycerol_O-acyltransferase_2D_OS_                                    20.76%    passed     16.32%
 347  RhizariaEP00473Plasmodiophorabrassicae_22116629__DGAT2_XENTR_Diacylglycerol_O-acyltransferase_2_OS_                                  27.19%    passed     20.95%
 348  HaptophytaEP00327Prymnesiumparvum_14266056__DG2L6_HUMAN_Diacylglycerol_O-acyltransferase_2-like_protein_6_OS_                        59.94%    passed     48.59%
 349  MetazoaVertebrateHomosapiens_6460687__AWAT2_HUMAN_Acyl-CoA_wax_alcohol_acyltransferase_2_OS_                                          3.22%    passed     77.50%
 350  StramenopilesEP00652Aphanomycesastaci_26138259__MOGT3_HUMAN_2-acylglycerol_O-acyltransferase_3_OS_                                   23.39%    passed     11.86%
 351  StramenopilesEP00652Aphanomycesastaci_26138260__MOGT2_MOUSE_2-acylglycerol_O-acyltransferase_2_OS_                                   30.99%    passed     22.48%
 352  StramenopilesEP00652Aphanomycesastaci_26138258__MOGT2_MOUSE_2-acylglycerol_O-acyltransferase_2_OS_                                   20.76%    passed     30.88%
 353  CentroplasthelidaEP00300ChoanocystisspHF7_5605332__DG2L6_MOUSE_Diacylglycerol_O-acyltransferase_2-like_protein_6_OS_                 30.70%    passed     86.74%
 354  CryptophyceaeEP00290BaffinellaspCCMP2293_12058532__DGAT2_ARATH_Diacylglycerol_O-acyltransferase_2_OS_                                21.05%    passed     62.05%
 355  MetazoaCnidariaMontastraeacavernosa_3321090__MOG2B_XENLA_2-acylglycerol_O-acyltransferase_2-B_OS_                                    64.04%    passed     53.92%
 356  MetazoaCnidariaMontastraeacavernosa_3333028__DGT2B_UMBRA_Diacylglycerol_O-acyltransferase_2B_OS_                                     65.79%    passed     57.93%
 357  MetazoaCnidariaMadracisauretenra_3293363__MOGT1_BOVIN_2-acylglycerol_O-acyltransferase_1_OS_                                         48.54%    passed     71.95%
 358  MetazoaPoriferaLeucosoleniacomplicata_5058654__DGAT2_ARATH_Diacylglycerol_O-acyltransferase_2_OS_                                    71.05%    passed     83.54%
 359  MetazoaCnidariaMadracisauretenra_3298773__MOGT3_HUMAN_2-acylglycerol_O-acyltransferase_3_OS_                                         34.50%    passed     75.31%
 360  TelonemiaP00656Telonemasubtile_26553689__DGAT2_ARATH_Diacylglycerol_O-acyltransferase_2_OS_                                          25.44%    failed      2.51%
 361  MetazoaCnidariaMadracisauretenra_3304165__DGAT2_XENTR_Diacylglycerol_O-acyltransferase_2_OS_                                         62.57%    passed     84.91%
 362  RigifilidaEP00004Rigifilaramosa_23125871__AWAT2_MOUSE_Acyl-CoA_wax_alcohol_acyltransferase_2_OS_                                     11.70%    passed     38.67%
 363  StramenopilesPhytophthorainfestansUP000006643_26374594__DGAT2_DICDI_Diacylglycerol_O-acyltransferase_2_OS_                           28.07%    passed     27.60%
 364  AlveolataEP00742ColponemidiaspColp10_4283727__DGAT2_ASHGO_Diacylglycerol_O-acyltransferase_1_OS_                                     12.87%    passed     52.59%
 365  AlveolataEP00742ColponemidiaspColp10_4275260__DG2L6_MOUSE_Diacylglycerol_O-acyltransferase_2-like_protein_6_OS_                      30.12%    passed     42.80%
 366  MetazoaCnidariaMadracisauretenra_3274993__DGAT2_HUMAN_Diacylglycerol_O-acyltransferase_2_OS_                                         53.80%    passed     47.38%
 367  TelonemiaP00656Telonemasubtile_26537568__DGAT2_RICCO_Diacylglycerol_O-acyltransferase_2_OS_                                          30.12%    passed     63.64%
 368  HaptophytaEP00327Prymnesiumparvum_14303332__MOGT3_HUMAN_2-acylglycerol_O-acyltransferase_3_OS_                                       47.95%    passed     10.12%
 369  StramenopilesPhytophthorainfestansUP000006643_26374622__DGAT2_DICDI_Diacylglycerol_O-acyltransferase_2_OS_                           50.00%    passed     27.34%
 370  AlveolataEP00742ColponemidiaspColp10_4284262__DGAT2_YEAST_Diacylglycerol_O-acyltransferase_1_OS_                                     15.50%    passed     93.89%
 371  HaptophytaEP00327Prymnesiumparvum_14289872__DGAT2_XENLA_Diacylglycerol_O-acyltransferase_2_OS_                                       82.75%    passed     58.81%
 372  MetazoaVertebrateHomosapiens_6460741__DG2L7_HUMAN_Putative_diacylglycerol_O-acyltransferase_2-like_protein_DGAT2L7P_OS_              35.38%    failed      0.00%
WARNING: 45 sequences contain more than 50% gaps/ambiguity
****  TOTAL                                                                                                                                21.17%  37 sequences failed composition chi2 test (p-value<5%; df=19)
NOTE: EuglenozoaEP00668Euglenalonga_12426216__DGT2A_UMBRA_Diacylglycerol_O-acyltransferase_2A_OS_ is identical to EuglenozoaEP00668Euglenalonga_12426217__DGT2A_UMBRA_Diacylglycerol_O-acyltransferase_2A_OS_ but kept for subsequent analysis


Create initial parsimony tree by phylogenetic likelihood library (PLL)... 0.243 seconds
Measuring multi-threading efficiency up to 24 CPU cores
Increase to 10 rounds for branch lengths
11 trees examined
Threads: 1 / Time: 25.025 sec / Speedup: 1.000 / Efficiency: 100% / LogL: -192701
Threads: 2 / Time: 14.609 sec / Speedup: 1.713 / Efficiency: 86% / LogL: -192701
Threads: 3 / Time: 11.555 sec / Speedup: 2.166 / Efficiency: 72% / LogL: -192701
Threads: 4 / Time: 10.065 sec / Speedup: 2.486 / Efficiency: 62% / LogL: -192701
Threads: 5 / Time: 9.252 sec / Speedup: 2.705 / Efficiency: 54% / LogL: -192701
Threads: 6 / Time: 8.806 sec / Speedup: 2.842 / Efficiency: 47% / LogL: -192701
BEST NUMBER OF THREADS: 5

Perform fast likelihood tree search using LG+G model...
Estimate model parameters (epsilon = 5.000)
Perform nearest neighbor interchange...
Estimate model parameters (epsilon = 1.000)
1. Initial log-likelihood: -142599.318
Optimal log-likelihood: -142599.181
Gamma shape alpha: 1.727
Parameters optimization took 1 rounds (0.233 sec)
Time for fast ML tree search: 4.795 seconds

NOTE: ModelFinder requires 210 MB RAM!
ModelFinder will test up to 462 protein models (sample size: 342) ...
 No. Model         -LnL         df  AIC          AICc         BIC
  1  LG            147103.059   741 295688.118   1395332.118  298529.713
  2  LG+G4         142599.184   742 286682.367   1389294.367  289527.797
  3  LG+R2         143584.081   743 288654.162   1394238.162  291503.427
  4  LG+R3         142793.429   745 287076.858   1398616.858  289933.792
  5  LG+R4         142519.739   747 286533.479   1404045.479  289398.082
  6  LG+R5         142377.157   749 286252.314   1409752.314  289124.587
  7  LG+R6         142315.495   751 286132.989   1415636.989  289012.932
  8  LG+R7         142288.304   753 286082.608   1421606.608  288970.220
  9  LG+R8         142271.191   755 286052.381   1427612.381  288947.664
 10  LG+R9         142269.939   757 286053.877   1433665.877  288956.829
 20  LG+F+R8       142134.002   774 285816.003   1485516.003  288784.147
 21  LG+F+R9       142124.189   776 285800.379   1491704.379  288776.192
 31  WAG+R8        143370.273   755 288250.545   1429810.545  291145.827
 32  WAG+R9        143367.662   757 288249.324   1435861.324  291152.276
 42  WAG+F+R8      143050.786   774 287649.572   1487349.572  290617.716
 43  WAG+F+R9      143049.794   776 287651.587   1493555.587  290627.400
 53  JTT+R8        144759.464   755 291028.928   1432588.928  293924.210
 54  JTT+R9        144752.031   757 291018.061   1438630.061  293921.013
 64  JTT+F+R8      144626.244   774 290800.488   1490500.488  293768.632
 65  JTT+F+R9      144624.272   776 290800.544   1496704.544  293776.357
 75  JTTDCMut+R8   144784.111   755 291078.222   1432638.222  293973.504
 76  JTTDCMut+R9   144772.104   757 291058.208   1438670.208  293961.160
 86  JTTDCMut+F+R8 144641.082   774 290830.164   1490530.164  293798.307
 87  JTTDCMut+F+R9 144639.103   776 290830.206   1496734.206  293806.019
 97  DCMut+R8      145935.286   755 293380.571   1434940.571  296275.854
 98  DCMut+R9      145928.877   757 293371.753   1440983.753  296274.705
108  DCMut+F+R8    145163.185   774 291874.370   1491574.370  294842.513
109  DCMut+F+R9    145159.428   776 291870.856   1497774.856  294846.669
119  VT+R8         143592.358   755 288694.716   1430254.716  291589.998
120  VT+R9         143590.629   757 288695.259   1436307.259  291598.210
130  VT+F+R8       143421.032   774 288390.064   1488090.064  291358.207
131  VT+F+R9       143420.236   776 288392.472   1494296.472  291368.285
141  PMB+R8        143638.483   755 288786.966   1430346.966  291682.248
142  PMB+R9        143638.013   757 288790.025   1436402.025  291692.977
152  PMB+F+R8      144196.360   774 289940.720   1489640.720  292908.863
153  PMB+F+R9      144195.747   776 289943.494   1495847.494  292919.308
163  Blosum62+R8   143675.903   755 288861.806   1430421.806  291757.088
164  Blosum62+R9   143673.640   757 288861.280   1436473.280  291764.231
174  Blosum62+F+R8 143973.274   774 289494.548   1489194.548  292462.691
175  Blosum62+F+R9 143972.261   776 289496.521   1495400.521  292472.334
185  Dayhoff+R8    145932.504   755 293375.009   1434935.009  296270.291
186  Dayhoff+R9    145926.014   757 293366.027   1440978.027  296268.979
196  Dayhoff+F+R8  145156.228   774 291860.456   1491560.456  294828.599
197  Dayhoff+F+R9  145148.882   776 291849.764   1497753.764  294825.577
207  mtREV+R8      150773.174   755 303056.348   1444616.348  305951.630
208  mtREV+R9      150739.005   757 302992.010   1450604.010  305894.962
218  mtREV+F+R8    145961.701   774 293471.402   1493171.402  296439.546
219  mtREV+F+R9    145947.405   776 293446.811   1499350.811  296422.624
229  mtART+R8      150824.323   755 303158.646   1444718.646  306053.928
230  mtART+R9      150805.023   757 303124.046   1450736.046  306026.998
240  mtART+F+R8    146190.341   774 293928.683   1493628.683  296896.826
241  mtART+F+R9    146175.736   776 293903.473   1499807.473  296879.286
251  mtZOA+R8      146966.388   755 295442.776   1437002.776  298338.058
252  mtZOA+R9      146955.600   757 295425.201   1443037.201  298328.153
262  mtZOA+F+R8    144155.630   774 289859.261   1489559.261  292827.404
263  mtZOA+F+R9    144147.136   776 289846.273   1495750.273  292822.086
273  mtMet+R8      149611.975   755 300733.950   1442293.950  303629.232
274  mtMet+R9      149610.236   757 300734.471   1448346.471  303637.423
284  mtMet+F+R8    145330.584   774 292209.167   1491909.167  295177.311
285  mtMet+F+R9    145308.290   776 292168.580   1498072.580  295144.393
295  mtVer+R8      152183.697   755 305877.395   1447437.395  308772.677
296  mtVer+R9      152153.701   757 305821.402   1453433.402  308724.354
306  mtVer+F+R8    148229.957   774 298007.914   1497707.914  300976.057
307  mtVer+F+R9    148188.551   776 297929.101   1503833.101  300904.914
317  mtInv+R8      149778.635   755 301067.269   1442627.269  303962.551
318  mtInv+R9      149767.056   757 301048.113   1448660.113  303951.065
328  mtInv+F+R8    143982.286   774 289512.573   1489212.573  292480.716
329  mtInv+F+R9    143966.969   776 289485.938   1495389.938  292461.751
339  mtMAM+R8      154442.353   755 310394.707   1451954.707  313289.989
340  mtMAM+R9      154430.234   757 310374.468   1457986.468  313277.420
350  mtMAM+F+R8    150017.684   774 301583.367   1501283.367  304551.511
351  mtMAM+F+R9    150016.073   776 301584.146   1507488.146  304559.959
361  HIVb+R8       147989.090   755 297488.180   1439048.180  300383.462
362  HIVb+R9       147982.534   757 297479.069   1445091.069  300382.021
372  HIVb+F+R8     147936.745   774 297421.490   1497121.490  300389.633
373  HIVb+F+R9     147931.286   776 297414.572   1503318.572  300390.385
383  HIVw+R8       156324.775   755 314159.550   1455719.550  317054.832
384  HIVw+R9       156312.525   757 314139.050   1461751.050  317042.002
394  HIVw+F+R8     153697.147   774 308942.294   1508642.294  311910.438
395  HIVw+F+R9     153663.238   776 308878.475   1514782.475  311854.288
405  FLU+R8        147917.403   755 297344.806   1438904.806  300240.088
406  FLU+R9        147911.795   757 297337.591   1444949.591  300240.543
416  FLU+F+R8      147193.373   774 295934.745   1495634.745  298902.889
417  FLU+F+R9      147190.787   776 295933.575   1501837.575  298909.388
427  rtREV+R8      143971.833   755 289453.666   1431013.666  292348.948
428  rtREV+R9      143965.242   757 289444.483   1437056.483  292347.435
438  rtREV+F+R8    143058.641   774 287665.282   1487365.282  290633.425
439  rtREV+F+R9    143051.556   776 287655.112   1493559.112  290630.925
449  cpREV+R8      144415.996   755 290341.992   1431901.992  293237.274
450  cpREV+R9      144409.307   757 290332.615   1437944.615  293235.566
460  cpREV+F+R8    143830.030   774 289208.061   1488908.061  292176.204
461  cpREV+F+R9    143817.304   776 289186.608   1495090.608  292162.422
Akaike Information Criterion:           LG+F+R9
Corrected Akaike Information Criterion: LG+G4
Bayesian Information Criterion:         LG+F+R9
Best-fit model: LG+F+R9 chosen according to BIC

All model information printed to DGAT2L4.fasta.cdhit.mafft.trimal.UFB.model.gz
CPU time for ModelFinder: 9882.175 seconds (2h:44m:42s)
Wall-clock time for ModelFinder: 2032.384 seconds (0h:33m:52s)
Generating 1000 samples for ultrafast bootstrap (seed: 656814)...

NOTE: 189 MB RAM (0 GB) is required!
Estimate model parameters (epsilon = 0.100)
1. Initial log-likelihood: -142124.189
Optimal log-likelihood: -142124.187
Site proportion and rates:  (0.034,0.068) (0.062,0.207) (0.081,0.349) (0.145,0.531) (0.143,0.745) (0.150,1.025) (0.170,1.306) (0.157,1.687) (0.058,2.302)
Parameters optimization took 1 rounds (1.183 sec)
Computing ML distances based on estimated model parameters... 40.424 sec
WARNING: Some pairwise ML distances are too long (saturated)
Computing BIONJ tree...
0.153 seconds
Log-likelihood of BIONJ tree: -142956.828
--------------------------------------------------------------------
|             INITIALIZING CANDIDATE TREE SET                      |
--------------------------------------------------------------------
Generating 98 parsimony trees... 21.967 second
Computing log-likelihood of 98 initial trees ... 17.686 seconds
Current best score: -142124.187

Do NNI search on 20 best initial trees
Estimate model parameters (epsilon = 0.100)
BETTER TREE FOUND at iteration 1: -142095.693
Estimate model parameters (epsilon = 0.100)
BETTER TREE FOUND at iteration 2: -141973.159
Estimate model parameters (epsilon = 0.100)
BETTER TREE FOUND at iteration 4: -141966.380
Iteration 10 / LogL: -142033.640 / Time: 0h:2m:14s
Estimate model parameters (epsilon = 0.100)
BETTER TREE FOUND at iteration 12: -141959.887
Iteration 20 / LogL: -141984.866 / Time: 0h:3m:35s
Finish initializing candidate tree set (20)
Current best tree score: -141959.887 / CPU time: 198.067
Number of iterations: 20
--------------------------------------------------------------------
|               OPTIMIZING CANDIDATE TREE SET                      |
--------------------------------------------------------------------
Estimate model parameters (epsilon = 0.100)
BETTER TREE FOUND at iteration 21: -141929.463
Estimate model parameters (epsilon = 0.100)
BETTER TREE FOUND at iteration 23: -141894.309
Iteration 30 / LogL: -141933.837 / Time: 0h:4m:31s (0h:14m:30s left)
Estimate model parameters (epsilon = 0.100)
BETTER TREE FOUND at iteration 32: -141869.051
Estimate model parameters (epsilon = 0.100)
BETTER TREE FOUND at iteration 34: -141861.637
Iteration 40 / LogL: -141979.465 / Time: 0h:5m:28s (0h:13m:12s left)
Estimate model parameters (epsilon = 0.100)
BETTER TREE FOUND at iteration 43: -141859.198
Estimate model parameters (epsilon = 0.100)
BETTER TREE FOUND at iteration 45: -141856.029
Estimate model parameters (epsilon = 0.100)
BETTER TREE FOUND at iteration 46: -141843.946
Estimate model parameters (epsilon = 0.100)
BETTER TREE FOUND at iteration 48: -141839.343
Iteration 50 / LogL: -141865.549 / Time: 0h:6m:34s (0h:13m:9s left)
Log-likelihood cutoff on original alignment: -142072.031
Estimate model parameters (epsilon = 0.100)
BETTER TREE FOUND at iteration 60: -141830.312
Iteration 60 / LogL: -141830.312 / Time: 0h:7m:26s (0h:12m:37s left)
Estimate model parameters (epsilon = 0.100)
BETTER TREE FOUND at iteration 64: -141826.180
Estimate model parameters (epsilon = 0.100)
BETTER TREE FOUND at iteration 67: -141823.904
Iteration 70 / LogL: -141853.861 / Time: 0h:8m:20s (0h:11m:43s left)
Iteration 80 / LogL: -141825.319 / Time: 0h:9m:7s (0h:10m:2s left)
Estimate model parameters (epsilon = 0.100)
BETTER TREE FOUND at iteration 83: -141806.420
Estimate model parameters (epsilon = 0.100)
BETTER TREE FOUND at iteration 86: -141794.915
Iteration 90 / LogL: -141826.153 / Time: 0h:10m:7s (0h:10m:55s left)
Iteration 100 / LogL: -141818.711 / Time: 0h:10m:54s (0h:9m:28s left)
Log-likelihood cutoff on original alignment: -141987.259
NOTE: Bootstrap correlation coefficient of split occurrence frequencies: 0.915
NOTE: UFBoot does not converge, continue at least 100 more iterations
Estimate model parameters (epsilon = 0.100)
BETTER TREE FOUND at iteration 102: -141786.588
Iteration 110 / LogL: -141815.775 / Time: 0h:11m:50s (0h:9m:59s left)
Estimate model parameters (epsilon = 0.100)
BETTER TREE FOUND at iteration 119: -141779.608
Iteration 120 / LogL: -141859.360 / Time: 0h:12m:40s (0h:10m:32s left)
Iteration 130 / LogL: -141819.495 / Time: 0h:13m:30s (0h:9m:19s left)
Estimate model parameters (epsilon = 0.100)
BETTER TREE FOUND at iteration 137: -141777.849
Iteration 140 / LogL: -141796.556 / Time: 0h:14m:20s (0h:10m:0s left)
Iteration 150 / LogL: -141795.935 / Time: 0h:15m:9s (0h:8m:51s left)
Log-likelihood cutoff on original alignment: -141987.259
Estimate model parameters (epsilon = 0.100)
BETTER TREE FOUND at iteration 158: -141777.435
Iteration 160 / LogL: -141795.710 / Time: 0h:16m:1s (0h:9m:52s left)
Iteration 170 / LogL: -141823.933 / Time: 0h:16m:50s (0h:8m:46s left)
Iteration 180 / LogL: -141786.099 / Time: 0h:17m:39s (0h:7m:41s left)
Iteration 190 / LogL: -141845.878 / Time: 0h:18m:27s (0h:6m:38s left)
Iteration 200 / LogL: -141787.692 / Time: 0h:19m:17s (0h:5m:37s left)
Log-likelihood cutoff on original alignment: -141987.259
NOTE: Bootstrap correlation coefficient of split occurrence frequencies: 0.975
NOTE: UFBoot does not converge, continue at least 100 more iterations
Iteration 210 / LogL: -141799.782 / Time: 0h:20m:7s (0h:8m:39s left)
Iteration 220 / LogL: -141818.693 / Time: 0h:20m:53s (0h:7m:37s left)
Iteration 230 / LogL: -141801.619 / Time: 0h:21m:40s (0h:6m:37s left)
Iteration 240 / LogL: -141812.726 / Time: 0h:22m:26s (0h:5m:37s left)
Iteration 250 / LogL: -141785.384 / Time: 0h:23m:16s (0h:4m:40s left)
Log-likelihood cutoff on original alignment: -141987.259
Iteration 260 / LogL: -141782.020 / Time: 0h:24m:3s (0h:3m:42s left)
Iteration 270 / LogL: -141786.677 / Time: 0h:24m:54s (0h:2m:46s left)
Iteration 280 / LogL: -141799.362 / Time: 0h:25m:40s (0h:1m:50s left)
Iteration 290 / LogL: -141789.981 / Time: 0h:26m:28s (0h:0m:54s left)
Iteration 300 / LogL: -141821.747 / Time: 0h:27m:17s (0h:0m:0s left)
Log-likelihood cutoff on original alignment: -141933.166
NOTE: Bootstrap correlation coefficient of split occurrence frequencies: 0.995
TREE SEARCH COMPLETED AFTER 300 ITERATIONS / Time: 0h:27m:19s

--------------------------------------------------------------------
|                    FINALIZING TREE SEARCH                        |
--------------------------------------------------------------------
Performs final model parameters optimization
Estimate model parameters (epsilon = 0.010)
1. Initial log-likelihood: -141777.435
Optimal log-likelihood: -141777.433
Site proportion and rates:  (0.035,0.068) (0.060,0.208) (0.077,0.348) (0.140,0.522) (0.164,0.736) (0.143,1.043) (0.176,1.323) (0.150,1.702) (0.054,2.325)
Parameters optimization took 1 rounds (1.145 sec)
BEST SCORE FOUND : -141777.433

Testing tree branches by SH-like aLRT with 1000 replicates...
Testing tree branches by aBayes parametric test...
Alternative NNI shows better log-likelihood -141777.111 > -141777.433
1.029 sec.
Creating bootstrap support values...
Split supports printed to NEXUS file DGAT2L4.fasta.cdhit.mafft.trimal.UFB.splits.nex
Total tree length: 203.630

Total number of iterations: 300
CPU time used for tree search: 7893.317 sec (2h:11m:33s)
Wall-clock time used for tree search: 1621.486 sec (0h:27m:1s)
Total CPU time used: 7992.756 sec (2h:13m:12s)
Total wall-clock time used: 1642.638 sec (0h:27m:22s)

Computing bootstrap consensus tree...
Reading input file DGAT2L4.fasta.cdhit.mafft.trimal.UFB.splits.nex...
372 taxa and 2084 splits.
Consensus tree written to DGAT2L4.fasta.cdhit.mafft.trimal.UFB.contree
Reading input trees file DGAT2L4.fasta.cdhit.mafft.trimal.UFB.contree
Log-likelihood of consensus tree: -141776.520

Analysis results written to: 
  IQ-TREE report:                DGAT2L4.fasta.cdhit.mafft.trimal.UFB.iqtree
  Maximum-likelihood tree:       DGAT2L4.fasta.cdhit.mafft.trimal.UFB.treefile
  Likelihood distances:          DGAT2L4.fasta.cdhit.mafft.trimal.UFB.mldist

Ultrafast bootstrap approximation results written to:
  Split support values:          DGAT2L4.fasta.cdhit.mafft.trimal.UFB.splits.nex
  Consensus tree:                DGAT2L4.fasta.cdhit.mafft.trimal.UFB.contree
  Screen log file:               DGAT2L4.fasta.cdhit.mafft.trimal.UFB.log

Date and Time: Thu Jan  5 16:18:36 2023
