IQ-TREE multicore version 2.0.6 for Linux 64-bit built May 30 2020
Developed by Bui Quang Minh, Nguyen Lam Tung, Olga Chernomor,
Heiko Schmidt, Dominik Schrempf, Michael Woodhams.

Host:    node138 (AVX2, FMA3, 125 GB RAM)
Command: iqtree2 -s BCMO1_CCO.fasta.cdhit.mafft.trimal -m MFP -B 1000 --alrt 1000 --abayes -T AUTO --prefix BCMO1_CCO.fasta.cdhit.mafft.trimal.UFB
Seed:    546967 (Using SPRNG - Scalable Parallel Random Number Generator)
Time:    Fri Dec  9 13:32:10 2022
Kernel:  AVX+FMA - auto-detect threads (24 CPU cores detected)

Reading alignment file BCMO1_CCO.fasta.cdhit.mafft.trimal ... Fasta format detected
Alignment most likely contains protein sequences
Alignment has 322 sequences with 550 columns, 550 distinct patterns
550 parsimony-informative, 0 singleton sites, 0 constant sites
                                                                                                                                                     Gap/Ambiguity  Composition  p-value
   1  MetazoaCnidariaMontastraeacavernosa_3317615__CCD1_ARATH_Carotenoid_9_10_9__10__-cleavage_dioxygenase_1_OS_                                            68.91%    passed     44.10%
   2  MetazoaArthropodaEP00090Calanusglacialis_700494__CCD8A_ORYSJ_Carotenoid_cleavage_dioxygenase_8_homolog_A__chloroplastic_OS_                           82.55%    passed     72.98%
   3  MetazoaArthropodaEP00090Calanusglacialis_685489__CCO_MYCTU_Carotenoid_cleavage_oxygenase_OS_                                                          82.91%    passed     60.80%
   4  MetazoaArthropodaEP00090Calanusglacialis_704499__BCDO2_MACFA_Beta_beta-carotene_9__10_-oxygenase_OS_                                                  56.00%    passed      6.14%
   5  MetazoaCnidariaMadracisauretenra_3289814__NCED6_ARATH_9-cis-epoxycarotenoid_dioxygenase_NCED6__chloroplastic_OS_                                      76.18%    passed     33.41%
   6  TelonemiaP00656Telonemasubtile_26553003__NCED3_ORYSJ_9-cis-epoxycarotenoid_dioxygenase_NCED3__chloroplastic_OS_                                       72.18%    passed     47.14%
   7  ChoanoflagellataEP00040Diaphanoecagrandis_10924455__BCDO2_MACFA_Beta_beta-carotene_9__10_-oxygenase_OS_                                               27.82%    failed      2.67%
   8  FungiFusariumoxysporumUP000002489_13356411__LSDX1_SPHPI_Lignostilbene-alpha_beta-dioxygenase_isozyme_I_OS_                                            22.91%    passed     35.61%
   9  AmoebozoaEP00007CuneaspBSH02190019_4982855__CCD1_PEA_Carotenoid_9_10_9__10__-cleavage_dioxygenase_1_OS_                                               24.36%    passed     80.65%
  10  MetazoaEchinodermataAcanthasterplanci_3799455__RP65C_DANRE_Retinal_Mueller_cells_isomerohydrolase_OS_                                                 66.91%    passed     74.73%
  11  RigifilidaEP00004Rigifilaramosa_23129586__ACOX_SYNY3_Apocarotenoid-15_15_-oxygenase_OS_                                                               48.18%    failed      0.06%
  12  RigifilidaEP00004Rigifilaramosa_23129587__ACOX_SYNY3_Apocarotenoid-15_15_-oxygenase_OS_                                                               38.55%    failed      0.00%
  13  FungiMortierellaelongataUP000078512_13372556__ACOX_SYNY3_Apocarotenoid-15_15_-oxygenase_OS_                                                           19.27%    passed     45.66%
  14  MetazoaCtenophoraMnemiopsisleidyi_3723109__ACOX_SYNY3_Apocarotenoid-15_15_-oxygenase_OS_                                                              20.73%    passed     99.87%
  15  FungiFusariumoxysporumUP000002489_13355243__LSDX1_SPHPI_Lignostilbene-alpha_beta-dioxygenase_isozyme_I_OS_                                            20.36%    failed      2.13%
  16  ChloroplastidaEP00248Marchantiapolymorpha_7476924__NCED1_SOLLC_9-cis-epoxycarotenoid_dioxygenase_NCED1__chloroplastic_OS_                             21.64%    passed     70.20%
  17  MetazoaCnidariaAcroporadigitifera_2931841__ACOX_SYNY3_Apocarotenoid-15_15_-oxygenase_OS_                                                              20.55%    passed     26.87%
  18  MetazoaCnidariaNematostellavectensis_3380321__ACOX_SYNY3_Apocarotenoid-15_15_-oxygenase_OS_                                                           20.91%    passed     17.10%
  19  MetazoaCtenophoraMnemiopsisleidyi_3724171__BCDO1_CHICK_Beta_beta-carotene_15_15_-dioxygenase_OS_                                                      23.27%    failed      2.82%
  20  FungiMortierellaelongataUP000078512_13376044__BCDO1_CHICK_Beta_beta-carotene_15_15_-dioxygenase_OS_                                                   14.00%    passed     66.61%
  21  GlaucophytaEP00276Gloeochaetewittrockiana_13481917__CCD1_ONCHC_Carotenoid_9_10_9__10__-cleavage_dioxygenase_1_OS_                                     24.55%    passed     57.59%
  22  ChloroplastidaEP00738Chloropiconprimus_8600745__CCD1_ARATH_Carotenoid_9_10_9__10__-cleavage_dioxygenase_1_OS_                                         18.73%    passed      8.09%
  23  MetazoaAnnelidaEP00103Capitellateleta_74123__BCDO2_MOUSE_Beta_beta-carotene_9__10_-oxygenase_OS_                                                      74.00%    passed     60.08%
  24  RigifilidaEP00004Rigifilaramosa_23128200__CCD8_ARATH_Carotenoid_cleavage_dioxygenase_8__chloroplastic_OS_                                             67.64%    passed     82.22%
  25  GlaucophytaEP00276Gloeochaetewittrockiana_13498174__CCD1_PEA_Carotenoid_9_10_9__10__-cleavage_dioxygenase_1_OS_                                       24.36%    passed     89.81%
  26  RhodophytaGaldieriasulphurariaUP000030680_23112117__ACOX_SYNY3_Apocarotenoid-15_15_-oxygenase_OS_                                                     22.55%    passed     21.02%
  27  ChloroplastidaArabidopsisthalianaUP000006548_5870591__NCED2_ARATH_9-cis-epoxycarotenoid_dioxygenase_NCED2__chloroplastic_OS_                          21.64%    passed     97.12%
  28  FungiFusariumoxysporumUP000002489_13369915__LSDX1_SPHPI_Lignostilbene-alpha_beta-dioxygenase_isozyme_I_OS_                                            23.27%    passed     90.48%
  29  MetazoaPoriferaStylissacarteri_5092395__BCDO2_MACFA_Beta_beta-carotene_9__10_-oxygenase_OS_                                                           84.00%    passed     24.93%
  30  MetazoaCnidariaFungiascutaria_3185146__BCDO2_MOUSE_Beta_beta-carotene_9__10_-oxygenase_OS_                                                            80.73%    passed     91.68%
  31  FungiRhizopusmicrosporusUP000242254_13431219__BCDO2_MOUSE_Beta_beta-carotene_9__10_-oxygenase_OS_                                                     15.27%    passed     27.81%
  32  FungiRhizopusmicrosporusUP000242254_13438725__BCDO2_MOUSE_Beta_beta-carotene_9__10_-oxygenase_OS_                                                     15.09%    passed     47.91%
  33  AmoebozoaEP00029Vermamoebavermiformis_5288596__CCD1_ONCHC_Carotenoid_9_10_9__10__-cleavage_dioxygenase_1_OS_                                          28.91%    passed     28.98%
  34  FungiEP00150Ustilagomaydis_13252684__LSDX3_SPHPI_Lignostilbene-alpha_beta-dioxygenase_isozyme_III_OS_                                                 22.73%    passed     16.63%
  35  MetazoaPoriferaStylissacarteri_5090935__RPE65_CHICK_Retinoid_isomerohydrolase_OS_                                                                     86.73%    passed     89.07%
  36  ChloroplastidaArabidopsisthalianaUP000006548_5871007__CCD1_ARATH_Carotenoid_9_10_9__10__-cleavage_dioxygenase_1_OS_                                   21.27%    passed     15.43%
  37  MetazoaCtenophoraPleurobrachiabachei_3755645__BCDO1_RAT_Beta_beta-carotene_15_15_-dioxygenase_OS_                                                     20.00%    passed     33.31%
  38  ChloroplastidaArabidopsisthalianaUP000006548_5885150__NCED6_ARATH_9-cis-epoxycarotenoid_dioxygenase_NCED6__chloroplastic_OS_                          22.00%    passed     35.70%
  39  RigifilidaEP00004Rigifilaramosa_23142743__CCD1_ARATH_Carotenoid_9_10_9__10__-cleavage_dioxygenase_1_OS_                                               23.27%    passed     93.77%
  40  ChloroplastidaEP00248Marchantiapolymorpha_7469206__CCD1_ONCHC_Carotenoid_9_10_9__10__-cleavage_dioxygenase_1_OS_                                      17.82%    passed     77.46%
  41  MetazoaArthropodaEP00090Calanusglacialis_675452__BCDO2_MACFA_Beta_beta-carotene_9__10_-oxygenase_OS_                                                  15.64%    failed      1.23%
  42  MetazoaPoriferaStylissacarteri_5073418__RPE65_RAT_Retinoid_isomerohydrolase_OS_                                                                       86.91%    passed     93.29%
  43  HeteroloboseaEP00761Pharyngomonaskirbyi_14491107__CCD1_PEA_Carotenoid_9_10_9__10__-cleavage_dioxygenase_1_OS_                                         26.00%    passed     27.05%
  44  GlaucophytaEP00276Gloeochaetewittrockiana_13490807__CCD_CROSA_Carotenoid_9_10_9__10__-cleavage_dioxygenase_OS_                                        24.18%    passed     94.89%
  45  RhodophytaGaldieriasulphurariaUP000030680_23112211__SYDC_BOVIN_Aspartate--tRNA_ligase__cytoplasmic_OS_                                                28.18%    passed     58.87%
  46  MetazoaBryozoaBugulaneritina_2273795__CCD8A_ORYSJ_Carotenoid_cleavage_dioxygenase_8_homolog_A__chloroplastic_OS_                                      85.64%    passed     49.09%
  47  RhodophytaGaldieriasulphurariaUP000030680_23116602__ACOX_SYNY3_Apocarotenoid-15_15_-oxygenase_OS_                                                     20.73%    passed      7.96%
  48  ChloroplastidaChlamydomonasreinhardtiiUP000006906_6360538__CCD8_ARATH_Carotenoid_cleavage_dioxygenase_8__chloroplastic_OS_                            45.64%    failed      0.01%
  49  MetazoaPoriferaSyconciliatum_5103339__NINAB_GALME_Carotenoid_isomerooxygenase_OS_                                                                     18.91%    passed     14.22%
  50  ChloroplastidaEP00248Marchantiapolymorpha_7460710__NCED4_ORYSJ_9-cis-epoxycarotenoid_dioxygenase_NCED4__chloroplastic_OS_                             19.82%    passed     11.89%
  51  StramenopilesEP00652Aphanomycesastaci_26140376__BCDO2_MOUSE_Beta_beta-carotene_9__10_-oxygenase_OS_                                                   18.73%    passed      5.10%
  52  FungiFusariumoxysporumUP000002489_13367752__LSDX3_SPHPI_Lignostilbene-alpha_beta-dioxygenase_isozyme_III_OS_                                          21.45%    passed      6.38%
  53  MetazoaArthropodaEP00090Calanusglacialis_691068__BCDO2_MACFA_Beta_beta-carotene_9__10_-oxygenase_OS_                                                  18.91%    passed     25.87%
  54  MetazoaArthropodaEP00090Calanusglacialis_691069__BCDO2_MACFA_Beta_beta-carotene_9__10_-oxygenase_OS_                                                  19.27%    passed     29.49%
  55  HaptophytaEP00319Phaeocystisglobosa_14061917__ACOX_SYNY3_Apocarotenoid-15_15_-oxygenase_OS_                                                           21.82%    failed      0.00%
  56  AlveolataEP00742ColponemidiaspColp10_4279967__ACOX_SYNY3_Apocarotenoid-15_15_-oxygenase_OS_                                                           19.64%    passed     93.20%
  57  ChloroplastidaEP00248Marchantiapolymorpha_7481140__CCD1_PHAVU_Carotenoid_9_10_9__10__-cleavage_dioxygenase_1_OS_                                      20.91%    passed     21.52%
  58  ChloroplastidaArabidopsisthalianaUP000006548_5885173__NCED3_ARATH_9-cis-epoxycarotenoid_dioxygenase_NCED3__chloroplastic_OS_                          22.36%    passed     89.87%
  59  MalawimonadidaeEP00698Gefionellaokellyi_14702151__CCD1_ARATH_Carotenoid_9_10_9__10__-cleavage_dioxygenase_1_OS_                                       21.45%    passed     34.50%
  60  MalawimonadidaeEP00698Gefionellaokellyi_14702152__CCD1_ARATH_Carotenoid_9_10_9__10__-cleavage_dioxygenase_1_OS_                                       32.91%    passed     67.38%
  61  AmoebozoaEP00029Vermamoebavermiformis_5277400__ACOX_SYNY3_Apocarotenoid-15_15_-oxygenase_OS_                                                          20.91%    passed     60.30%
  62  CollodictyonidaeEP00002Diphylleiarotans_11664049__CCD1_ONCHC_Carotenoid_9_10_9__10__-cleavage_dioxygenase_1_OS_                                       22.18%    passed     91.03%
  63  CollodictyonidaeEP00002Diphylleiarotans_11664050__CCD1_ONCHC_Carotenoid_9_10_9__10__-cleavage_dioxygenase_1_OS_                                       22.00%    passed     94.88%
  64  CollodictyonidaeEP00002Diphylleiarotans_11664051__CCD1_ONCHC_Carotenoid_9_10_9__10__-cleavage_dioxygenase_1_OS_                                       31.45%    passed     85.12%
  65  AmoebozoaEP00029Vermamoebavermiformis_5283098__CCD1_ONCHC_Carotenoid_9_10_9__10__-cleavage_dioxygenase_1_OS_                                          24.18%    passed     68.55%
  66  ChoanoflagellataEP00040Diaphanoecagrandis_10916365__RP65B_DANRE_All-trans-retinyl_ester_13-cis_isomerohydrolase_OS_                                   32.00%    passed      7.01%
  67  MetazoaCnidariaAureliaGenome_3049556__RP65B_DANRE_All-trans-retinyl_ester_13-cis_isomerohydrolase_OS_                                                 67.64%    passed     80.94%
  68  HaptophytaEP00319Phaeocystisglobosa_14068897__ACOX_SYNY3_Apocarotenoid-15_15_-oxygenase_OS_                                                           73.64%    failed      1.79%
  69  MetazoaBryozoaBugulaneritina_2108448__CCD8A_ORYSJ_Carotenoid_cleavage_dioxygenase_8_homolog_A__chloroplastic_OS_                                      88.55%    passed     69.25%
  70  MetazoaPoriferaStylissacarteri_5089463__RPE65_BOVIN_Retinoid_isomerohydrolase_OS_                                                                     67.82%    passed     94.29%
  71  MetazoaPoriferaStylissacarteri_5084742__RPE65_HUMAN_Retinoid_isomerohydrolase_OS_                                                                     81.64%    failed      3.83%
  72  ChoanoflagellataEP00045Choanoecaperplexa_11098418__RPE65_CHICK_Retinoid_isomerohydrolase_OS_                                                          84.00%    passed     67.01%
  73  CryptophyceaeGuillardiathetaUP000011087_12254834__CCD1_PEA_Carotenoid_9_10_9__10__-cleavage_dioxygenase_1_OS_                                         30.55%    passed     36.27%
  74  RhodelphisEP00736Rhodelphismarinus_22804357__ACOX_SYNY3_Apocarotenoid-15_15_-oxygenase_OS_                                                            20.73%    passed     22.20%
  75  RigifilidaEP00004Rigifilaramosa_23142545__BCDO1_HUMAN_Beta_beta-carotene_15_15_-dioxygenase_OS_                                                       22.00%    passed     63.46%
  76  ChloroplastidaArabidopsisthalianaUP000006548_5887492__NCED9_ARATH_9-cis-epoxycarotenoid_dioxygenase_NCED9__chloroplastic_OS_                          22.00%    passed     78.77%
  77  RhodophytaEP00185Porphyridiumpurpureum_23046738__BCDO2_MOUSE_Beta_beta-carotene_9__10_-oxygenase_OS_                                                  18.18%    passed     28.22%
  78  MetazoaCtenophoraMnemiopsisleidyi_3722389__CCD8B_ORYSJ_Carotenoid_cleavage_dioxygenase_8_homolog_B__chloroplastic_OS_                                 20.36%    passed     13.07%
  79  MetazoaAnnelidaEP00103Capitellateleta_76181__BCDO1_HUMAN_Beta_beta-carotene_15_15_-dioxygenase_OS_                                                    26.55%    passed     81.13%
  80  FungiFusariumoxysporumUP000002489_13365392__LSDX1_SPHPI_Lignostilbene-alpha_beta-dioxygenase_isozyme_I_OS_                                            22.73%    passed      7.69%
  81  CryptophyceaeEP00290BaffinellaspCCMP2293_12056304__ACOX_SYNY3_Apocarotenoid-15_15_-oxygenase_OS_                                                      37.64%    failed      0.01%
  82  MetazoaPoriferaLeucosoleniacomplicata_4997708__BCDO1_CHICK_Beta_beta-carotene_15_15_-dioxygenase_OS_                                                  74.73%    passed     75.67%
  83  MetazoaCtenophoraPleurobrachiabachei_3756953__BCDO1_MOUSE_Beta_beta-carotene_15_15_-dioxygenase_OS_                                                   26.91%    passed     57.78%
  84  MetazoaPoriferaEP00118Oscarellapearsei_4826814__ACOX_SYNY3_Apocarotenoid-15_15_-oxygenase_OS_                                                         26.91%    passed     83.72%
  85  MetazoaUrochordataOikopleuradioica_5367113__BCDO2_MACFA_Beta_beta-carotene_9__10_-oxygenase_OS_                                                       12.55%    passed     24.37%
  86  HaptophytaEP00319Phaeocystisglobosa_14055446__CCD_CROSA_Carotenoid_9_10_9__10__-cleavage_dioxygenase_OS_                                              20.91%    failed      0.19%
  87  RhodophytaEP00185Porphyridiumpurpureum_23048567__ACOX_SYNY3_Apocarotenoid-15_15_-oxygenase_OS_                                                        18.73%    passed     23.52%
  88  ChloroplastidaChlamydomonasreinhardtiiUP000006906_6354300__ACOX_SYNY3_Apocarotenoid-15_15_-oxygenase_OS_                                              30.91%    failed      2.09%
  89  ChloroplastidaChlamydomonasreinhardtiiUP000006906_6356711__ACOX_SYNY3_Apocarotenoid-15_15_-oxygenase_OS_                                              23.45%    failed      0.56%
  90  ChloroplastidaArabidopsisthalianaUP000006548_5880541__NCED5_ARATH_Probable_9-cis-epoxycarotenoid_dioxygenase_NCED5__chloroplastic_OS_                 22.00%    passed     93.10%
  91  MetazoaMolluscaLottiagigantea_4209184__BCDO1_CHICK_Beta_beta-carotene_15_15_-dioxygenase_OS_                                                          10.00%    passed     23.39%
  92  MetazoaHemichordataSaccoglossuskowalevskii_4069193__BCDO2_MOUSE_Beta_beta-carotene_9__10_-oxygenase_OS_                                               14.91%    passed     69.54%
  93  MetazoaPoriferaLeucosoleniacomplicata_5008945__ACOX_SYNY3_Apocarotenoid-15_15_-oxygenase_OS_                                                          20.00%    failed      0.46%
  94  MetazoaPoriferaLeucosoleniacomplicata_4989560__ACOX_SYNY3_Apocarotenoid-15_15_-oxygenase_OS_                                                          22.91%    failed      0.76%
  95  MetazoaPoriferaEphydatiamuelleri_4930586__ACOX_SYNY3_Apocarotenoid-15_15_-oxygenase_OS_                                                               19.09%    passed     21.48%
  96  MetazoaAnnelidaEP00103Capitellateleta_56685__RPE65_AMBTI_Retinoid_isomerohydrolase_OS_                                                                16.55%    passed     18.69%
  97  MetazoaCnidariaPoritesaustraliensis_3534559__ACOX_SYNY3_Apocarotenoid-15_15_-oxygenase_OS_                                                            20.36%    passed     50.45%
  98  MetazoaCnidariaFungiascutaria_3185383__ACOX_SYNY3_Apocarotenoid-15_15_-oxygenase_OS_                                                                  20.00%    passed     49.16%
  99  FungiFusariumoxysporumUP000002489_13354754__BCDO1_MOUSE_Beta_beta-carotene_15_15_-dioxygenase_OS_                                                     23.27%    passed     42.70%
 100  MetazoaPoriferaLeucosoleniacomplicata_5056092__BCDO2_MOUSE_Beta_beta-carotene_9__10_-oxygenase_OS_                                                    20.55%    passed      5.53%
 101  TelonemiaP00656Telonemasubtile_26562672_                                                                                                              30.36%    failed      0.06%
 102  TelonemiaP00656Telonemasubtile_26562673_                                                                                                              29.82%    failed      0.00%
 103  RigifilidaEP00004Rigifilaramosa_23119723__CCD1_ARATH_Carotenoid_9_10_9__10__-cleavage_dioxygenase_1_OS_                                               24.55%    passed     50.92%
 104  MetazoaCnidariaMontastraeacavernosa_3314018__BCDO2_MOUSE_Beta_beta-carotene_9__10_-oxygenase_OS_                                                      17.82%    passed     30.57%
 105  ChloroplastidaEP00248Marchantiapolymorpha_7477941__CCD1_PEA_Carotenoid_9_10_9__10__-cleavage_dioxygenase_1_OS_                                        18.36%    passed     91.74%
 106  ChloroplastidaEP00248Marchantiapolymorpha_7477943__CCD1_PEA_Carotenoid_9_10_9__10__-cleavage_dioxygenase_1_OS_                                        18.36%    passed     90.13%
 107  RigifilidaEP00004Rigifilaramosa_23119004__CCD1_ONCHC_Carotenoid_9_10_9__10__-cleavage_dioxygenase_1_OS_                                               21.45%    passed     34.35%
 108  ChloroplastidaArabidopsisthalianaUP000006548_5870647__CCD4_ARATH_Probable_carotenoid_cleavage_dioxygenase_4__chloroplastic_OS_                        20.00%    passed     40.47%
 109  MetazoaUrochordataOikopleuradioica_5357420__RP65B_DANRE_All-trans-retinyl_ester_13-cis_isomerohydrolase_OS_                                           16.18%    failed      4.66%
 110  RigifilidaEP00004Rigifilaramosa_23128090__LSDX3_SPHPI_Lignostilbene-alpha_beta-dioxygenase_isozyme_III_OS_                                            63.45%    passed     57.93%
 111  RigifilidaEP00004Rigifilaramosa_23128091__LSDX3_SPHPI_Lignostilbene-alpha_beta-dioxygenase_isozyme_III_OS_                                            46.73%    failed      2.73%
 112  RigifilidaEP00004Rigifilaramosa_23128092__ACOX_SYNY3_Apocarotenoid-15_15_-oxygenase_OS_                                                               71.45%    passed     13.04%
 113  RigifilidaEP00004Rigifilaramosa_23128093__ACOX_SYNY3_Apocarotenoid-15_15_-oxygenase_OS_                                                               25.64%    passed     48.02%
 114  MetazoaCnidariaPoritesaustraliensis_3551627__BCDO2_MOUSE_Beta_beta-carotene_9__10_-oxygenase_OS_                                                      11.27%    passed     93.83%
 115  MetazoaCnidariaStylophorapistillata_3681255__ACOX_SYNY3_Apocarotenoid-15_15_-oxygenase_OS_                                                            20.00%    passed     40.01%
 116  MetazoaCnidariaMontastraeacavernosa_3318513__ACOX_SYNY3_Apocarotenoid-15_15_-oxygenase_OS_                                                            20.00%    passed     18.05%
 117  CryptophyceaeGuillardiathetaUP000011087_12270499__ACOX_SYNY3_Apocarotenoid-15_15_-oxygenase_OS_                                                       54.73%    passed     18.83%
 118  HaptophytaEP00319Phaeocystisglobosa_14069312__ACOX_SYNY3_Apocarotenoid-15_15_-oxygenase_OS_                                                           53.64%    failed      0.00%
 119  HaptophytaEP00327Prymnesiumparvum_14282584__CCD8_ARATH_Carotenoid_cleavage_dioxygenase_8__chloroplastic_OS_                                           50.36%    passed      6.53%
 120  MetazoaBryozoaBugulaneritina_1382510__BCDO2_MACFA_Beta_beta-carotene_9__10_-oxygenase_OS_                                                             67.27%    passed     75.14%
 121  MetazoaBryozoaBugulaneritina_1634911__BCDO2_MACFA_Beta_beta-carotene_9__10_-oxygenase_OS_                                                             67.27%    passed     74.87%
 122  MetazoaBryozoaBugulaneritina_1417657__BCDO2_MOUSE_Beta_beta-carotene_9__10_-oxygenase_OS_                                                             75.82%    passed     48.48%
 123  MetazoaBryozoaBugulaneritina_2049286__BCDO2_MOUSE_Beta_beta-carotene_9__10_-oxygenase_OS_                                                             74.55%    passed     89.52%
 124  MetazoaCnidariaMontastraeacavernosa_3314119__BCDO1_CHICK_Beta_beta-carotene_15_15_-dioxygenase_OS_                                                    75.09%    passed     39.65%
 125  MetazoaCnidariaMadracisauretenra_3303094__RP65C_DANRE_Retinal_Mueller_cells_isomerohydrolase_OS_                                                      79.64%    passed     29.24%
 126  MetazoaCnidariaFungiascutaria_3181230__RPE65_CANLF_Retinoid_isomerohydrolase_OS_                                                                      77.09%    passed     60.74%
 127  MetazoaCnidariaClytiahemisphaerica_3087580__ACOX_SYNY3_Apocarotenoid-15_15_-oxygenase_OS_                                                             21.45%    passed      7.37%
 128  MetazoaCnidariaHydramagnapapillata_3259033__ACOX_SYNY3_Apocarotenoid-15_15_-oxygenase_OS_                                                             24.18%    passed     13.28%
 129  MetazoaAnnelidaEP00103Capitellateleta_56142__BCDO2_MOUSE_Beta_beta-carotene_9__10_-oxygenase_OS_                                                      16.91%    passed      8.32%
 130  MetazoaCnidariaMadracisauretenra_3299644__ACOX_SYNY3_Apocarotenoid-15_15_-oxygenase_OS_                                                               20.00%    passed     65.58%
 131  MetazoaCnidariaAstreoporasp_3030566__RPE65_CHLAE_Retinoid_isomerohydrolase_OS_                                                                        73.09%    passed     29.68%
 132  RigifilidaEP00004Rigifilaramosa_23128061__CCD8_ARATH_Carotenoid_cleavage_dioxygenase_8__chloroplastic_OS_                                             18.91%    passed     91.07%
 133  MetazoaCnidariaFungiascutaria_3187388__RPE65_CHICK_Retinoid_isomerohydrolase_OS_                                                                      59.64%    passed     41.32%
 134  MetazoaAnnelidaEP00103Capitellateleta_68649__BCDO2_MACFA_Beta_beta-carotene_9__10_-oxygenase_OS_                                                      26.91%    passed     71.37%
 135  HeteroloboseaEP00761Pharyngomonaskirbyi_14494230__CCD8_ARATH_Carotenoid_cleavage_dioxygenase_8__chloroplastic_OS_                                     18.36%    passed     17.86%
 136  FungiSpizellomycespunctatusUP000053201_13454882__BCDO2_MACFA_Beta_beta-carotene_9__10_-oxygenase_OS_                                                  18.55%    passed     60.87%
 137  MetazoaUrochordataOikopleuradioica_5371771__RP65C_DANRE_Retinal_Mueller_cells_isomerohydrolase_OS_                                                    14.55%    passed     81.32%
 138  MetazoaArthropodaEP00090Calanusglacialis_682763__CCD8B_ORYSJ_Carotenoid_cleavage_dioxygenase_8_homolog_B__chloroplastic_OS_                           15.82%    failed      0.21%
 139  MetazoaPoriferaSyconciliatum_5135556__ACOX_SYNY3_Apocarotenoid-15_15_-oxygenase_OS_                                                                   19.64%    failed      2.16%
 140  MetazoaCnidariaAnthopleuraelegantissima_3020152__BCDO1_MOUSE_Beta_beta-carotene_15_15_-dioxygenase_OS_                                                68.00%    passed      8.46%
 141  MetazoaCnidariaAnthopleuraelegantissima_3020154__BCDO1_MOUSE_Beta_beta-carotene_15_15_-dioxygenase_OS_                                                67.09%    passed     11.94%
 142  RotosphaeridaEP00160Parvulariaatlantis_23168252__CCD1_ARATH_Carotenoid_9_10_9__10__-cleavage_dioxygenase_1_OS_                                        24.18%    passed     22.20%
 143  MetazoaCnidariaGorgoniaventalina_3229752__BCDO2_MOUSE_Beta_beta-carotene_9__10_-oxygenase_OS_                                                         58.91%    passed     38.27%
 144  CryptophyceaeGuillardiathetaUP000011087_12250850__BCDO1_RAT_Beta_beta-carotene_15_15_-dioxygenase_OS_                                                 22.73%    failed      4.70%
 145  MetazoaRotiferaBrachionusplicatilis_5266798__RP65C_DANRE_Retinal_Mueller_cells_isomerohydrolase_OS_                                                   62.18%    passed     29.37%
 146  AlveolataEP00742ColponemidiaspColp10_4277291__CCD1_ONCHC_Carotenoid_9_10_9__10__-cleavage_dioxygenase_1_OS_                                           21.27%    passed     73.98%
 147  MetazoaCnidariaAureliaGenome_3049554__BCDO1_CHICK_Beta_beta-carotene_15_15_-dioxygenase_OS_                                                           12.91%    passed     44.64%
 148  MetazoaVertebrateMusmusculus_6544432__RPE65_MOUSE_Retinoid_isomerohydrolase_OS_                                                                       10.36%    passed     55.11%
 149  MetazoaPoriferaEphydatiamuelleri_4930232__BCDO1_CHICK_Beta_beta-carotene_15_15_-dioxygenase_OS_                                                       11.64%    passed     33.22%
 150  MetazoaVertebrateHomosapiens_6459105__RPE65_HUMAN_Retinoid_isomerohydrolase_OS_                                                                       10.36%    passed     11.33%
 151  MetazoaCnidariaAstreoporasp_3047123__BCDO2_MOUSE_Beta_beta-carotene_9__10_-oxygenase_OS_                                                              10.91%    passed     25.45%
 152  MetazoaCtenophoraPleurobrachiabachei_3754667__NINAB_GALME_Carotenoid_isomerooxygenase_OS_                                                             19.09%    passed     64.96%
 153  MetazoaPoriferaSyconciliatum_5113477__CCD8_ARATH_Carotenoid_cleavage_dioxygenase_8__chloroplastic_OS_                                                 19.82%    failed      3.85%
 154  MetazoaCnidariaMadracisauretenra_3280627__BCDO2_MOUSE_Beta_beta-carotene_9__10_-oxygenase_OS_                                                         11.45%    passed     64.88%
 155  MetazoaCephalochordataBranchiostomabelcheri_2817495__BCDO1_CHICK_Beta_beta-carotene_15_15_-dioxygenase_OS_                                            16.91%    passed     70.13%
 156  MetazoaArthropodaEP00090Calanusglacialis_685963__BCDO1_MOUSE_Beta_beta-carotene_15_15_-dioxygenase_OS_                                                12.91%    passed      5.84%
 157  MetazoaVertebrateDaniorerio_5412735__BCDO1_HUMAN_Beta_beta-carotene_15_15_-dioxygenase_OS_                                                            10.18%    passed     19.37%
 158  MetazoaCnidariaAureliaGenome_3051268__RPE65_CYNPY_Retinoid_isomerohydrolase_OS_                                                                       67.82%    passed     13.55%
 159  MetazoaVertebrateHomosapiens_6468203__BCDO1_HUMAN_Beta_beta-carotene_15_15_-dioxygenase_OS_                                                            9.27%    passed     92.14%
 160  MetazoaEchinodermataAcanthasterplanci_3782941__BCDO1_CHICK_Beta_beta-carotene_15_15_-dioxygenase_OS_                                                   8.36%    passed     59.17%
 161  MetazoaUrochordataEP00059Cionaintestinalis_5334464__BCDO1_MOUSE_Beta_beta-carotene_15_15_-dioxygenase_OS_                                             11.09%    passed     57.71%
 162  MetazoaCephalochordataBranchiostomabelcheri_2809120__BCDO2_MOUSE_Beta_beta-carotene_9__10_-oxygenase_OS_                                               8.91%    passed     76.89%
 163  MetazoaArthropodaDaphniapulex_216615__NINAB_GALME_Carotenoid_isomerooxygenase_OS_                                                                      9.45%    passed     31.49%
 164  MetazoaHemichordataSaccoglossuskowalevskii_4056579__BCDO1_MOUSE_Beta_beta-carotene_15_15_-dioxygenase_OS_                                              7.82%    passed     61.62%
 165  MetazoaEchinodermataEP00057Strongylocentrotuspurpuratus_3825222__BCDO1_CHICK_Beta_beta-carotene_15_15_-dioxygenase_OS_                                 8.18%    passed     86.68%
 166  MetazoaCnidariaPoritesaustraliensis_3533743__BCDO1_MOUSE_Beta_beta-carotene_15_15_-dioxygenase_OS_                                                    10.73%    passed     43.76%
 167  MetazoaCnidariaNematostellavectensis_3386597__BCDO1_MOUSE_Beta_beta-carotene_15_15_-dioxygenase_OS_                                                   11.64%    passed      9.53%
 168  MetazoaHemichordataSaccoglossuskowalevskii_4069578__BCDO1_HUMAN_Beta_beta-carotene_15_15_-dioxygenase_OS_                                             10.00%    passed     89.04%
 169  ChloroplastidaEP00248Marchantiapolymorpha_7467721__CCD1_PEA_Carotenoid_9_10_9__10__-cleavage_dioxygenase_1_OS_                                        18.18%    passed     21.70%
 170  MetazoaCtenophoraMnemiopsisleidyi_3733748__BCDO1_HUMAN_Beta_beta-carotene_15_15_-dioxygenase_OS_                                                      25.09%    failed      3.79%
 171  MetazoaNematodaCaenorhabditiselegans_4308368__BCDO1_CHICK_Beta_beta-carotene_15_15_-dioxygenase_OS_                                                   29.82%    passed     52.07%
 172  MetazoaCnidariaMadracisauretenra_3272206__BCDO1_MOUSE_Beta_beta-carotene_15_15_-dioxygenase_OS_                                                       71.09%    passed     81.20%
 173  MetazoaCnidariaMadracisauretenra_3275053__RP65B_DANRE_All-trans-retinyl_ester_13-cis_isomerohydrolase_OS_                                             80.55%    passed     69.98%
 174  MetazoaCnidariaMontastraeacavernosa_3324778__RPE65_CYNPY_Retinoid_isomerohydrolase_OS_                                                                79.82%    passed     76.11%
 175  TelonemiaP00656Telonemasubtile_26547231__ACOX_SYNY3_Apocarotenoid-15_15_-oxygenase_OS_                                                                20.91%    failed      0.00%
 176  MetazoaRotiferaBrachionusplicatilis_5266829__BCDO2_MOUSE_Beta_beta-carotene_9__10_-oxygenase_OS_                                                      58.91%    passed     42.41%
 177  MetazoaArthropodaEP00090Calanusglacialis_693306__CCD8B_ORYSJ_Carotenoid_cleavage_dioxygenase_8_homolog_B__chloroplastic_OS_                           17.09%    passed     16.02%
 178  MetazoaCnidariaFungiascutaria_3194637__RPE65_BOVIN_Retinoid_isomerohydrolase_OS_                                                                      74.55%    passed     14.06%
 179  MetazoaEchinodermataAcanthasterplanci_3799375__BCDO2_MOUSE_Beta_beta-carotene_9__10_-oxygenase_OS_                                                    40.73%    passed     94.23%
 180  MetazoaCephalochordataBranchiostomabelcheri_2795573__BCDO1_CHICK_Beta_beta-carotene_15_15_-dioxygenase_OS_                                            15.45%    passed     25.78%
 181  ChoanoflagellataEP00047Mylnosigafluctuans_11116750__CCD1_ONCHC_Carotenoid_9_10_9__10__-cleavage_dioxygenase_1_OS_                                     22.18%    passed     13.34%
 182  ChloroplastidaEP00738Chloropiconprimus_8600761__CCD1_ARATH_Carotenoid_9_10_9__10__-cleavage_dioxygenase_1_OS_                                         22.73%    passed      9.33%
 183  MetazoaCnidariaMadracisauretenra_3278871__BCDO2_MACFA_Beta_beta-carotene_9__10_-oxygenase_OS_                                                         51.09%    passed     51.96%
 184  MetazoaCnidariaNematostellavectensis_3377261__BCDO1_MOUSE_Beta_beta-carotene_15_15_-dioxygenase_OS_                                                   11.09%    passed     92.78%
 185  MetazoaCnidariaGorgoniaventalina_3228440__BCDO1_HUMAN_Beta_beta-carotene_15_15_-dioxygenase_OS_                                                       62.55%    passed     69.85%
 186  MetazoaHemichordataSaccoglossuskowalevskii_4051086__BCDO1_CHICK_Beta_beta-carotene_15_15_-dioxygenase_OS_                                             46.18%    passed     21.92%
 187  MetazoaCnidariaMadracisauretenra_3290757__BCDO1_CHICK_Beta_beta-carotene_15_15_-dioxygenase_OS_                                                       62.00%    passed     15.01%
 188  MetazoaEchinodermataEP00057Strongylocentrotuspurpuratus_3830165__RP65C_DANRE_Retinal_Mueller_cells_isomerohydrolase_OS_                               17.09%    failed      3.35%
 189  MetazoaCnidariaAstreoporasp_3039146__BCDO1_CHICK_Beta_beta-carotene_15_15_-dioxygenase_OS_                                                            81.09%    passed     10.08%
 190  FungiFusariumoxysporumUP000002489_13370432__NINAB_GALME_Carotenoid_isomerooxygenase_OS_                                                               22.18%    passed     93.10%
 191  MetazoaCnidariaAureliaGenome_3050524__BCDO2_MACFA_Beta_beta-carotene_9__10_-oxygenase_OS_                                                             36.55%    passed     39.52%
 192  MetazoaCnidariaAureliaGenome_3060577__BCDO2_MOUSE_Beta_beta-carotene_9__10_-oxygenase_OS_                                                             13.09%    passed     15.45%
 193  ChoanoflagellataEP00039Didymoecacostata_10861053__BCDO2_MOUSE_Beta_beta-carotene_9__10_-oxygenase_OS_                                                 14.55%    passed     99.52%
 194  GlaucophytaEP00276Gloeochaetewittrockiana_13480208__ACOX_SYNY3_Apocarotenoid-15_15_-oxygenase_OS_                                                     24.18%    passed     31.23%
 195  MetazoaCnidariaStylophorapistillata_3667193__BCDO2_MOUSE_Beta_beta-carotene_9__10_-oxygenase_OS_                                                      10.73%    passed     44.56%
 196  MetazoaVertebrateDaniorerio_5418897__BCDO2_MACFA_Beta_beta-carotene_9__10_-oxygenase_OS_                                                               8.18%    passed     99.43%
 197  MetazoaVertebrateMusmusculus_6545100__BCDO2_MOUSE_Beta_beta-carotene_9__10_-oxygenase_OS_                                                              8.55%    passed     91.35%
 198  MetazoaVertebrateMusmusculus_6547690__BCDO1_MOUSE_Beta_beta-carotene_15_15_-dioxygenase_OS_                                                            9.27%    passed     77.27%
 199  MetazoaVertebrateHomosapiens_6467293__BCDO2_HUMAN_Beta_beta-carotene_9__10_-oxygenase_OS_                                                              7.45%    passed     84.71%
 200  MetazoaMolluscaLottiagigantea_4222686__BCDO1_CHICK_Beta_beta-carotene_15_15_-dioxygenase_OS_                                                          10.00%    passed     15.90%
 201  MetazoaEchinodermataAcanthasterplanci_3782917__BCDO1_MOUSE_Beta_beta-carotene_15_15_-dioxygenase_OS_                                                   8.36%    passed     83.62%
 202  MetazoaVertebrateDaniorerio_5427171__BCDO2_MOUSE_Beta_beta-carotene_9__10_-oxygenase_OS_                                                               7.27%    passed     90.20%
 203  MetazoaArthropodaDaphniapulex_194267__NINAB_DROME_Carotenoid_isomerooxygenase_OS_                                                                     10.91%    passed     90.02%
 204  MetazoaCnidariaStylophorapistillata_3684572__RP65C_DANRE_Retinal_Mueller_cells_isomerohydrolase_OS_                                                   11.45%    passed     60.41%
 205  MetazoaBrachiopodaLingulaunguis_1280230__BCDO1_MOUSE_Beta_beta-carotene_15_15_-dioxygenase_OS_                                                        10.00%    passed     98.40%
 206  MetazoaCnidariaAnthopleuraelegantissima_3014875__BCDO2_MOUSE_Beta_beta-carotene_9__10_-oxygenase_OS_                                                  13.09%    passed     73.42%
 207  MetazoaMolluscaEP00106Octopusbimaculoides_4167690__RPE65_AMBTI_Retinoid_isomerohydrolase_OS_                                                          16.36%    passed      5.96%
 208  MetazoaAnnelidaEP00103Capitellateleta_75065__BCDO1_HUMAN_Beta_beta-carotene_15_15_-dioxygenase_OS_                                                    14.00%    passed     97.38%
 209  MetazoaCnidariaNematostellavectensis_3394344__BCDO1_CHICK_Beta_beta-carotene_15_15_-dioxygenase_OS_                                                   11.27%    passed     88.39%
 210  MetazoaCnidariaNematostellavectensis_3378975__BCDO1_CHICK_Beta_beta-carotene_15_15_-dioxygenase_OS_                                                   11.27%    passed     90.67%
 211  MetazoaCephalochordataBranchiostomabelcheri_2818248__BCDO2_MACFA_Beta_beta-carotene_9__10_-oxygenase_OS_                                               8.91%    passed     83.77%
 212  MetazoaPoriferaEP00118Oscarellapearsei_4835318__BCDO2_MOUSE_Beta_beta-carotene_9__10_-oxygenase_OS_                                                   12.91%    passed     77.23%
 213  MetazoaCnidariaAcroporadigitifera_2938486__BCDO1_MOUSE_Beta_beta-carotene_15_15_-dioxygenase_OS_                                                      10.91%    passed     27.68%
 214  MetazoaCnidariaPoritesaustraliensis_3534484__BCDO1_MOUSE_Beta_beta-carotene_15_15_-dioxygenase_OS_                                                    11.45%    passed     97.82%
 215  MetazoaCnidariaStylophorapistillata_3664348__BCDO2_MOUSE_Beta_beta-carotene_9__10_-oxygenase_OS_                                                       9.45%    passed     78.20%
 216  MetazoaPoriferaStylissacarteri_5082755__BCDO1_CHICK_Beta_beta-carotene_15_15_-dioxygenase_OS_                                                         80.36%    passed     92.68%
 217  ChoanoflagellataEP00045Choanoecaperplexa_11083009__RPE65_AMBTI_Retinoid_isomerohydrolase_OS_                                                          25.45%    failed      0.00%
 218  MetazoaVertebrateEptatretusburgeri_6392576__RPE65_CYNPY_Retinoid_isomerohydrolase_OS_                                                                 18.73%    passed     63.51%
 219  FungiRhizopusmicrosporusUP000242254_13434858__BCDO1_CHICK_Beta_beta-carotene_15_15_-dioxygenase_OS_                                                   12.36%    passed     47.35%
 220  MetazoaCnidariaFungiascutaria_3200760__BCDO2_MOUSE_Beta_beta-carotene_9__10_-oxygenase_OS_                                                            27.45%    passed     31.64%
 221  MetazoaHemichordataSaccoglossuskowalevskii_4051096__BCDO1_CHICK_Beta_beta-carotene_15_15_-dioxygenase_OS_                                             17.45%    passed     16.01%
 222  MetazoaArthropodaEP00090Calanusglacialis_698935__BCDO2_MACFA_Beta_beta-carotene_9__10_-oxygenase_OS_                                                  64.18%    passed     90.60%
 223  RigifilidaEP00004Rigifilaramosa_23138591__CCD8_ARATH_Carotenoid_cleavage_dioxygenase_8__chloroplastic_OS_                                             17.64%    passed     64.93%
 224  MetazoaCephalochordataBranchiostomabelcheri_2824217__BCDO1_RAT_Beta_beta-carotene_15_15_-dioxygenase_OS_                                              16.73%    passed     67.37%
 225  HaptophytaEP00319Phaeocystisglobosa_14053873__ACOX_SYNY3_Apocarotenoid-15_15_-oxygenase_OS_                                                           30.00%    passed     11.91%
 226  MetazoaVertebrateDaniorerio_5434087__RP65A_DANRE_Retinoid_isomerohydrolase_OS_                                                                        10.73%    passed     72.14%
 227  FungiRhizopusmicrosporusUP000242254_13431697__BCDO2_MOUSE_Beta_beta-carotene_9__10_-oxygenase_OS_                                                     16.55%    passed     49.20%
 228  MetazoaCephalochordataBranchiostomabelcheri_2818148__RPE65_CHICK_Retinoid_isomerohydrolase_OS_                                                        72.36%    passed     91.95%
 229  MetazoaPoriferaStylissacarteri_5089464__BCDO1_CHICK_Beta_beta-carotene_15_15_-dioxygenase_OS_                                                         65.64%    passed     85.41%
 230  HaptophytaEP00319Phaeocystisglobosa_14063080__BCDO2_MOUSE_Beta_beta-carotene_9__10_-oxygenase_OS_                                                     22.36%    passed      5.87%
 231  MetazoaCtenophoraMnemiopsisleidyi_3734154__CCD8_ARATH_Carotenoid_cleavage_dioxygenase_8__chloroplastic_OS_                                            20.55%    passed      5.23%
 232  MetazoaPoriferaEP00118Oscarellapearsei_4827343__BCDO2_HUMAN_Beta_beta-carotene_9__10_-oxygenase_OS_                                                   21.09%    passed     16.71%
 233  MetazoaUrochordataOikopleuradioica_5370075__RPE65_HUMAN_Retinoid_isomerohydrolase_OS_                                                                 13.09%    failed      1.09%
 234  MetazoaRotiferaBrachionusplicatilis_5228208__BCDO2_MOUSE_Beta_beta-carotene_9__10_-oxygenase_OS_                                                      15.64%    failed      0.18%
 235  MetazoaRotiferaBrachionusplicatilis_5228669__BCDO2_MOUSE_Beta_beta-carotene_9__10_-oxygenase_OS_                                                      15.45%    passed     14.06%
 236  MetazoaNematodaCaenorhabditiselegans_4323109__BCDO1_HUMAN_Beta_beta-carotene_15_15_-dioxygenase_OS_                                                    9.09%    passed     62.48%
 237  MetazoaVertebrateDaniorerio_5412568__BCDO1_CHICK_Beta_beta-carotene_15_15_-dioxygenase_OS_                                                             8.36%    passed     33.92%
 238  AmoebozoaEP00029Vermamoebavermiformis_5288235__CCD1_PEA_Carotenoid_9_10_9__10__-cleavage_dioxygenase_1_OS_                                            23.27%    passed     98.17%
 239  IchthyosporeaEP00123Amoebidiumparasiticum_14560608__BCDO2_MOUSE_Beta_beta-carotene_9__10_-oxygenase_OS_                                               12.55%    passed     98.46%
 240  MetazoaCnidariaAstreoporasp_3039705__BCDO2_MACFA_Beta_beta-carotene_9__10_-oxygenase_OS_                                                              77.27%    passed     13.46%
 241  MetazoaArthropodaEP00090Calanusglacialis_692441__NINAB_GALME_Carotenoid_isomerooxygenase_OS_                                                          41.82%    passed      5.50%
 242  MetazoaPoriferaStylissacarteri_5087747__BCDO1_CHICK_Beta_beta-carotene_15_15_-dioxygenase_OS_                                                         82.36%    passed     98.15%
 243  MetazoaCnidariaStylophorapistillata_3664448__BCDO2_MOUSE_Beta_beta-carotene_9__10_-oxygenase_OS_                                                      11.45%    passed     29.92%
 244  MetazoaCephalochordataBranchiostomabelcheri_2820789__BCDO2_MOUSE_Beta_beta-carotene_9__10_-oxygenase_OS_                                               8.73%    passed     29.55%
 245  MetazoaCnidariaAstreoporasp_3027374__BCDO1_CHICK_Beta_beta-carotene_15_15_-dioxygenase_OS_                                                            18.00%    passed     97.29%
 246  MetazoaArthropodaDrosophilamelanogaster_248769__NINAB_DROME_Carotenoid_isomerooxygenase_OS_                                                            9.09%    passed      7.21%
 247  MetazoaBrachiopodaLingulaunguis_1303122__BCDO1_MOUSE_Beta_beta-carotene_15_15_-dioxygenase_OS_                                                         9.82%    passed     22.18%
 248  MetazoaBrachiopodaLingulaunguis_1280017__BCDO1_MOUSE_Beta_beta-carotene_15_15_-dioxygenase_OS_                                                        10.00%    passed     44.11%
 249  MetazoaMolluscaLottiagigantea_4202118__BCDO1_CHICK_Beta_beta-carotene_15_15_-dioxygenase_OS_                                                           9.27%    passed     77.72%
 250  MetazoaMolluscaLottiagigantea_4203771__BCDO1_RAT_Beta_beta-carotene_15_15_-dioxygenase_OS_                                                            10.18%    passed     32.21%
 251  MetazoaMolluscaEP00106Octopusbimaculoides_4175517__RP65C_DANRE_Retinal_Mueller_cells_isomerohydrolase_OS_                                             16.55%    passed      7.42%
 252  ChloroplastidaArabidopsisthalianaUP000006548_5878597__CCD8_ARATH_Carotenoid_cleavage_dioxygenase_8__chloroplastic_OS_                                 17.82%    passed     77.60%
 253  MetazoaCnidariaAcroporadigitifera_2946789__BCDO2_MOUSE_Beta_beta-carotene_9__10_-oxygenase_OS_                                                        42.55%    passed      9.72%
 254  MetazoaCnidariaAcroporadigitifera_2946788__BCDO2_MOUSE_Beta_beta-carotene_9__10_-oxygenase_OS_                                                        47.82%    passed     51.50%
 255  MetazoaBrachiopodaLingulaunguis_1301652__BCDO2_MOUSE_Beta_beta-carotene_9__10_-oxygenase_OS_                                                           8.91%    passed     96.43%
 256  MetazoaBrachiopodaLingulaunguis_1303687__BCDO2_MOUSE_Beta_beta-carotene_9__10_-oxygenase_OS_                                                          14.55%    passed     96.05%
 257  MetazoaEchinodermataAcanthasterplanci_3799399__BCDO2_MOUSE_Beta_beta-carotene_9__10_-oxygenase_OS_                                                     9.45%    passed     94.54%
 258  MetazoaCnidariaMontastraeacavernosa_3314118__RPE65_RAT_Retinoid_isomerohydrolase_OS_                                                                  25.09%    passed     94.67%
 259  MetazoaPoriferaStylissacarteri_5087746__BCDO1_CHICK_Beta_beta-carotene_15_15_-dioxygenase_OS_                                                         70.36%    passed     56.84%
 260  MetazoaCnidariaAcroporadigitifera_2931259__RPE65_MOUSE_Retinoid_isomerohydrolase_OS_                                                                  33.09%    passed     75.37%
 261  MetazoaPoriferaStylissacarteri_5075611__BCDO1_RAT_Beta_beta-carotene_15_15_-dioxygenase_OS_                                                           85.27%    passed     97.37%
 262  MetazoaHemichordataSaccoglossuskowalevskii_4077517__BCDO1_CHICK_Beta_beta-carotene_15_15_-dioxygenase_OS_                                             19.82%    failed      1.92%
 263  MetazoaHemichordataSaccoglossuskowalevskii_4077523__CHST8_MOUSE_Carbohydrate_sulfotransferase_8_OS_                                                   26.00%    passed     23.70%
 264  MetazoaCnidariaAureliaGenome_3049555__BCDO2_MOUSE_Beta_beta-carotene_9__10_-oxygenase_OS_                                                             13.27%    passed     80.37%
 265  MetazoaUrochordataEP00059Cionaintestinalis_5334465__BCDO2_MOUSE_Beta_beta-carotene_9__10_-oxygenase_OS_                                               10.00%    passed     66.34%
 266  MetazoaCnidariaAureliaGenome_3053345__BCDO1_MOUSE_Beta_beta-carotene_15_15_-dioxygenase_OS_                                                           23.09%    passed     24.19%
 267  MetazoaAnnelidaEP00103Capitellateleta_63458__NINAB_GALME_Carotenoid_isomerooxygenase_OS_                                                              24.00%    passed     31.39%
 268  MetazoaNematodaCaenorhabditiselegans_4322661__BCDO1_MOUSE_Beta_beta-carotene_15_15_-dioxygenase_OS_                                                    8.91%    passed     58.93%
 269  ChoanoflagellataEP00045Choanoecaperplexa_11100288__NINAB_GALME_Carotenoid_isomerooxygenase_OS_                                                        38.91%    failed      0.02%
 270  MetazoaArthropodaEP00090Calanusglacialis_699121__CCD8_ARATH_Carotenoid_cleavage_dioxygenase_8__chloroplastic_OS_                                      40.91%    passed     52.41%
 271  MetazoaCtenophoraMnemiopsisleidyi_3725542__CCD8_ARATH_Carotenoid_cleavage_dioxygenase_8__chloroplastic_OS_                                            19.64%    passed     32.42%
 272  FungiMortierellaelongataUP000078512_13385319__BCDO1_MOUSE_Beta_beta-carotene_15_15_-dioxygenase_OS_                                                   14.91%    passed     43.79%
 273  MetazoaMolluscaLottiagigantea_4206726__NINAB_GALME_Carotenoid_isomerooxygenase_OS_                                                                    16.00%    failed      3.71%
 274  ChloroplastidaChlamydomonasreinhardtiiUP000006906_6365318__CCD8_ARATH_Carotenoid_cleavage_dioxygenase_8__chloroplastic_OS_                            24.18%    failed      0.00%
 275  ChloroplastidaChlamydomonasreinhardtiiUP000006906_6368214__CCD8_ARATH_Carotenoid_cleavage_dioxygenase_8__chloroplastic_OS_                            26.55%    failed      0.00%
 276  MetazoaCnidariaAcroporadigitifera_2944922__RPE65_MOUSE_Retinoid_isomerohydrolase_OS_                                                                  10.18%    passed     52.75%
 277  MetazoaEchinodermataEP00057Strongylocentrotuspurpuratus_3809742__BCDO1_CHICK_Beta_beta-carotene_15_15_-dioxygenase_OS_                                10.18%    passed     53.82%
 278  MetazoaEchinodermataAcanthasterplanci_3796758__BCDO1_CHICK_Beta_beta-carotene_15_15_-dioxygenase_OS_                                                  16.18%    passed     12.30%
 279  MetazoaCephalochordataBranchiostomabelcheri_2821183__BCDO1_CHICK_Beta_beta-carotene_15_15_-dioxygenase_OS_                                            10.00%    passed     60.82%
 280  MetazoaPoriferaStylissacarteri_5089462__BCDO1_CHICK_Beta_beta-carotene_15_15_-dioxygenase_OS_                                                         74.73%    passed     95.62%
 281  MetazoaCnidariaAnthopleuraelegantissima_3020153__BCDO1_RAT_Beta_beta-carotene_15_15_-dioxygenase_OS_                                                  53.09%    passed     73.95%
 282  MetazoaCephalochordataBranchiostomabelcheri_2817034__NINAB_GALME_Carotenoid_isomerooxygenase_OS_                                                      30.55%    passed     37.15%
 283  MetazoaPoriferaStylissacarteri_5081754__RPE65_HUMAN_Retinoid_isomerohydrolase_OS_                                                                     37.27%    passed     81.51%
 284  MetazoaCnidariaClytiahemisphaerica_3076581__BCDO1_RAT_Beta_beta-carotene_15_15_-dioxygenase_OS_                                                       10.91%    passed     71.75%
 285  MetazoaCtenophoraMnemiopsisleidyi_3731427__RP65B_DANRE_All-trans-retinyl_ester_13-cis_isomerohydrolase_OS_                                            42.73%    passed     27.24%
 286  MetazoaVertebrateDaniorerio_5420087__RP65C_DANRE_Retinal_Mueller_cells_isomerohydrolase_OS_                                                           10.55%    passed     93.68%
 287  MetazoaVertebrateDaniorerio_5420088__RP65B_DANRE_All-trans-retinyl_ester_13-cis_isomerohydrolase_OS_                                                  10.55%    passed     95.93%
 288  MetazoaVertebrateDaniorerio_5431195__BCDO2_MOUSE_Beta_beta-carotene_9__10_-oxygenase_OS_                                                               7.64%    passed     19.98%
 289  MetazoaBrachiopodaLingulaunguis_1287892__BCDO2_MOUSE_Beta_beta-carotene_9__10_-oxygenase_OS_                                                          10.55%    passed     51.67%
 290  MetazoaBryozoaBugulaneritina_2550360__BCDO2_PONAB_Beta_beta-carotene_9__10_-oxygenase_OS_                                                             87.27%    passed     91.12%
 291  MetazoaBryozoaBugulaneritina_2225458__BCDO2_PONAB_Beta_beta-carotene_9__10_-oxygenase_OS_                                                             88.55%    passed     77.85%
 292  MetazoaCnidariaMontastraeacavernosa_3322147__BCDO2_MOUSE_Beta_beta-carotene_9__10_-oxygenase_OS_                                                      71.45%    passed     69.54%
 293  MetazoaPoriferaSyconciliatum_5125945__BCDO2_MOUSE_Beta_beta-carotene_9__10_-oxygenase_OS_                                                             17.27%    failed      1.34%
 294  MetazoaPoriferaStylissacarteri_5078745__BCDO1_CHICK_Beta_beta-carotene_15_15_-dioxygenase_OS_                                                         86.91%    passed     80.09%
 295  MetazoaAnnelidaEP00103Capitellateleta_73859__NINAB_GALME_Carotenoid_isomerooxygenase_OS_                                                              30.18%    passed     20.46%
 296  MetazoaBryozoaBugulaneritina_2472944__BCDO2_MOUSE_Beta_beta-carotene_9__10_-oxygenase_OS_                                                             87.45%    passed     87.40%
 297  MetazoaPoriferaStylissacarteri_5081911__BCDO2_MACFA_Beta_beta-carotene_9__10_-oxygenase_OS_                                                           68.91%    passed     81.82%
 298  MetazoaBryozoaBugulaneritina_2431578__BCDO2_MOUSE_Beta_beta-carotene_9__10_-oxygenase_OS_                                                             90.36%    passed     76.01%
 299  MetazoaArthropodaEP00090Calanusglacialis_709073__NINAB_GALME_Carotenoid_isomerooxygenase_OS_                                                          82.73%    passed     49.07%
 300  MetazoaArthropodaEP00090Calanusglacialis_707435__NINAB_GALME_Carotenoid_isomerooxygenase_OS_                                                          82.36%    passed     62.81%
 301  MetazoaAnnelidaEP00103Capitellateleta_75997__NINAB_DROME_Carotenoid_isomerooxygenase_OS_                                                              41.27%    passed     35.62%
 302  MetazoaAnnelidaEP00103Capitellateleta_66993_                                                                                                          70.00%    passed     29.52%
 303  MetazoaArthropodaEP00090Calanusglacialis_706300__NINAB_GALME_Carotenoid_isomerooxygenase_OS_                                                          68.36%    passed     34.00%
 304  MetazoaPoriferaStylissacarteri_5087606__BCDO1_CHICK_Beta_beta-carotene_15_15_-dioxygenase_OS_                                                         87.45%    passed     63.83%
 305  MetazoaCephalochordataBranchiostomabelcheri_2817418__PK3CD_MOUSE_Phosphatidylinositol_4_5-bisphosphate_3-kinase_catalytic_subunit_delta_isoform_OS_   17.82%    passed      9.45%
 306  MetazoaPoriferaStylissacarteri_5087932__BCDO2_MACFA_Beta_beta-carotene_9__10_-oxygenase_OS_                                                           81.64%    passed     91.67%
 307  MetazoaArthropodaEP00090Calanusglacialis_706078__NINAB_GALME_Carotenoid_isomerooxygenase_OS_                                                          57.82%    passed     36.65%
 308  MetazoaHemichordataSaccoglossuskowalevskii_4077516__RP65B_DANRE_All-trans-retinyl_ester_13-cis_isomerohydrolase_OS_                                   70.00%    passed     11.98%
 309  MetazoaPoriferaStylissacarteri_5087933__BCDO1_CHICK_Beta_beta-carotene_15_15_-dioxygenase_OS_                                                         79.45%    passed     41.26%
 310  MetazoaPoriferaStylissacarteri_5076524__BCDO2_MOUSE_Beta_beta-carotene_9__10_-oxygenase_OS_                                                           67.82%    passed     81.88%
 311  MetazoaPoriferaStylissacarteri_5097879__BCDO1_CHICK_Beta_beta-carotene_15_15_-dioxygenase_OS_                                                         67.64%    passed     57.69%
 312  MetazoaPoriferaStylissacarteri_5099422__RPE65_HUMAN_Retinoid_isomerohydrolase_OS_                                                                     75.64%    passed      5.29%
 313  MetazoaEchinodermataAcanthasterplanci_3782915__RP65B_DANRE_All-trans-retinyl_ester_13-cis_isomerohydrolase_OS_                                        69.82%    passed     37.44%
 314  MetazoaArthropodaEP00090Calanusglacialis_708710_                                                                                                      75.27%    passed     44.56%
 315  MetazoaArthropodaEP00090Calanusglacialis_711677__RPE65_CYNPY_Retinoid_isomerohydrolase_OS_                                                            82.55%    passed     63.44%
 316  MetazoaPoriferaStylissacarteri_5074707__BCDO2_HUMAN_Beta_beta-carotene_9__10_-oxygenase_OS_                                                           84.91%    passed     65.99%
 317  MetazoaPoriferaStylissacarteri_5081529__RPE65_CHICK_Retinoid_isomerohydrolase_OS_                                                                     79.27%    passed     30.64%
 318  MetazoaPoriferaStylissacarteri_5082232__BCDO2_MACFA_Beta_beta-carotene_9__10_-oxygenase_OS_                                                           83.82%    passed     93.57%
 319  MetazoaArthropodaEP00090Calanusglacialis_704858_                                                                                                      60.00%    passed     10.91%
 320  MetazoaArthropodaEP00090Calanusglacialis_716108_                                                                                                      74.55%    passed     81.68%
 321  MetazoaArthropodaEP00090Calanusglacialis_700686__CCD1_PHAVU_Carotenoid_9_10_9__10__-cleavage_dioxygenase_1_OS_                                        70.91%    failed      0.49%
 322  MetazoaPoriferaStylissacarteri_5073479__BCDO1_CHICK_Beta_beta-carotene_15_15_-dioxygenase_OS_                                                         88.36%    passed      9.22%
WARNING: 88 sequences contain more than 50% gaps/ambiguity
****  TOTAL                                                                                                                                                 34.32%  38 sequences failed composition chi2 test (p-value<5%; df=19)


Create initial parsimony tree by phylogenetic likelihood library (PLL)... 0.239 seconds
Measuring multi-threading efficiency up to 24 CPU cores
Increase to 10 rounds for branch lengths
9 trees examined
Threads: 1 / Time: 26.811 sec / Speedup: 1.000 / Efficiency: 100% / LogL: -250143
Threads: 2 / Time: 15.934 sec / Speedup: 1.683 / Efficiency: 84% / LogL: -250143
Threads: 3 / Time: 11.753 sec / Speedup: 2.281 / Efficiency: 76% / LogL: -250143
Threads: 4 / Time: 9.788 sec / Speedup: 2.739 / Efficiency: 68% / LogL: -250143
Threads: 5 / Time: 8.998 sec / Speedup: 2.980 / Efficiency: 60% / LogL: -250143
Threads: 6 / Time: 8.318 sec / Speedup: 3.223 / Efficiency: 54% / LogL: -250143
Threads: 7 / Time: 8.034 sec / Speedup: 3.337 / Efficiency: 48% / LogL: -250143
BEST NUMBER OF THREADS: 6

Perform fast likelihood tree search using LG+G model...
Estimate model parameters (epsilon = 5.000)
Perform nearest neighbor interchange...
Estimate model parameters (epsilon = 1.000)
1. Initial log-likelihood: -177855.109
Optimal log-likelihood: -177855.031
Gamma shape alpha: 1.930
Parameters optimization took 1 rounds (0.272 sec)
Time for fast ML tree search: 5.567 seconds

NOTE: ModelFinder requires 286 MB RAM!
ModelFinder will test up to 462 protein models (sample size: 550) ...
 No. Model         -LnL         df  AIC          AICc         BIC
  1  LG            182409.953   641 366101.905   1189145.905  368864.563
  2  LG+G4         177855.077   642 356994.155   1182606.155  359761.122
  3  LG+R2         178923.835   643 359133.671   1187317.671  361904.948
  4  LG+R3         178065.544   645 357421.087   1190761.087  360200.985
  5  LG+R4         177760.991   647 356815.981   1195327.981  359604.498
  6  LG+R5         177586.717   649 356471.434   1200171.434  359268.571
  7  LG+R6         177566.161   651 356434.323   1205338.323  359240.079
  8  LG+R7         177527.173   653 356360.346   1210484.346  359174.722
  9  LG+R8         177519.336   655 356348.671   1215708.671  359171.668
 10  LG+R9         177511.823   657 356337.645   1220949.645  359169.262
 11  LG+R10        177510.954   659 356339.908   1226219.908  359180.144
 19  LG+F+R7       177377.183   672 356098.365   1260610.365  358994.630
 20  LG+F+R8       177364.940   674 356077.881   1265977.881  358982.765
 21  LG+F+R9       177357.863   676 356067.727   1271371.727  358981.231
 30  WAG+R7        178117.088   653 357540.177   1211664.177  360354.553
 31  WAG+R8        178110.201   655 357530.402   1216890.402  360353.399
 32  WAG+R9        178102.942   657 357519.884   1222131.884  360351.500
 41  WAG+F+R7      178012.821   672 357369.642   1261881.642  360265.907
 42  WAG+F+R8      178006.684   674 357361.367   1267261.367  360266.252
 52  JTT+R7        179849.720   653 361005.440   1215129.440  363819.817
 53  JTT+R8        179841.678   655 360993.355   1220353.355  363816.352
 54  JTT+R9        179832.759   657 360979.518   1225591.518  363811.134
 63  JTT+F+R7      179884.053   672 361112.105   1265624.105  364008.370
 64  JTT+F+R8      179877.281   674 361102.563   1271002.563  364007.447
 65  JTT+F+R9      179869.986   676 361091.971   1276395.971  364005.476
 74  JTTDCMut+R7   179839.973   653 360985.946   1215109.946  363800.323
 75  JTTDCMut+R8   179832.268   655 360974.537   1220334.537  363797.533
 76  JTTDCMut+R9   179823.726   657 360961.452   1225573.452  363793.068
 85  JTTDCMut+F+R7 179898.521   672 361141.041   1265653.041  364037.306
 86  JTTDCMut+F+R8 179891.929   674 361131.857   1271031.857  364036.742
 87  JTTDCMut+F+R9 179884.930   676 361121.860   1276425.860  364035.365
 96  DCMut+R7      180998.919   653 363303.839   1217427.839  366118.215
 97  DCMut+R8      180986.383   655 363282.766   1222642.766  366105.763
 98  DCMut+R9      180979.664   657 363273.328   1227885.328  366104.944
107  DCMut+F+R7    180559.159   672 362462.317   1266974.317  365358.583
108  DCMut+F+R8    180551.352   674 362450.705   1272350.705  365355.590
109  DCMut+F+R9    180543.043   676 362438.086   1277742.086  365351.591
118  VT+R7         178352.321   653 358010.641   1212134.641  360825.018
119  VT+R8         178351.567   655 358013.135   1217373.135  360836.131
129  VT+F+R7       178333.229   672 358010.459   1262522.459  360906.724
130  VT+F+R8       178331.543   674 358011.087   1267911.087  360915.972
140  PMB+R7        178801.672   653 358909.344   1213033.344  361723.721
141  PMB+R8        178795.118   655 358900.236   1218260.236  361723.233
142  PMB+R9        178793.225   657 358900.451   1223512.451  361732.067
151  PMB+F+R7      179027.884   672 359399.767   1263911.767  362296.032
152  PMB+F+R8      179020.875   674 359389.750   1269289.750  362294.635
153  PMB+F+R9      179020.515   676 359393.029   1274697.029  362306.534
162  Blosum62+R7   178709.175   653 358724.349   1212848.349  361538.726
163  Blosum62+R8   178702.478   655 358714.955   1218074.955  361537.952
164  Blosum62+R9   178698.205   657 358710.409   1223322.409  361542.026
173  Blosum62+F+R7 178739.116   672 358822.232   1263334.232  361718.497
174  Blosum62+F+R8 178731.531   674 358811.061   1268711.061  361715.946
175  Blosum62+F+R9 178727.577   676 358807.153   1274111.153  361720.658
184  Dayhoff+R7    181004.256   653 363314.512   1217438.512  366128.889
185  Dayhoff+R8    180991.619   655 363293.238   1222653.238  366116.234
186  Dayhoff+R9    180984.715   657 363283.430   1227895.430  366115.047
195  Dayhoff+F+R7  180562.375   672 362468.749   1266980.749  365365.014
196  Dayhoff+F+R8  180554.470   674 362456.940   1272356.940  365361.825
197  Dayhoff+F+R9  180546.032   676 362444.063   1277748.063  365357.568
206  mtREV+R7      187633.014   653 376572.029   1230696.029  379386.405
207  mtREV+R8      187620.348   655 376550.695   1235910.695  379373.692
208  mtREV+R9      187615.473   657 376544.946   1241156.946  379376.562
217  mtREV+F+R7    182350.870   672 366045.740   1270557.740  368942.005
218  mtREV+F+R8    182336.200   674 366020.401   1275920.401  368925.286
219  mtREV+F+R9    182326.683   676 366005.367   1281309.367  368918.872
228  mtART+R7      189129.110   653 379564.220   1233688.220  382378.597
229  mtART+R8      189115.808   655 379541.616   1238901.616  382364.612
230  mtART+R9      189094.878   657 379503.757   1244115.757  382335.373
239  mtART+F+R7    183612.212   672 368568.424   1273080.424  371464.689
240  mtART+F+R8    183585.884   674 368519.767   1278419.767  371424.652
241  mtART+F+R9    183574.285   676 368500.570   1283804.570  371414.075
250  mtZOA+R7      184718.963   653 370743.927   1224867.927  373558.303
251  mtZOA+R8      184698.439   655 370706.878   1230066.878  373529.875
252  mtZOA+R9      184695.682   657 370705.364   1235317.364  373536.980
261  mtZOA+F+R7    181080.663   672 363505.326   1268017.326  366401.591
262  mtZOA+F+R8    181067.543   674 363483.086   1273383.086  366387.971
263  mtZOA+F+R9    181059.086   676 363470.172   1278774.172  366383.677
272  mtMet+R7      187053.704   653 375413.408   1229537.408  378227.785
273  mtMet+R8      187047.552   655 375405.104   1234765.104  378228.101
283  mtMet+F+R7    182013.251   672 365370.503   1269882.503  368266.768
284  mtMet+F+R8    182000.190   674 365348.380   1275248.380  368253.265
285  mtMet+F+R9    181998.159   676 365348.318   1280652.318  368261.823
294  mtVer+R7      189700.983   653 380707.966   1234831.966  383522.343
295  mtVer+R8      189685.425   655 380680.849   1240040.849  383503.846
296  mtVer+R9      189678.240   657 380670.479   1245282.479  383502.095
305  mtVer+F+R7    185358.436   672 372060.872   1276572.872  374957.137
306  mtVer+F+R8    185330.031   674 372008.061   1281908.061  374912.946
307  mtVer+F+R9    185325.288   676 372002.577   1287306.577  374916.082
316  mtInv+R7      187324.761   653 375955.523   1230079.523  378769.899
317  mtInv+R8      187315.527   655 375941.054   1235301.054  378764.050
318  mtInv+R9      187303.680   657 375921.359   1240533.359  378752.976
327  mtInv+F+R7    180414.140   672 362172.280   1266684.280  365068.545
328  mtInv+F+R8    180404.419   674 362156.838   1272056.838  365061.723
329  mtInv+F+R9    180402.427   676 362156.853   1277460.853  365070.358
338  mtMAM+R7      192413.208   653 386132.416   1240256.416  388946.792
339  mtMAM+R8      192385.397   655 386080.794   1245440.794  388903.790
340  mtMAM+R9      192370.544   657 386055.087   1250667.087  388886.704
349  mtMAM+F+R7    187281.734   672 375907.468   1280419.468  378803.733
350  mtMAM+F+R8    187264.232   674 375876.464   1285776.464  378781.349
351  mtMAM+F+R9    187246.608   676 375845.216   1291149.216  378758.721
360  HIVb+R7       183986.979   653 369279.958   1223403.958  372094.334
361  HIVb+R8       183981.265   655 369272.530   1228632.530  372095.526
371  HIVb+F+R7     183651.798   672 368647.596   1273159.596  371543.862
372  HIVb+F+R8     183642.326   674 368632.652   1278532.652  371537.537
373  HIVb+F+R9     183634.272   676 368620.545   1283924.545  371534.049
382  HIVw+R7       192239.732   653 385785.464   1239909.464  388599.841
383  HIVw+R8       192228.475   655 385766.950   1245126.950  388589.947
384  HIVw+R9       192227.941   657 385769.883   1250381.883  388601.499
393  HIVw+F+R7     189766.523   672 380877.046   1285389.046  383773.311
394  HIVw+F+R8     189760.258   674 380868.517   1290768.517  383773.402
404  FLU+R7        182631.892   653 366569.784   1220693.784  369384.160
405  FLU+R8        182625.683   655 366561.365   1225921.365  369384.362
415  FLU+F+R7      182113.052   672 365570.105   1270082.105  368466.370
416  FLU+F+R8      182103.279   674 365554.558   1275454.558  368459.443
417  FLU+F+R9      182102.442   676 365556.884   1280860.884  368470.389
426  rtREV+R7      179098.783   653 359503.567   1213627.567  362317.944
427  rtREV+R8      179089.394   655 359488.788   1218848.788  362311.785
428  rtREV+R9      179087.263   657 359488.525   1224100.525  362320.142
437  rtREV+F+R7    178245.207   672 357834.415   1262346.415  360730.680
438  rtREV+F+R8    178232.767   674 357813.535   1267713.535  360718.420
439  rtREV+F+R9    178230.464   676 357812.927   1273116.927  360726.432
448  cpREV+R7      179592.683   653 360491.366   1214615.366  363305.743
449  cpREV+R8      179582.281   655 360474.563   1219834.563  363297.559
450  cpREV+R9      179573.945   657 360461.890   1225073.890  363293.506
459  cpREV+F+R7    179365.155   672 360074.310   1264586.310  362970.575
460  cpREV+F+R8    179360.475   674 360068.949   1269968.949  362973.834
Akaike Information Criterion:           LG+F+R9
Corrected Akaike Information Criterion: LG+G4
Bayesian Information Criterion:         LG+F+R9
Best-fit model: LG+F+R9 chosen according to BIC

All model information printed to BCMO1_CCO.fasta.cdhit.mafft.trimal.UFB.model.gz
CPU time for ModelFinder: 14402.242 seconds (4h:0m:2s)
Wall-clock time for ModelFinder: 2469.102 seconds (0h:41m:9s)
Generating 1000 samples for ultrafast bootstrap (seed: 546967)...

NOTE: 258 MB RAM (0 GB) is required!
Estimate model parameters (epsilon = 0.100)
1. Initial log-likelihood: -177357.863
Optimal log-likelihood: -177357.855
Site proportion and rates:  (0.023,0.068) (0.029,0.181) (0.058,0.311) (0.085,0.443) (0.179,0.644) (0.139,0.882) (0.228,1.122) (0.179,1.558) (0.080,2.064)
Parameters optimization took 1 rounds (1.412 sec)
Computing ML distances based on estimated model parameters... 30.729 sec
WARNING: Some pairwise ML distances are too long (saturated)
Computing BIONJ tree...
0.099 seconds
Log-likelihood of BIONJ tree: -179269.465
--------------------------------------------------------------------
|             INITIALIZING CANDIDATE TREE SET                      |
--------------------------------------------------------------------
Generating 98 parsimony trees... 24.747 second
Computing log-likelihood of 98 initial trees ... 20.713 seconds
Current best score: -177357.855

Do NNI search on 20 best initial trees
Estimate model parameters (epsilon = 0.100)
BETTER TREE FOUND at iteration 1: -177314.287
Estimate model parameters (epsilon = 0.100)
BETTER TREE FOUND at iteration 2: -177132.020
Estimate model parameters (epsilon = 0.100)
BETTER TREE FOUND at iteration 4: -177131.181
Estimate model parameters (epsilon = 0.100)
BETTER TREE FOUND at iteration 10: -177128.124
Iteration 10 / LogL: -177128.124 / Time: 0h:2m:43s
Estimate model parameters (epsilon = 0.100)
BETTER TREE FOUND at iteration 18: -177098.223
Iteration 20 / LogL: -177203.157 / Time: 0h:4m:19s
Finish initializing candidate tree set (20)
Current best tree score: -177098.223 / CPU time: 248.531
Number of iterations: 20
--------------------------------------------------------------------
|               OPTIMIZING CANDIDATE TREE SET                      |
--------------------------------------------------------------------
Estimate model parameters (epsilon = 0.100)
BETTER TREE FOUND at iteration 22: -177089.015
Estimate model parameters (epsilon = 0.100)
BETTER TREE FOUND at iteration 23: -177085.105
Estimate model parameters (epsilon = 0.100)
BETTER TREE FOUND at iteration 24: -177081.979
Estimate model parameters (epsilon = 0.100)
BETTER TREE FOUND at iteration 29: -177076.699
Estimate model parameters (epsilon = 0.100)
BETTER TREE FOUND at iteration 30: -177072.725
Iteration 30 / LogL: -177072.725 / Time: 0h:5m:46s (0h:19m:53s left)
Estimate model parameters (epsilon = 0.100)
BETTER TREE FOUND at iteration 31: -177070.563
Estimate model parameters (epsilon = 0.100)
BETTER TREE FOUND at iteration 36: -177050.623
Iteration 40 / LogL: -177059.146 / Time: 0h:7m:2s (0h:17m:18s left)
Estimate model parameters (epsilon = 0.100)
BETTER TREE FOUND at iteration 50: -177047.971
Iteration 50 / LogL: -177047.971 / Time: 0h:8m:11s (0h:16m:43s left)
Log-likelihood cutoff on original alignment: -177201.144
Estimate model parameters (epsilon = 0.100)
BETTER TREE FOUND at iteration 55: -177046.843
Estimate model parameters (epsilon = 0.100)
BETTER TREE FOUND at iteration 58: -177038.293
Iteration 60 / LogL: -177063.928 / Time: 0h:9m:39s (0h:16m:2s left)
Estimate model parameters (epsilon = 0.100)
BETTER TREE FOUND at iteration 64: -177027.587
Iteration 70 / LogL: -177039.283 / Time: 0h:10m:56s (0h:14m:54s left)
Iteration 80 / LogL: -177035.384 / Time: 0h:12m:0s (0h:12m:45s left)
Iteration 90 / LogL: -177051.132 / Time: 0h:13m:8s (0h:10m:55s left)
Estimate model parameters (epsilon = 0.100)
BETTER TREE FOUND at iteration 92: -177025.426
Iteration 100 / LogL: -177029.534 / Time: 0h:14m:22s (0h:13m:21s left)
Log-likelihood cutoff on original alignment: -177184.924
NOTE: Bootstrap correlation coefficient of split occurrence frequencies: 0.963
NOTE: UFBoot does not converge, continue at least 100 more iterations
Iteration 110 / LogL: -177038.478 / Time: 0h:15m:32s (0h:12m:50s left)
Estimate model parameters (epsilon = 0.100)
BETTER TREE FOUND at iteration 119: -177023.960
Iteration 120 / LogL: -177032.546 / Time: 0h:16m:46s (0h:13m:56s left)
Estimate model parameters (epsilon = 0.100)
BETTER TREE FOUND at iteration 128: -177020.090
Iteration 130 / LogL: -177025.045 / Time: 0h:17m:58s (0h:13m:39s left)
Estimate model parameters (epsilon = 0.100)
BETTER TREE FOUND at iteration 136: -177019.768
Iteration 140 / LogL: -177034.260 / Time: 0h:19m:12s (0h:13m:15s left)
Estimate model parameters (epsilon = 0.100)
BETTER TREE FOUND at iteration 145: -177017.489
Estimate model parameters (epsilon = 0.100)
BETTER TREE FOUND at iteration 150: -177011.423
Iteration 150 / LogL: -177011.423 / Time: 0h:20m:26s (0h:13m:43s left)
Log-likelihood cutoff on original alignment: -177176.564
Estimate model parameters (epsilon = 0.100)
BETTER TREE FOUND at iteration 154: -177010.411
Iteration 160 / LogL: -177028.446 / Time: 0h:21m:33s (0h:12m:44s left)
Estimate model parameters (epsilon = 0.100)
BETTER TREE FOUND at iteration 165: -177009.605
Estimate model parameters (epsilon = 0.100)
BETTER TREE FOUND at iteration 169: -177006.885
Iteration 170 / LogL: -177030.147 / Time: 0h:22m:54s (0h:13m:25s left)
Iteration 180 / LogL: -177019.910 / Time: 0h:23m:59s (0h:11m:55s left)
Estimate model parameters (epsilon = 0.100)
BETTER TREE FOUND at iteration 187: -177004.556
Iteration 190 / LogL: -177010.968 / Time: 0h:25m:8s (0h:12m:54s left)
Iteration 200 / LogL: -177006.665 / Time: 0h:26m:6s (0h:11m:24s left)
Log-likelihood cutoff on original alignment: -177176.564
NOTE: Bootstrap correlation coefficient of split occurrence frequencies: 0.968
NOTE: UFBoot does not converge, continue at least 100 more iterations
Iteration 210 / LogL: -177012.038 / Time: 0h:27m:6s (0h:11m:40s left)
Iteration 220 / LogL: -177060.796 / Time: 0h:28m:11s (0h:10m:17s left)
Estimate model parameters (epsilon = 0.100)
BETTER TREE FOUND at iteration 225: -177000.714
Iteration 230 / LogL: -177016.408 / Time: 0h:29m:26s (0h:12m:12s left)
Estimate model parameters (epsilon = 0.100)
BETTER TREE FOUND at iteration 235: -177000.310
Iteration 240 / LogL: -177024.770 / Time: 0h:30m:32s (0h:12m:8s left)
Iteration 250 / LogL: -177009.811 / Time: 0h:31m:40s (0h:10m:48s left)
Log-likelihood cutoff on original alignment: -177176.564
Iteration 260 / LogL: -177005.259 / Time: 0h:32m:51s (0h:9m:30s left)
Iteration 270 / LogL: -177015.734 / Time: 0h:33m:58s (0h:8m:12s left)
Iteration 280 / LogL: -177002.049 / Time: 0h:35m:9s (0h:6m:55s left)
Iteration 290 / LogL: -177006.680 / Time: 0h:36m:21s (0h:5m:39s left)
Iteration 300 / LogL: -177000.503 / Time: 0h:37m:37s (0h:4m:24s left)
Log-likelihood cutoff on original alignment: -177176.564
NOTE: Bootstrap correlation coefficient of split occurrence frequencies: 0.978
NOTE: UFBoot does not converge, continue at least 100 more iterations
Iteration 310 / LogL: -177015.471 / Time: 0h:38m:38s (0h:11m:15s left)
Iteration 320 / LogL: -177004.067 / Time: 0h:39m:44s (0h:9m:57s left)
Iteration 330 / LogL: -177077.692 / Time: 0h:40m:44s (0h:8m:40s left)
Iteration 340 / LogL: -177021.101 / Time: 0h:41m:53s (0h:7m:24s left)
Iteration 350 / LogL: -177021.411 / Time: 0h:42m:57s (0h:6m:9s left)
Log-likelihood cutoff on original alignment: -177176.564
Iteration 360 / LogL: -177023.358 / Time: 0h:44m:3s (0h:4m:54s left)
Iteration 370 / LogL: -177017.328 / Time: 0h:45m:3s (0h:3m:39s left)
Iteration 380 / LogL: -177006.876 / Time: 0h:46m:8s (0h:2m:26s left)
Estimate model parameters (epsilon = 0.100)
BETTER TREE FOUND at iteration 382: -176998.835
Iteration 390 / LogL: -177035.052 / Time: 0h:47m:18s (0h:11m:11s left)
Iteration 400 / LogL: -177046.486 / Time: 0h:48m:16s (0h:9m:55s left)
Log-likelihood cutoff on original alignment: -177176.564
NOTE: Bootstrap correlation coefficient of split occurrence frequencies: 0.990
NOTE: UFBoot does not converge, continue at least 100 more iterations
Iteration 410 / LogL: -177006.035 / Time: 0h:49m:18s (0h:10m:50s left)
Iteration 420 / LogL: -177004.082 / Time: 0h:50m:17s (0h:9m:36s left)
Iteration 430 / LogL: -177008.063 / Time: 0h:51m:17s (0h:8m:22s left)
Iteration 440 / LogL: -177019.570 / Time: 0h:52m:18s (0h:7m:8s left)
Estimate model parameters (epsilon = 0.100)
BETTER TREE FOUND at iteration 445: -176998.544
Iteration 450 / LogL: -177004.376 / Time: 0h:53m:18s (0h:11m:16s left)
Log-likelihood cutoff on original alignment: -177176.564
Iteration 460 / LogL: -176999.399 / Time: 0h:54m:16s (0h:10m:3s left)
Iteration 470 / LogL: -177005.282 / Time: 0h:55m:16s (0h:8m:50s left)
Iteration 480 / LogL: -177002.353 / Time: 0h:56m:18s (0h:7m:38s left)
Iteration 490 / LogL: -177031.789 / Time: 0h:57m:19s (0h:6m:26s left)
Iteration 500 / LogL: -177001.936 / Time: 0h:58m:24s (0h:5m:16s left)
Log-likelihood cutoff on original alignment: -177176.564
NOTE: Bootstrap correlation coefficient of split occurrence frequencies: 0.991
Iteration 510 / LogL: -177019.252 / Time: 0h:59m:26s (0h:10m:30s left)
Iteration 520 / LogL: -177010.938 / Time: 1h:0m:23s (0h:9m:18s left)
Iteration 530 / LogL: -177018.216 / Time: 1h:1m:25s (0h:8m:7s left)
Iteration 540 / LogL: -177012.086 / Time: 1h:2m:26s (0h:6m:57s left)
Estimate model parameters (epsilon = 0.100)
BETTER TREE FOUND at iteration 542: -176997.399
Iteration 550 / LogL: -177010.659 / Time: 1h:3m:28s (0h:10m:38s left)
Log-likelihood cutoff on original alignment: -177176.564
Iteration 560 / LogL: -177010.855 / Time: 1h:4m:32s (0h:9m:28s left)
Iteration 570 / LogL: -177014.460 / Time: 1h:5m:32s (0h:8m:17s left)
Iteration 580 / LogL: -177010.385 / Time: 1h:6m:35s (0h:7m:7s left)
Iteration 590 / LogL: -177029.302 / Time: 1h:7m:31s (0h:5m:57s left)
Iteration 600 / LogL: -177011.576 / Time: 1h:8m:33s (0h:4m:48s left)
Log-likelihood cutoff on original alignment: -177176.564
NOTE: Bootstrap correlation coefficient of split occurrence frequencies: 0.994
Iteration 610 / LogL: -177006.069 / Time: 1h:9m:35s (0h:10m:17s left)
Iteration 620 / LogL: -177019.750 / Time: 1h:10m:36s (0h:9m:7s left)
Iteration 630 / LogL: -177115.785 / Time: 1h:11m:39s (0h:7m:58s left)
Iteration 640 / LogL: -177020.914 / Time: 1h:12m:35s (0h:6m:48s left)
TREE SEARCH COMPLETED AFTER 643 ITERATIONS / Time: 1h:12m:55s

--------------------------------------------------------------------
|                    FINALIZING TREE SEARCH                        |
--------------------------------------------------------------------
Performs final model parameters optimization
Estimate model parameters (epsilon = 0.010)
1. Initial log-likelihood: -176997.399
2. Current log-likelihood: -176997.365
3. Current log-likelihood: -176997.346
Optimal log-likelihood: -176997.335
Site proportion and rates:  (0.024,0.072) (0.031,0.189) (0.090,0.349) (0.084,0.516) (0.165,0.682) (0.141,0.909) (0.221,1.155) (0.165,1.558) (0.079,2.080)
Parameters optimization took 3 rounds (3.041 sec)
BEST SCORE FOUND : -176997.335

Testing tree branches by SH-like aLRT with 1000 replicates...
Testing tree branches by aBayes parametric test...
1.158 sec.
Creating bootstrap support values...
Split supports printed to NEXUS file BCMO1_CCO.fasta.cdhit.mafft.trimal.UFB.splits.nex
Total tree length: 190.892

Total number of iterations: 643
CPU time used for tree search: 25726.430 sec (7h:8m:46s)
Wall-clock time used for tree search: 4364.036 sec (1h:12m:44s)
Total CPU time used: 25815.422 sec (7h:10m:15s)
Total wall-clock time used: 4380.430 sec (1h:13m:0s)

Computing bootstrap consensus tree...
Reading input file BCMO1_CCO.fasta.cdhit.mafft.trimal.UFB.splits.nex...
322 taxa and 2095 splits.
Consensus tree written to BCMO1_CCO.fasta.cdhit.mafft.trimal.UFB.contree
Reading input trees file BCMO1_CCO.fasta.cdhit.mafft.trimal.UFB.contree
Log-likelihood of consensus tree: -176997.763

Analysis results written to: 
  IQ-TREE report:                BCMO1_CCO.fasta.cdhit.mafft.trimal.UFB.iqtree
  Maximum-likelihood tree:       BCMO1_CCO.fasta.cdhit.mafft.trimal.UFB.treefile
  Likelihood distances:          BCMO1_CCO.fasta.cdhit.mafft.trimal.UFB.mldist

Ultrafast bootstrap approximation results written to:
  Split support values:          BCMO1_CCO.fasta.cdhit.mafft.trimal.UFB.splits.nex
  Consensus tree:                BCMO1_CCO.fasta.cdhit.mafft.trimal.UFB.contree
  Screen log file:               BCMO1_CCO.fasta.cdhit.mafft.trimal.UFB.log

Date and Time: Fri Dec  9 15:26:24 2022
