IQ-TREE multicore version 2.0.6 for Linux 64-bit built May 30 2020
Developed by Bui Quang Minh, Nguyen Lam Tung, Olga Chernomor,
Heiko Schmidt, Dominik Schrempf, Michael Woodhams.

Host:    node022 (AVX2, FMA3, 94 GB RAM)
Command: iqtree2 -s BOG_OOG_RETSAT.fasta.cdhit.mafft.trimal -m MFP -B 1000 --alrt 1000 --abayes -T AUTO --prefix RETSAT.fasta.cdhit.mafft.trimal.UFB
Seed:    360604 (Using SPRNG - Scalable Parallel Random Number Generator)
Time:    Thu Dec  8 23:02:12 2022
Kernel:  AVX+FMA - auto-detect threads (26 CPU cores detected)

Reading alignment file BOG_OOG_RETSAT.fasta.cdhit.mafft.trimal ... Fasta format detected
Alignment most likely contains protein sequences
Alignment has 338 sequences with 621 columns, 621 distinct patterns
618 parsimony-informative, 3 singleton sites, 0 constant sites
                                                                                                                                                           Gap/Ambiguity  Composition  p-value
   1  HaptophytaEP00319Phaeocystisglobosa_14074786_                                                                                                               66.67%    passed     52.65%
   2  GlaucophytaEP00276Gloeochaetewittrockiana_13498695__PDS_ONCHC_15-cis-phytoene_desaturase__chloroplastic_chromoplastic_OS_                                   34.46%    passed     26.45%
   3  MetazoaBryozoaBugulaneritina_2168452__RETST_DANRE_All-trans-retinol_13_14-reductase_OS_                                                                     91.79%    passed     59.88%
   4  MetazoaBryozoaBugulaneritina_2367144__RETST_DANRE_All-trans-retinol_13_14-reductase_OS_                                                                     90.02%    passed     82.20%
   5  MetazoaUrochordataOikopleuradioica_5365984__RETST_MACFA_All-trans-retinol_13_14-reductase_OS_                                                               83.25%    passed     35.48%
   6  MetazoaPoriferaAmphimedonqueenslandica_4702471__PAO5_ARATH_Probable_polyamine_oxidase_5_OS_                                                                 41.87%    failed      1.24%
   7  IchthyosporeaSphaeroformaarcticaUP000054560_14614349__RETST_DANRE_All-trans-retinol_13_14-reductase_OS_                                                     88.08%    passed     19.29%
   8  ChoanoflagellataEP00039Didymoecacostata_10868813__RETST_DANRE_All-trans-retinol_13_14-reductase_OS_                                                         56.84%    passed     37.09%
   9  MetazoaPoriferaLeucosoleniacomplicata_4973416__RETST_MACFA_All-trans-retinol_13_14-reductase_OS_                                                            70.85%    passed     31.05%
  10  MetazoaCnidariaAureliaGenome_3049334_                                                                                                                       90.98%    passed     63.59%
  11  CentroplasthelidaEP00300ChoanocystisspHF7_5626215__RETST_HUMAN_All-trans-retinol_13_14-reductase_OS_                                                        70.21%    passed     31.27%
  12  IchthyosporeaEP00126Sphaerothecumdestruens_14610575__RETST_MACFA_All-trans-retinol_13_14-reductase_OS_                                                      84.54%    passed     84.64%
  13  MetazoaUrochordataOikopleuradioica_5365986__RETST_DANRE_All-trans-retinol_13_14-reductase_OS_                                                               78.74%    passed     10.70%
  14  EuglenozoaEP00668Euglenalonga_12433009__RETST_MOUSE_All-trans-retinol_13_14-reductase_OS_                                                                   85.19%    passed     40.07%
  15  MetazoaCnidariaPoritesaustraliensis_3536664__AOFB_MOUSE_Amine_oxidase__flavin-containing__B_OS_                                                             36.39%    passed     15.28%
  16  CryptophyceaeGuillardiathetaUP000011087_12247280__CRTI_PHYB8_Phytoene_desaturase_OS_                                                                        69.73%    passed     73.23%
  17  MetazoaEchinodermataEP00057Strongylocentrotuspurpuratus_3821394__CHOD_MYCTU_Cholesterol_oxidase_OS_                                                         16.75%    passed     17.74%
  18  MetazoaVertebrateHomosapiens_6466361__OXLA_HUMAN_L-amino-acid_oxidase_OS_                                                                                   43.96%    passed     39.67%
  19  AmoebozoaEP00007CuneaspBSH02190019_4980299__RETST_DANRE_All-trans-retinol_13_14-reductase_OS_                                                               62.16%    passed     13.60%
  20  MetazoaEchinodermataEP00057Strongylocentrotuspurpuratus_3818616__AOFA_CANLF_Amine_oxidase__flavin-containing__A_OS_                                         57.17%    passed     45.25%
  21  AmoebozoaDictyosteliumdiscoideumUP000002195_4930043__AOFA_DICDI_Probable_flavin-containing_monoamine_oxidase_A_OS_                                          35.10%    failed      0.00%
  22  MetazoaAnnelidaEP00103Capitellateleta_75794__AOF_ONCMY_Amine_oxidase__flavin-containing__OS_                                                                35.75%    passed     76.86%
  23  EuglenozoaEP00668Euglenalonga_12432795__RETST_DANRE_All-trans-retinol_13_14-reductase_OS_                                                                   76.65%    passed      5.02%
  24  MetazoaCnidariaStylophorapistillata_3672400__AOFA_PONAB_Amine_oxidase__flavin-containing__A_OS_                                                             66.34%    passed     60.52%
  25  MetazoaCnidariaStylophorapistillata_3672699__AOFB_MOUSE_Amine_oxidase__flavin-containing__B_OS_                                                             36.39%    passed     73.55%
  26  MetazoaCnidariaMadracisauretenra_3296622__CRTSO_ARATH_Prolycopene_isomerase__chloroplastic_OS_                                                              82.93%    passed     54.40%
  27  MetazoaHemichordataSaccoglossuskowalevskii_4058484__AOF_ONCMY_Amine_oxidase__flavin-containing__OS_                                                         35.75%    failed      1.44%
  28  MetazoaHemichordataSaccoglossuskowalevskii_4058530__AOF_ONCMY_Amine_oxidase__flavin-containing__OS_                                                         34.78%    failed      0.82%
  29  MetazoaCnidariaAnthopleuraelegantissima_3014658__RETST_DANRE_All-trans-retinol_13_14-reductase_OS_                                                          37.04%    passed     73.08%
  30  RhodophytaEP00185Porphyridiumpurpureum_23042914__LDL1_ARATH_Lysine-specific_histone_demethylase_1_homolog_1_OS_                                             41.55%    passed     11.18%
  31  MetazoaCnidariaHydramagnapapillata_3259038__RETST_MACFA_All-trans-retinol_13_14-reductase_OS_                                                               11.27%    failed      0.00%
  32  MetazoaCnidariaHydramagnapapillata_3269844__RETST_HUMAN_All-trans-retinol_13_14-reductase_OS_                                                               22.71%    failed      0.33%
  33  ChloroplastidaArabidopsisthalianaUP000006548_5872998__PDS_ARATH_15-cis-phytoene_desaturase__chloroplastic_chromoplastic_OS_                                 35.10%    passed     57.77%
  34  MetazoaEchinodermataEP00057Strongylocentrotuspurpuratus_3804278__KDM1A_HUMAN_Lysine-specific_histone_demethylase_1A_OS_                                     30.76%    passed     83.98%
  35  MetazoaCnidariaAcroporadigitifera_2945740__AOFB_RAT_Amine_oxidase__flavin-containing__B_OS_                                                                 63.61%    passed     30.67%
  36  MetazoaCnidariaMadracisauretenra_3296067__RETST_DANRE_All-trans-retinol_13_14-reductase_OS_                                                                 82.93%    passed     82.77%
  37  AmoebozoaEP00029Vermamoebavermiformis_5283244__PAO4_ORYSJ_Polyamine_oxidase_4_OS_                                                                           59.26%    passed     28.48%
  38  CryptophyceaeGuillardiathetaUP000011087_12266325__PDS_SYNE7_15-cis-phytoene_desaturase_OS_                                                                  37.36%    passed     75.24%
  39  MetazoaCnidariaMadracisauretenra_3276831__RETST_DANRE_All-trans-retinol_13_14-reductase_OS_                                                                 37.68%    passed     50.19%
  40  MetazoaCnidariaMontastraeacavernosa_3333986__RETST_DANRE_All-trans-retinol_13_14-reductase_OS_                                                              24.80%    passed     36.49%
  41  MetazoaArthropodaDaphniapulex_191589__KDM1A_MOUSE_Lysine-specific_histone_demethylase_1A_OS_                                                                32.69%    passed     56.63%
  42  MetazoaEchinodermataEP00057Strongylocentrotuspurpuratus_3809302__AOFA_HORSE_Amine_oxidase__flavin-containing__A_OS_                                         45.89%    passed      9.52%
  43  MetazoaAcoelaHofsteniamiamia_20486__KDM1A_MOUSE_Lysine-specific_histone_demethylase_1A_OS_                                                                  33.66%    passed     82.33%
  44  MetazoaCephalochordataBranchiostomabelcheri_2826140__AOF_ONCMY_Amine_oxidase__flavin-containing__OS_                                                        35.43%    passed     69.84%
  45  MetazoaCephalochordataBranchiostomabelcheri_2826361__AOF_ONCMY_Amine_oxidase__flavin-containing__OS_                                                        36.23%    passed      9.43%
  46  MetazoaCephalochordataBranchiostomabelcheri_2826360__AOF_ONCMY_Amine_oxidase__flavin-containing__OS_                                                        36.23%    passed     11.43%
  47  MetazoaAnnelidaEP00103Capitellateleta_61586__AOFA_HORSE_Amine_oxidase__flavin-containing__A_OS_                                                             35.75%    passed      7.06%
  48  MetazoaEchinodermataAcanthasterplanci_3792678__AOFB_MOUSE_Amine_oxidase__flavin-containing__B_OS_                                                           36.07%    passed     16.04%
  49  MetazoaVertebrateMusmusculus_6540977__AOFB_MOUSE_Amine_oxidase__flavin-containing__B_OS_                                                                    35.91%    passed     34.38%
  50  HeteroloboseaEP00761Pharyngomonaskirbyi_14491034__AOFA_DICDI_Probable_flavin-containing_monoamine_oxidase_A_OS_                                             33.66%    failed      0.01%
  51  GlaucophytaEP00276Gloeochaetewittrockiana_13500563__LDL1_ARATH_Lysine-specific_histone_demethylase_1_homolog_1_OS_                                          40.26%    passed     44.89%
  52  MetazoaCnidariaMadracisauretenra_3274134__RETST_MACFA_All-trans-retinol_13_14-reductase_OS_                                                                 71.34%    passed     59.16%
  53  CryptophyceaeGuillardiathetaUP000011087_12264405__PDS_ARATH_15-cis-phytoene_desaturase__chloroplastic_chromoplastic_OS_                                     37.36%    failed      0.62%
  54  EuglenozoaEP00668Euglenalonga_12434206__RETST_MOUSE_All-trans-retinol_13_14-reductase_OS_                                                                   47.67%    passed     57.25%
  55  EuglenozoaEP00668Euglenalonga_12437384__RETST_DANRE_All-trans-retinol_13_14-reductase_OS_                                                                   67.31%    passed     13.40%
  56  HaptophytaEP00327Prymnesiumparvum_14278629__PDS_CAPAN_15-cis-phytoene_desaturase__chloroplastic_chromoplastic_OS_                                           35.27%    passed      6.13%
  57  HaptophytaEP00327Prymnesiumparvum_14313554__RETST_DANRE_All-trans-retinol_13_14-reductase_OS_                                                               54.27%    passed     69.66%
  58  HaptophytaEP00327Prymnesiumparvum_14278966__RETST_DANRE_All-trans-retinol_13_14-reductase_OS_                                                               19.81%    passed     39.61%
  59  IchthyosporeaSphaeroformaarcticaUP000054560_14628897__RETST_MOUSE_All-trans-retinol_13_14-reductase_OS_                                                     14.33%    failed      1.03%
  60  HaptophytaEP00327Prymnesiumparvum_14304971__RETST_DANRE_All-trans-retinol_13_14-reductase_OS_                                                               11.11%    failed      2.45%
  61  HaptophytaEP00327Prymnesiumparvum_14272054__RETST_DANRE_All-trans-retinol_13_14-reductase_OS_                                                               76.33%    passed     53.68%
  62  MalawimonadidaeEP00698Gefionellaokellyi_14701966__FAA29_MYCMM_4-hydroxyphenylalkanoate_adenylyltransferase_OS_                                              31.56%    failed      0.16%
  63  RhodophytaEP00185Porphyridiumpurpureum_23041822__PDS_SYNE7_15-cis-phytoene_desaturase_OS_                                                                   35.59%    passed     94.97%
  64  MetazoaEchinodermataAcanthasterplanci_3792675__AOFB_BOVIN_Amine_oxidase__flavin-containing__B_OS_                                                           55.07%    passed      8.87%
  65  MetazoaCnidariaAnthopleuraelegantissima_3004728__AOF_ONCMY_Amine_oxidase__flavin-containing__OS_                                                            68.12%    passed     74.45%
  66  CryptophyceaeGuillardiathetaUP000011087_12253048__CRTD_HALJP_Carotenoid_3_4-desaturase_OS_                                                                  31.56%    failed      0.81%
  67  MetazoaArthropodaEP00090Calanusglacialis_678383__AOFB_PIG_Amine_oxidase__flavin-containing__B_OS_                                                           51.05%    failed      0.77%
  68  ChloroplastidaChlamydomonasreinhardtiiUP000006906_6358919__PAO3_ARATH_Polyamine_oxidase_3_OS_                                                               32.21%    failed      0.00%
  69  MetazoaVertebrateMusmusculus_6537752__AOFA_MOUSE_Amine_oxidase__flavin-containing__A_OS_                                                                    35.27%    passed      6.00%
  70  ChoanoflagellataEP00035Acanthoecaspectabilis_10723848__AOFA_DICDI_Probable_flavin-containing_monoamine_oxidase_A_OS_                                        37.84%    failed      0.85%
  71  MetazoaMolluscaLottiagigantea_4211828__AOF_ONCMY_Amine_oxidase__flavin-containing__OS_                                                                      35.43%    passed     40.96%
  72  ChloroplastidaEP00738Chloropiconprimus_8603990__CRTSO_DAUCA_Prolycopene_isomerase__chloroplastic_OS_                                                        31.08%    passed     30.83%
  73  ChloroplastidaChlamydomonasreinhardtiiUP000006906_6370171__PDS_ARATH_15-cis-phytoene_desaturase__chloroplastic_chromoplastic_OS_                            35.59%    passed     79.77%
  74  IchthyosporeaSphaeroformaarcticaUP000054560_14630562__RETST_HUMAN_All-trans-retinol_13_14-reductase_OS_                                                     37.20%    passed     19.11%
  75  HaptophytaEP00319Phaeocystisglobosa_14072476__CRTSO_SOLLC_Prolycopene_isomerase__chloroplastic_OS_                                                          48.47%    failed      0.79%
  76  HaptophytaEP00327Prymnesiumparvum_14304249__CRTSO_ARATH_Prolycopene_isomerase__chloroplastic_OS_                                                            71.66%    passed     15.09%
  77  ChloroplastidaEP00248Marchantiapolymorpha_7463381__PDS_ARATH_15-cis-phytoene_desaturase__chloroplastic_chromoplastic_OS_                                    34.78%    passed     27.71%
  78  AmoebozoaDictyosteliumdiscoideumUP000002195_4927268__PAO3_ARATH_Polyamine_oxidase_3_OS_                                                                     47.50%    passed     18.33%
  79  CryptophyceaeEP00290BaffinellaspCCMP2293_12038629__PPOC_ARATH_Protoporphyrinogen_oxidase_1__chloroplastic_OS_                                               36.39%    failed      0.01%
  80  CryptophyceaeEP00290BaffinellaspCCMP2293_12033456__PPOC_ARATH_Protoporphyrinogen_oxidase_1__chloroplastic_OS_                                               43.16%    failed      0.31%
  81  ChoanoflagellataEP00037Helgoecanana_10785984__AOFA_DICDI_Probable_flavin-containing_monoamine_oxidase_A_OS_                                                 36.39%    failed      0.35%
  82  AlveolataEP00742ColponemidiaspColp10_4272023__AOF_ONCMY_Amine_oxidase__flavin-containing__OS_                                                               36.07%    passed     96.65%
  83  EuglenozoaEP00668Euglenalonga_12410137__RETST_DANRE_All-trans-retinol_13_14-reductase_OS_                                                                   77.13%    failed      1.29%
  84  EuglenozoaEP00668Euglenalonga_12434205__RETST_HUMAN_All-trans-retinol_13_14-reductase_OS_                                                                   79.55%    failed      1.07%
  85  ChloroplastidaEP00248Marchantiapolymorpha_7467148__CRTS1_ONCHC_Prolycopene_isomerase_1__chloroplastic_OS_                                                   85.35%    passed     41.17%
  86  ChloroplastidaEP00248Marchantiapolymorpha_7468280__UFAA1_MYCTU_Tuberculostearic_acid_methyltransferase_UfaA1_OS_                                            28.66%    passed     62.20%
  87  MetazoaAnnelidaHelobdellarobusta_86299__RETST_DANRE_All-trans-retinol_13_14-reductase_OS_                                                                    9.02%    failed      2.49%
  88  AmoebozoaDictyosteliumdiscoideumUP000002195_4927585__AOFA_DICDI_Probable_flavin-containing_monoamine_oxidase_A_OS_                                          38.16%    passed      6.49%
  89  MetazoaCnidariaMadracisauretenra_3291206__CRTSO_DAUCA_Prolycopene_isomerase__chloroplastic_OS_                                                              72.30%    passed     57.73%
  90  HeteroloboseaEP00761Pharyngomonaskirbyi_14484660__CRTN_METSP_4_4_-diapophytoene_desaturase__4_4_-diapolycopene-forming__OS_                                 28.02%    failed      0.01%
  91  MetazoaCnidariaGorgoniaventalina_3222844__AOFA_CANLF_Amine_oxidase__flavin-containing__A_OS_                                                                68.28%    passed     58.48%
  92  IchthyosporeaEP00123Amoebidiumparasiticum_14549883__PAO4_ARATH_Probable_polyamine_oxidase_4_OS_                                                             39.94%    failed      0.41%
  93  ChoanoflagellataEP00047Mylnosigafluctuans_11124854__AOFA_DICDI_Probable_flavin-containing_monoamine_oxidase_A_OS_                                           42.83%    failed      0.00%
  94  HaptophytaEP00319Phaeocystisglobosa_14055268__RETST_DANRE_All-trans-retinol_13_14-reductase_OS_                                                             11.11%    passed     73.07%
  95  FungiSpizellomycespunctatusUP000053201_13458493__FLD_ARATH_Protein_FLOWERING_LOCUS_D_OS_                                                                    41.06%    passed     68.05%
  96  MetazoaBrachiopodaLingulaunguis_1296490__RETST_DANRE_All-trans-retinol_13_14-reductase_OS_                                                                   9.18%    passed     34.77%
  97  CryptophyceaeEP00290BaffinellaspCCMP2293_12048639__CRTD_HALJP_Carotenoid_3_4-desaturase_OS_                                                                 26.25%    passed     16.84%
  98  CryptophyceaeEP00290BaffinellaspCCMP2293_12061611__CRTI_PHYB8_Phytoene_desaturase_OS_                                                                       27.38%    passed     46.27%
  99  MetazoaVertebrateDaniorerio_5433537__AOF_DANRE_Amine_oxidase__flavin-containing__OS_                                                                        35.75%    passed     13.53%
 100  MetazoaEchinodermataAcanthasterplanci_3797772__AOFB_MOUSE_Amine_oxidase__flavin-containing__B_OS_                                                           36.23%    passed     83.75%
 101  AlveolataEP00742ColponemidiaspColp10_4276618__RETST_DANRE_All-trans-retinol_13_14-reductase_OS_                                                             15.78%    passed     50.68%
 102  MetazoaVertebrateDaniorerio_5412012__RTSTL_DANRE_Inactive_all-trans-retinol_13_14-reductase_OS_                                                              9.98%    passed     10.06%
 103  MetazoaVertebrateHomosapiens_6455315__AOFA_HUMAN_Amine_oxidase__flavin-containing__A_OS_                                                                    35.27%    passed     16.35%
 104  MalawimonadidaeEP00698Gefionellaokellyi_14689240__AOFA_DICDI_Probable_flavin-containing_monoamine_oxidase_A_OS_                                             39.61%    failed      4.34%
 105  HaptophytaEP00327Prymnesiumparvum_14306005__RETST_DANRE_All-trans-retinol_13_14-reductase_OS_                                                               60.87%    passed     33.24%
 106  HaptophytaEP00327Prymnesiumparvum_14291051__RETST_DANRE_All-trans-retinol_13_14-reductase_OS_                                                               13.69%    failed      0.00%
 107  MetazoaCnidariaAureliaGenome_3061481__RETST_DANRE_All-trans-retinol_13_14-reductase_OS_                                                                     13.37%    passed     49.30%
 108  HeteroloboseaEP00761Pharyngomonaskirbyi_14482300__CRTN_METSP_4_4_-diapophytoene_desaturase__4_4_-diapolycopene-forming__OS_                                 28.66%    failed      0.04%
 109  ChoanoflagellataEP00047Mylnosigafluctuans_11121127__RETST_DANRE_All-trans-retinol_13_14-reductase_OS_                                                       16.10%    passed     54.95%
 110  HaptophytaEP00327Prymnesiumparvum_14310292__CRTS2_ONCHC_Prolycopene_isomerase_2__chloroplastic_OS_                                                          24.48%    failed      0.00%
 111  HaptophytaEP00327Prymnesiumparvum_14282962__CRTS1_ONCHC_Prolycopene_isomerase_1__chloroplastic_OS_                                                          60.23%    failed      0.00%
 112  HaptophytaEP00327Prymnesiumparvum_14282576__CRTS1_ONCHC_Prolycopene_isomerase_1__chloroplastic_OS_                                                          58.13%    failed      0.05%
 113  MetazoaHemichordataSaccoglossuskowalevskii_4079935__RETST_DANRE_All-trans-retinol_13_14-reductase_OS_                                                        8.86%    passed     55.99%
 114  CentroplasthelidaEP00300ChoanocystisspHF7_5599542__RETST_DANRE_All-trans-retinol_13_14-reductase_OS_                                                        16.75%    passed     85.47%
 115  ChoanoflagellataEP00039Didymoecacostata_10862704__RETST_DANRE_All-trans-retinol_13_14-reductase_OS_                                                         14.49%    passed     65.03%
 116  MetazoaPoriferaLeucosoleniacomplicata_5020092__RETST_DANRE_All-trans-retinol_13_14-reductase_OS_                                                             9.18%    passed     96.96%
 117  MetazoaPlatyhelminthesEchinococcusmultilocularis_4613164__KDM1A_HUMAN_Lysine-specific_histone_demethylase_1A_OS_                                            36.55%    failed      4.62%
 118  TelonemiaP00656Telonemasubtile_26516291__RETST_MACFA_All-trans-retinol_13_14-reductase_OS_                                                                  13.69%    passed     18.87%
 119  TelonemiaP00656Telonemasubtile_26516292__RETST_MACFA_All-trans-retinol_13_14-reductase_OS_                                                                  28.82%    passed      6.14%
 120  TelonemiaP00656Telonemasubtile_26516293__RETST_HUMAN_All-trans-retinol_13_14-reductase_OS_                                                                  21.26%    passed     15.01%
 121  MetazoaCnidariaClytiahemisphaerica_3094255__RETST_DANRE_All-trans-retinol_13_14-reductase_OS_                                                               13.20%    failed      0.21%
 122  FungiRhizopusmicrosporusUP000242254_13428426__CRTI_PHYB8_Phytoene_desaturase_OS_                                                                            28.82%    passed     81.15%
 123  IchthyosporeaEP00126Sphaerothecumdestruens_14612456__RETST_DANRE_All-trans-retinol_13_14-reductase_OS_                                                      26.25%    failed      3.73%
 124  MetazoaVertebrateDaniorerio_5432026__RETST_DANRE_All-trans-retinol_13_14-reductase_OS_                                                                      11.43%    passed     20.37%
 125  ChloroplastidaEP00738Chloropiconprimus_8604142__CRTI_PHYB8_Phytoene_desaturase_OS_                                                                          28.66%    failed      3.47%
 126  PluriformeaEP00127Corallochytriumlimacisporum_21623211__CRTI_PHYB8_Phytoene_desaturase_OS_                                                                  28.66%    passed     52.00%
 127  PluriformeaEP00127Corallochytriumlimacisporum_21623212__CRTD_HALJP_Carotenoid_3_4-desaturase_OS_                                                            26.57%    passed     19.98%
 128  ChoanoflagellateaMonosigabrevicollisUP000001357_11426441__RETST_DANRE_All-trans-retinol_13_14-reductase_OS_                                                 14.17%    passed     73.29%
 129  MetazoaNematodaLoaloa_4416717__RETST_DANRE_All-trans-retinol_13_14-reductase_OS_                                                                            13.37%    failed      0.00%
 130  CryptophyceaeGuillardiathetaUP000011087_12248204__CRTSO_DAUCA_Prolycopene_isomerase__chloroplastic_OS_                                                      27.38%    passed      9.76%
 131  ApusomonadidaThecamonastrahensUP000054408_5484087__CRTD_HALJP_Carotenoid_3_4-desaturase_OS_                                                                 23.67%    failed      0.00%
 132  MetazoaCnidariaHydramagnapapillata_3255771__RETST_DANRE_All-trans-retinol_13_14-reductase_OS_                                                               29.31%    passed     17.93%
 133  MalawimonadidaeEP00698Gefionellaokellyi_14687114__RETST_HUMAN_All-trans-retinol_13_14-reductase_OS_                                                         15.30%    passed     21.51%
 134  StramenopilesPhytophthorainfestansUP000006643_26369902__PYRD2_BOVIN_Pyridine_nucleotide-disulfide_oxidoreductase_domain-containing_protein_2_OS_            48.63%    passed     50.35%
 135  MetazoaPoriferaLeucosoleniacomplicata_4985355__RETST_DANRE_All-trans-retinol_13_14-reductase_OS_                                                             9.34%    passed     98.36%
 136  MetazoaCephalochordataBranchiostomabelcheri_2822385__AOFB_MOUSE_Amine_oxidase__flavin-containing__B_OS_                                                     34.94%    passed     56.43%
 137  RhodelphisEP00736Rhodelphismarinus_22803832__RETST_DANRE_All-trans-retinol_13_14-reductase_OS_                                                              21.26%    passed     43.46%
 138  ChloroplastidaEP00738Chloropiconprimus_8601328__PDS_ARATH_15-cis-phytoene_desaturase__chloroplastic_chromoplastic_OS_                                       35.75%    passed     76.03%
 139  RhodophytaGaldieriasulphurariaUP000030680_23116194__PDS_SYNE7_15-cis-phytoene_desaturase_OS_                                                                34.46%    passed     63.54%
 140  CryptophyceaeEP00290BaffinellaspCCMP2293_12045632__PDS_ARATH_15-cis-phytoene_desaturase__chloroplastic_chromoplastic_OS_                                    33.82%    passed     11.21%
 141  MetazoaCnidariaGorgoniaventalina_3207642__PYRD2_HUMAN_Pyridine_nucleotide-disulfide_oxidoreductase_domain-containing_protein_2_OS_                          47.50%    passed     46.05%
 142  MetazoaPlacozoaEP00114TrichoplaxspH2_4507063__PYRD2_BOVIN_Pyridine_nucleotide-disulfide_oxidoreductase_domain-containing_protein_2_OS_                      26.57%    passed     44.89%
 143  MetazoaPoriferaStylissacarteri_5088098__PYRD2_BOVIN_Pyridine_nucleotide-disulfide_oxidoreductase_domain-containing_protein_2_OS_                            48.15%    passed     26.25%
 144  MetazoaEchinodermataAcanthasterplanci_3795601__KDM1A_HUMAN_Lysine-specific_histone_demethylase_1A_OS_                                                       30.92%    passed     93.25%
 145  StramenopilesPhytophthorainfestansUP000006643_26370461__GDI1_SCHPO_Probable_secretory_pathway_GDP_dissociation_inhibitor_1_OS_                              44.77%    passed     26.47%
 146  CryptophyceaeGuillardiathetaUP000011087_12248920__CRTI_CERNC_Phytoene_desaturase_OS_                                                                        65.06%    passed     76.75%
 147  IchthyosporeaEP00123Amoebidiumparasiticum_14559531__RAE1_RAT_Rab_proteins_geranylgeranyltransferase_component_A_1_OS_                                       39.13%    passed     10.57%
 148  MetazoaArthropodaDaphniapulex_214823__DYH3_MOUSE_Dynein_heavy_chain_3__axonemal_OS_                                                                         77.94%    passed     45.65%
 149  MetazoaPlacozoaHoilungiahongkongensis_4575272__PYRD2_HUMAN_Pyridine_nucleotide-disulfide_oxidoreductase_domain-containing_protein_2_OS_                     56.20%    failed      0.06%
 150  MetazoaPlacozoaHoilungiahongkongensis_4575279__PYRD2_BOVIN_Pyridine_nucleotide-disulfide_oxidoreductase_domain-containing_protein_2_OS_                     43.64%    failed      1.03%
 151  MetazoaPlacozoaHoilungiahongkongensis_4575282__PYRD2_HUMAN_Pyridine_nucleotide-disulfide_oxidoreductase_domain-containing_protein_2_OS_                     54.59%    failed      0.45%
 152  MetazoaPlacozoaHoilungiahongkongensis_4575284__PYRD2_BOVIN_Pyridine_nucleotide-disulfide_oxidoreductase_domain-containing_protein_2_OS_                     37.36%    failed      0.19%
 153  MetazoaPlacozoaHoilungiahongkongensis_4575293__PYRD2_BOVIN_Pyridine_nucleotide-disulfide_oxidoreductase_domain-containing_protein_2_OS_                     62.48%    failed      0.70%
 154  MetazoaPlacozoaHoilungiahongkongensis_4575297__PYRD2_BOVIN_Pyridine_nucleotide-disulfide_oxidoreductase_domain-containing_protein_2_OS_                     35.75%    failed      1.34%
 155  MetazoaVertebrateEptatretusburgeri_6386893__PYRD2_RAT_Pyridine_nucleotide-disulfide_oxidoreductase_domain-containing_protein_2_OS_                          40.10%    failed      2.73%
 156  MetazoaCnidariaAstreoporasp_3046824__GDIA_MACFA_Rab_GDP_dissociation_inhibitor_alpha_OS_                                                                    43.80%    passed     93.66%
 157  MetazoaVertebrateDaniorerio_5418637__RETST_DANRE_All-trans-retinol_13_14-reductase_OS_                                                                      11.43%    passed     22.80%
 158  MetazoaCnidariaFungiascutaria_3188958__RETST_DANRE_All-trans-retinol_13_14-reductase_OS_                                                                    14.17%    passed     56.57%
 159  MetazoaVertebrateHomosapiens_6460861__RETST_HUMAN_All-trans-retinol_13_14-reductase_OS_                                                                      9.50%    passed     69.38%
 160  MetazoaCnidariaAureliaGenome_3073983__RETST_DANRE_All-trans-retinol_13_14-reductase_OS_                                                                     44.44%    passed     29.02%
 161  MetazoaCnidariaAureliaGenome_3067113__RETST_DANRE_All-trans-retinol_13_14-reductase_OS_                                                                     44.44%    passed     30.92%
 162  MetazoaCnidariaAureliaGenome_3062095__RETST_DANRE_All-trans-retinol_13_14-reductase_OS_                                                                      9.18%    failed      3.50%
 163  HaptophytaEP00327Prymnesiumparvum_14303239__CRTSO_DAUCA_Prolycopene_isomerase__chloroplastic_OS_                                                            26.41%    passed     18.97%
 164  ChoanoflagellataEP00050Salpingoecakvevrii_11198938__RETST_DANRE_All-trans-retinol_13_14-reductase_OS_                                                        9.66%    passed     73.80%
 165  ChoanoflagellataEP00035Acanthoecaspectabilis_10745452__RETST_DANRE_All-trans-retinol_13_14-reductase_OS_                                                    14.49%    failed      0.67%
 166  MetazoaVertebrateDaniorerio_5420438__RTSTL_DANRE_Inactive_all-trans-retinol_13_14-reductase_OS_                                                             10.79%    passed      5.64%
 167  MalawimonadidaeEP00698Gefionellaokellyi_14701935__RETST_DANRE_All-trans-retinol_13_14-reductase_OS_                                                         15.94%    passed     37.12%
 168  MalawimonadidaeEP00698Gefionellaokellyi_14701936__RETST_MOUSE_All-trans-retinol_13_14-reductase_OS_                                                         52.98%    passed     78.44%
 169  MalawimonadidaeEP00698Gefionellaokellyi_14701933__RETST_MACFA_All-trans-retinol_13_14-reductase_OS_                                                         43.64%    passed     71.46%
 170  MetazoaBrachiopodaLingulaunguis_1296485__RETST_DANRE_All-trans-retinol_13_14-reductase_OS_                                                                   9.18%    passed     67.58%
 171  MetazoaPoriferaSyconciliatum_5121965__RETST_DANRE_All-trans-retinol_13_14-reductase_OS_                                                                      9.02%    passed     91.87%
 172  ChoanoflagellataEP00035Acanthoecaspectabilis_10751410__RETST_DANRE_All-trans-retinol_13_14-reductase_OS_                                                    17.87%    passed     16.17%
 173  MetazoaCnidariaClytiahemisphaerica_3075459__RETST_DANRE_All-trans-retinol_13_14-reductase_OS_                                                                9.50%    passed     45.99%
 174  MetazoaBryozoaBugulaneritina_2785668__RETST_DANRE_All-trans-retinol_13_14-reductase_OS_                                                                      9.50%    passed     39.11%
 175  IchthyosporeaEP00123Amoebidiumparasiticum_14558467__RETST_DANRE_All-trans-retinol_13_14-reductase_OS_                                                       20.13%    passed     46.12%
 176  MetazoaPlacozoaHoilungiahongkongensis_4578416__RETST_DANRE_All-trans-retinol_13_14-reductase_OS_                                                            10.79%    failed      1.98%
 177  MetazoaPlacozoaHoilungiahongkongensis_4578417__RETST_DANRE_All-trans-retinol_13_14-reductase_OS_                                                            25.60%    failed      1.74%
 178  MetazoaCnidariaStylophorapistillata_3674834__RETST_DANRE_All-trans-retinol_13_14-reductase_OS_                                                              19.81%    passed     64.89%
 179  MetazoaPoriferaAmphimedonqueenslandica_4670745__RETST_DANRE_All-trans-retinol_13_14-reductase_OS_                                                           63.12%    passed     26.74%
 180  MetazoaPoriferaAmphimedonqueenslandica_4709645__RETST_DANRE_All-trans-retinol_13_14-reductase_OS_                                                           10.47%    passed      7.53%
 181  FilastreaCapsasporaowczarzakiUP000008743_12979053__RETST_DANRE_All-trans-retinol_13_14-reductase_OS_                                                        12.40%    passed     21.02%
 182  ChloroplastidaEP00248Marchantiapolymorpha_7463843__CRTS2_ONCHC_Prolycopene_isomerase_2__chloroplastic_OS_                                                   23.19%    passed     42.64%
 183  CryptophyceaeEP00290BaffinellaspCCMP2293_12038410__CRTSO_DAUCA_Prolycopene_isomerase__chloroplastic_OS_                                                     22.38%    passed     56.42%
 184  MetazoaArthropodaDaphniapulex_193400__RETST_DANRE_All-trans-retinol_13_14-reductase_OS_                                                                      9.34%    passed     11.07%
 185  HaptophytaEP00319Phaeocystisglobosa_14050792__RETST_DANRE_All-trans-retinol_13_14-reductase_OS_                                                             14.81%    passed     13.59%
 186  FungiEP00150Ustilagomaydis_13255217__CRTI_PHYB8_Phytoene_desaturase_OS_                                                                                     26.25%    passed     48.48%
 187  MetazoaAnnelidaEP00103Capitellateleta_56509__RETST_DANRE_All-trans-retinol_13_14-reductase_OS_                                                               9.02%    passed     22.95%
 188  TelonemiaP00656Telonemasubtile_26515705__RETST_DANRE_All-trans-retinol_13_14-reductase_OS_                                                                  14.33%    passed     82.98%
 189  TelonemiaP00656Telonemasubtile_26515706__RETST_DANRE_All-trans-retinol_13_14-reductase_OS_                                                                  25.12%    passed     92.32%
 190  MetazoaPoriferaEphydatiamuelleri_4930741__RETST_DANRE_All-trans-retinol_13_14-reductase_OS_                                                                  9.50%    passed     96.80%
 191  GlaucophytaEP00276Gloeochaetewittrockiana_13491185__CRTI_PHYB8_Phytoene_desaturase_OS_                                                                      26.09%    passed     21.96%
 192  ChloroplastidaEP00738Chloropiconprimus_8600709__CRTSO_SOLLC_Prolycopene_isomerase__chloroplastic_OS_                                                        24.15%    passed     37.57%
 193  MetazoaUrochordataEP00059Cionaintestinalis_5336068__RETST_DANRE_All-trans-retinol_13_14-reductase_OS_                                                        9.34%    failed      0.05%
 194  CryptophyceaeEP00290BaffinellaspCCMP2293_12071343__CRTSO_DAUCA_Prolycopene_isomerase__chloroplastic_OS_                                                     20.93%    passed     46.98%
 195  HaptophytaEP00319Phaeocystisglobosa_14073042__CRTS2_ONCHC_Prolycopene_isomerase_2__chloroplastic_OS_                                                        30.43%    passed     16.23%
 196  RhodophytaEP00185Porphyridiumpurpureum_23045816__CRTSO_ARATH_Prolycopene_isomerase__chloroplastic_OS_                                                       24.80%    passed     14.74%
 197  MetazoaCephalochordataBranchiostomabelcheri_2807887__RETST_DANRE_All-trans-retinol_13_14-reductase_OS_                                                       9.50%    passed     38.13%
 198  MetazoaCephalochordataBranchiostomabelcheri_2808031__RETST_DANRE_All-trans-retinol_13_14-reductase_OS_                                                      11.59%    passed     27.59%
 199  MetazoaCephalochordataBranchiostomabelcheri_2806043__RETST_DANRE_All-trans-retinol_13_14-reductase_OS_                                                      69.40%    failed      3.14%
 200  GlaucophytaEP00276Gloeochaetewittrockiana_13498427__CRTS1_ONCHC_Prolycopene_isomerase_1__chloroplastic_OS_                                                  27.38%    passed     37.17%
 201  MetazoaCnidariaMadracisauretenra_3282764__RETST_DANRE_All-trans-retinol_13_14-reductase_OS_                                                                 76.65%    passed     55.59%
 202  MetazoaCephalochordataBranchiostomabelcheri_2808349__RETST_DANRE_All-trans-retinol_13_14-reductase_OS_                                                       9.18%    passed     88.04%
 203  MetazoaArthropodaDaphniapulex_201050__RETST_DANRE_All-trans-retinol_13_14-reductase_OS_                                                                      9.50%    passed     72.48%
 204  MetazoaPoriferaStylissacarteri_5080677__RETST_DANRE_All-trans-retinol_13_14-reductase_OS_                                                                   29.95%    passed     94.97%
 205  MetazoaArthropodaDaphniapulex_209096__RETST_DANRE_All-trans-retinol_13_14-reductase_OS_                                                                     10.31%    passed     74.44%
 206  MetazoaEchinodermataAcanthasterplanci_3794014__RETST_DANRE_All-trans-retinol_13_14-reductase_OS_                                                             9.02%    passed     49.62%
 207  MetazoaCtenophoraMnemiopsisleidyi_3731528__RETST_DANRE_All-trans-retinol_13_14-reductase_OS_                                                                10.47%    passed      7.19%
 208  MetazoaHemichordataSaccoglossuskowalevskii_4053678__RETST_DANRE_All-trans-retinol_13_14-reductase_OS_                                                       13.85%    passed     40.04%
 209  MetazoaPoriferaHaliclonatubifera_4960837__RETST_DANRE_All-trans-retinol_13_14-reductase_OS_                                                                  9.82%    passed      9.91%
 210  ChloroplastidaChlamydomonasreinhardtiiUP000006906_6354197__CRTSO_SOLLC_Prolycopene_isomerase__chloroplastic_OS_                                             22.38%    passed     65.24%
 211  CryptophyceaeGuillardiathetaUP000011087_12249460__RETST_DANRE_All-trans-retinol_13_14-reductase_OS_                                                         14.98%    passed     53.00%
 212  MetazoaAcoelaHofsteniamiamia_22315__RETST_DANRE_All-trans-retinol_13_14-reductase_OS_                                                                       10.14%    failed      0.06%
 213  MetazoaCnidariaAnthopleuraelegantissima_3010887__RETST_DANRE_All-trans-retinol_13_14-reductase_OS_                                                          81.48%    passed     19.31%
 214  MetazoaEchinodermataEP00057Strongylocentrotuspurpuratus_3819697__RETST_DANRE_All-trans-retinol_13_14-reductase_OS_                                           9.18%    passed     48.43%
 215  TelonemiaP00656Telonemasubtile_26545773__RETST_DANRE_All-trans-retinol_13_14-reductase_OS_                                                                  53.95%    passed     10.59%
 216  TelonemiaP00656Telonemasubtile_26545774__RETST_DANRE_All-trans-retinol_13_14-reductase_OS_                                                                  14.81%    passed     14.92%
 217  RhodophytaGaldieriasulphurariaUP000030680_23113925__PPOC_ORYSJ_Protoporphyrinogen_oxidase__chloroplastic_OS_                                                39.61%    passed     33.74%
 218  MetazoaVertebrateEptatretusburgeri_6399458__RETST_DANRE_All-trans-retinol_13_14-reductase_OS_                                                               11.27%    passed     74.46%
 219  MetazoaBryozoaBugulaneritina_2309566__RETST_DANRE_All-trans-retinol_13_14-reductase_OS_                                                                     23.67%    passed     72.01%
 220  TelonemiaP00656Telonemasubtile_26549250__RETST_DANRE_All-trans-retinol_13_14-reductase_OS_                                                                  14.65%    passed     61.41%
 221  ChloroplastidaChlamydomonasreinhardtiiUP000006906_6360126__CRTS2_ONCHC_Prolycopene_isomerase_2__chloroplastic_OS_                                           23.83%    failed      1.81%
 222  CryptophyceaeGuillardiathetaUP000011087_12258897__CRTS1_ONCHC_Prolycopene_isomerase_1__chloroplastic_OS_                                                    27.05%    passed     61.14%
 223  RhodophytaGaldieriasulphurariaUP000030680_23117620__CRTSO_DAUCA_Prolycopene_isomerase__chloroplastic_OS_                                                    32.69%    passed     67.86%
 224  EuglenozoaEP00668Euglenalonga_12437794__RETST_DANRE_All-trans-retinol_13_14-reductase_OS_                                                                   63.29%    passed     54.15%
 225  EuglenozoaEP00668Euglenalonga_12399764__RETST_DANRE_All-trans-retinol_13_14-reductase_OS_                                                                   53.14%    passed     86.77%
 226  EuglenozoaEP00668Euglenalonga_12399765__RETST_DANRE_All-trans-retinol_13_14-reductase_OS_                                                                   12.88%    passed     73.55%
 227  EuglenozoaEP00668Euglenalonga_12433168__RETST_DANRE_All-trans-retinol_13_14-reductase_OS_                                                                   20.29%    passed     42.43%
 228  MetazoaCnidariaNematostellavectensis_3379703__RETST_DANRE_All-trans-retinol_13_14-reductase_OS_                                                              9.34%    passed     94.11%
 229  ChoanoflagellataEP00037Helgoecanana_10819830__RETST_DANRE_All-trans-retinol_13_14-reductase_OS_                                                             17.87%    failed      0.24%
 230  ChloroplastidaChlamydomonasreinhardtiiUP000006906_6369181__CRTSO_DAUCA_Prolycopene_isomerase__chloroplastic_OS_                                             25.44%    passed     17.64%
 231  HaptophytaEP00327Prymnesiumparvum_14263888__CRTSO_SOLLC_Prolycopene_isomerase__chloroplastic_OS_                                                            23.35%    passed     60.24%
 232  ChoanoflagellataEP00045Choanoecaperplexa_11091214__RETST_DANRE_All-trans-retinol_13_14-reductase_OS_                                                        14.81%    passed     98.39%
 233  MetazoaPlacozoaEP00114TrichoplaxspH2_4514611__RETST_DANRE_All-trans-retinol_13_14-reductase_OS_                                                             10.63%    failed      2.12%
 234  MetazoaCnidariaHydramagnapapillata_3270605__RETST_DANRE_All-trans-retinol_13_14-reductase_OS_                                                               70.85%    failed      1.90%
 235  FungiFusariumoxysporumUP000002489_13367715__CRTI_CERNC_Phytoene_desaturase_OS_                                                                              27.38%    passed     53.10%
 236  MetazoaVertebrateMusmusculus_6537883__RETST_MOUSE_All-trans-retinol_13_14-reductase_OS_                                                                      9.50%    passed     62.36%
 237  ChoanoflagellataEP00040Diaphanoecagrandis_10891964__RETST_DANRE_All-trans-retinol_13_14-reductase_OS_                                                       13.69%    passed      8.33%
 238  MetazoaBrachiopodaLingulaunguis_1292444__RETST_DANRE_All-trans-retinol_13_14-reductase_OS_                                                                   9.50%    passed     16.95%
 239  EuglenozoaEP00668Euglenalonga_12433430__RETST_DANRE_All-trans-retinol_13_14-reductase_OS_                                                                   12.40%    passed     32.24%
 240  ChloroplastidaArabidopsisthalianaUP000006548_5883343__CRTS1_ONCHC_Prolycopene_isomerase_1__chloroplastic_OS_                                                23.99%    passed     37.83%
 241  MetazoaCnidariaStylophorapistillata_3674936__OXLA_CROAT_L-amino-acid_oxidase_apoxin-1_OS_                                                                   31.08%    passed     18.08%
 242  MetazoaArthropodaDaphniapulex_195235__PYRD2_PONAB_Pyridine_nucleotide-disulfide_oxidoreductase_domain-containing_protein_2_OS_                              21.90%    passed     73.51%
 243  IchthyosporeaEP00126Sphaerothecumdestruens_14604284__PYRD2_RAT_Pyridine_nucleotide-disulfide_oxidoreductase_domain-containing_protein_2_OS_                 27.05%    passed     37.02%
 244  HaptophytaEP00327Prymnesiumparvum_14285526__CRTSO_ARATH_Prolycopene_isomerase__chloroplastic_OS_                                                            76.65%    passed     49.45%
 245  AlveolataEP00742ColponemidiaspColp10_4272312__AOFA_DICDI_Probable_flavin-containing_monoamine_oxidase_A_OS_                                                 36.23%    passed     19.34%
 246  CentroplasthelidaEP00300ChoanocystisspHF7_5631335__CRTD_HALJP_Carotenoid_3_4-desaturase_OS_                                                                 15.62%    passed     18.15%
 247  RhodophytaGaldieriasulphurariaUP000030680_23114504__PYRD2_RAT_Pyridine_nucleotide-disulfide_oxidoreductase_domain-containing_protein_2_OS_                  17.87%    passed     63.57%
 248  MetazoaTardigradaRamazzotiusvarieornatus_5280046__PYRD2_RAT_Pyridine_nucleotide-disulfide_oxidoreductase_domain-containing_protein_2_OS_                    36.23%    passed     99.61%
 249  GlaucophytaEP00276Gloeochaetewittrockiana_13493902__CRTSO_DAUCA_Prolycopene_isomerase__chloroplastic_OS_                                                    43.64%    passed     56.56%
 250  HaptophytaEP00319Phaeocystisglobosa_14064560__CRTSO_ARATH_Prolycopene_isomerase__chloroplastic_OS_                                                          67.31%    passed     60.46%
 251  RhodelphisEP00736Rhodelphismarinus_22806194__AOFA_DICDI_Probable_flavin-containing_monoamine_oxidase_A_OS_                                                  34.78%    passed     28.42%
 252  RhodelphisEP00736Rhodelphismarinus_22802392__PUO_KOCRO_Putrescine_oxidase_OS_                                                                               83.90%    passed     87.67%
 253  MetazoaArthropodaDaphniapulex_193742__SMOX_HUMAN_Spermine_oxidase_OS_                                                                                       45.73%    failed      4.20%
 254  MetazoaCephalochordataBranchiostomabelcheri_2798499__RETST_DANRE_All-trans-retinol_13_14-reductase_OS_                                                       9.34%    passed     77.27%
 255  HaptophytaEP00319Phaeocystisglobosa_14047376__RETST_DANRE_All-trans-retinol_13_14-reductase_OS_                                                             19.32%    passed     90.27%
 256  MalawimonadidaeEP00698Gefionellaokellyi_14711943__PYRD2_RAT_Pyridine_nucleotide-disulfide_oxidoreductase_domain-containing_protein_2_OS_                    20.61%    passed     79.73%
 257  CollodictyonidaeEP00002Diphylleiarotans_11646476__AOFA_PONAB_Amine_oxidase__flavin-containing__A_OS_                                                        60.39%    passed     54.31%
 258  CollodictyonidaeEP00002Diphylleiarotans_11646477__AOF_ONCMY_Amine_oxidase__flavin-containing__OS_                                                           36.23%    passed     96.24%
 259  MetazoaEchinodermataAcanthasterplanci_3783223__PYRD2_RAT_Pyridine_nucleotide-disulfide_oxidoreductase_domain-containing_protein_2_OS_                       16.43%    passed     80.89%
 260  MetazoaEchinodermataAcanthasterplanci_3783240__PYRD2_PONAB_Pyridine_nucleotide-disulfide_oxidoreductase_domain-containing_protein_2_OS_                     16.59%    passed     74.05%
 261  MetazoaCnidariaGorgoniaventalina_3229427__PYRD2_RAT_Pyridine_nucleotide-disulfide_oxidoreductase_domain-containing_protein_2_OS_                            71.82%    passed     33.66%
 262  RhodophytaEP00185Porphyridiumpurpureum_23045888__PYRD2_BOVIN_Pyridine_nucleotide-disulfide_oxidoreductase_domain-containing_protein_2_OS_                   17.23%    failed      1.36%
 263  MetazoaCnidariaGorgoniaventalina_3233289__PYRD2_MOUSE_Pyridine_nucleotide-disulfide_oxidoreductase_domain-containing_protein_2_OS_                          87.60%    passed      9.97%
 264  ChloroplastidaEP00248Marchantiapolymorpha_7477160__PYRD2_HUMAN_Pyridine_nucleotide-disulfide_oxidoreductase_domain-containing_protein_2_OS_                 17.07%    passed     64.00%
 265  TelonemiaP00656Telonemasubtile_26531490__CRTD_HALJP_Carotenoid_3_4-desaturase_OS_                                                                           28.02%    passed     29.24%
 266  StramenopilesPhytophthorainfestansUP000006643_26369901__PYRD2_MOUSE_Pyridine_nucleotide-disulfide_oxidoreductase_domain-containing_protein_2_OS_            75.36%    passed     86.82%
 267  ChoanoflagellataEP00035Acanthoecaspectabilis_10736829__PYRD2_HUMAN_Pyridine_nucleotide-disulfide_oxidoreductase_domain-containing_protein_2_OS_             19.00%    failed      0.06%
 268  MetazoaCtenophoraPleurobrachiabachei_3762132__PYRD2_BOVIN_Pyridine_nucleotide-disulfide_oxidoreductase_domain-containing_protein_2_OS_                      71.98%    failed      3.86%
 269  MetazoaVertebrateHomosapiens_6463091__PYRD2_HUMAN_Pyridine_nucleotide-disulfide_oxidoreductase_domain-containing_protein_2_OS_                              17.87%    passed     24.07%
 270  MetazoaRotiferaBrachionusplicatilis_5246200__PYRD2_BOVIN_Pyridine_nucleotide-disulfide_oxidoreductase_domain-containing_protein_2_OS_                       15.78%    failed      0.40%
 271  MetazoaUrochordataEP00059Cionaintestinalis_5335618__PYRD2_BOVIN_Pyridine_nucleotide-disulfide_oxidoreductase_domain-containing_protein_2_OS_                18.20%    passed     51.95%
 272  HaptophytaEP00327Prymnesiumparvum_14278943__CRTI_PHYB8_Phytoene_desaturase_OS_                                                                              28.34%    failed      0.00%
 273  MetazoaCephalochordataBranchiostomabelcheri_2825523__PYRD2_HUMAN_Pyridine_nucleotide-disulfide_oxidoreductase_domain-containing_protein_2_OS_               17.87%    passed     71.53%
 274  MetazoaVertebrateDaniorerio_5425038__PYRD2_HUMAN_Pyridine_nucleotide-disulfide_oxidoreductase_domain-containing_protein_2_OS_                               17.55%    passed     81.58%
 275  MetazoaHemichordataSaccoglossuskowalevskii_4059515__PYRD2_HUMAN_Pyridine_nucleotide-disulfide_oxidoreductase_domain-containing_protein_2_OS_                17.71%    passed     33.21%
 276  HeteroloboseaEP00761Pharyngomonaskirbyi_14480847__PYRD2_HUMAN_Pyridine_nucleotide-disulfide_oxidoreductase_domain-containing_protein_2_OS_                  17.55%    passed     52.00%
 277  FungiSpizellomycespunctatusUP000053201_13454624__PYRD2_RAT_Pyridine_nucleotide-disulfide_oxidoreductase_domain-containing_protein_2_OS_                     17.71%    passed     26.48%
 278  RotosphaeridaFonticulaalbaUP000030693_23193695__PYRD2_HUMAN_Pyridine_nucleotide-disulfide_oxidoreductase_domain-containing_protein_2_OS_                    18.04%    passed     22.25%
 279  CollodictyonidaeEP00002Diphylleiarotans_11662305__PYRD2_HUMAN_Pyridine_nucleotide-disulfide_oxidoreductase_domain-containing_protein_2_OS_                  19.00%    passed     32.75%
 280  CollodictyonidaeEP00002Diphylleiarotans_11662306__PYRD2_HUMAN_Pyridine_nucleotide-disulfide_oxidoreductase_domain-containing_protein_2_OS_                  49.11%    passed     14.16%
 281  MetazoaPoriferaHaliclonatubifera_4953165__PYRD2_HUMAN_Pyridine_nucleotide-disulfide_oxidoreductase_domain-containing_protein_2_OS_                          22.38%    passed     23.11%
 282  MetazoaPoriferaHaliclonatubifera_4955456__PYRD2_BOVIN_Pyridine_nucleotide-disulfide_oxidoreductase_domain-containing_protein_2_OS_                          48.15%    passed      9.68%
 283  MetazoaVertebrateMusmusculus_6535765__PYRD2_MOUSE_Pyridine_nucleotide-disulfide_oxidoreductase_domain-containing_protein_2_OS_                              17.87%    passed     26.32%
 284  ChoanoflagellataEP00047Mylnosigafluctuans_11115969__PYRD2_RAT_Pyridine_nucleotide-disulfide_oxidoreductase_domain-containing_protein_2_OS_                  15.30%    failed      3.54%
 285  ChoanoflagellataEP00050Salpingoecakvevrii_11197468__PYRD2_RAT_Pyridine_nucleotide-disulfide_oxidoreductase_domain-containing_protein_2_OS_                  14.81%    passed     20.80%
 286  MetazoaUrochordataOikopleuradioica_5369373__PYRD2_PONAB_Pyridine_nucleotide-disulfide_oxidoreductase_domain-containing_protein_2_OS_                        19.48%    passed     11.47%
 287  RotosphaeridaEP00160Parvulariaatlantis_23171916__PYRD2_BOVIN_Pyridine_nucleotide-disulfide_oxidoreductase_domain-containing_protein_2_OS_                   18.68%    failed      3.16%
 288  FilastreaCapsasporaowczarzakiUP000008743_12979219__PYRD2_RAT_Pyridine_nucleotide-disulfide_oxidoreductase_domain-containing_protein_2_OS_                   16.26%    passed     67.14%
 289  IchthyosporeaEP00123Amoebidiumparasiticum_14562951__PYRD2_BOVIN_Pyridine_nucleotide-disulfide_oxidoreductase_domain-containing_protein_2_OS_                19.48%    passed      9.30%
 290  GlaucophytaEP00276Gloeochaetewittrockiana_13487448__CRTSO_SOLLC_Prolycopene_isomerase__chloroplastic_OS_                                                    24.64%    passed     93.36%
 291  ChloroplastidaEP00738Chloropiconprimus_8601418__CRTS1_ONCHC_Prolycopene_isomerase_1__chloroplastic_OS_                                                      22.22%    passed     48.19%
 292  ChloroplastidaEP00738Chloropiconprimus_8601838__PYRD2_RAT_Pyridine_nucleotide-disulfide_oxidoreductase_domain-containing_protein_2_OS_                      21.10%    passed     40.90%
 293  HaptophytaEP00319Phaeocystisglobosa_14077861__CRTSO_SOLLC_Prolycopene_isomerase__chloroplastic_OS_                                                          82.13%    passed     27.53%
 294  RhodophytaEP00185Porphyridiumpurpureum_23047449__CRTSO_SOLLC_Prolycopene_isomerase__chloroplastic_OS_                                                       23.67%    passed     99.61%
 295  RhodophytaEP00185Porphyridiumpurpureum_23049150__CRTSO_DAUCA_Prolycopene_isomerase__chloroplastic_OS_                                                       23.35%    passed      8.73%
 296  MetazoaCtenophoraMnemiopsisleidyi_3725602__PYRD2_HUMAN_Pyridine_nucleotide-disulfide_oxidoreductase_domain-containing_protein_2_OS_                         23.35%    passed     82.29%
 297  AmoebozoaEP00007CuneaspBSH02190019_4983108__PYRD2_RAT_Pyridine_nucleotide-disulfide_oxidoreductase_domain-containing_protein_2_OS_                          14.65%    failed      0.00%
 298  ChoanoflagellateaMonosigabrevicollisUP000001357_11429222__PYRD2_RAT_Pyridine_nucleotide-disulfide_oxidoreductase_domain-containing_protein_2_OS_            19.48%    failed      2.98%
 299  RhodelphisEP00736Rhodelphismarinus_22800152__RETST_DANRE_All-trans-retinol_13_14-reductase_OS_                                                              14.98%    passed     16.99%
 300  ChoanoflagellataEP00045Choanoecaperplexa_11087394__PYRD2_PONAB_Pyridine_nucleotide-disulfide_oxidoreductase_domain-containing_protein_2_OS_                 18.84%    passed     16.97%
 301  MetazoaPoriferaSyconciliatum_5113424__PYRD2_BOVIN_Pyridine_nucleotide-disulfide_oxidoreductase_domain-containing_protein_2_OS_                              18.36%    passed     56.86%
 302  MetazoaMolluscaLottiagigantea_4215025__PYRD2_BOVIN_Pyridine_nucleotide-disulfide_oxidoreductase_domain-containing_protein_2_OS_                             17.71%    passed      5.45%
 303  MetazoaNematodaCaenorhabditiselegans_4311509__PYRD2_BOVIN_Pyridine_nucleotide-disulfide_oxidoreductase_domain-containing_protein_2_OS_                      20.61%    passed     18.99%
 304  MetazoaMolluscaLottiagigantea_4218391__RETST_DANRE_All-trans-retinol_13_14-reductase_OS_                                                                     9.34%    passed      5.92%
 305  MetazoaCnidariaAureliaGenome_3071538__PYRD2_HUMAN_Pyridine_nucleotide-disulfide_oxidoreductase_domain-containing_protein_2_OS_                              16.26%    passed     97.37%
 306  MetazoaPoriferaAmphimedonqueenslandica_4707378__PYRD2_PONAB_Pyridine_nucleotide-disulfide_oxidoreductase_domain-containing_protein_2_OS_                    16.43%    passed     26.14%
 307  ChoanoflagellataEP00035Acanthoecaspectabilis_10754063__RETST_DANRE_All-trans-retinol_13_14-reductase_OS_                                                    14.98%    passed     49.67%
 308  ChloroplastidaArabidopsisthalianaUP000006548_5887575__CRTSO_ARATH_Prolycopene_isomerase__chloroplastic_OS_                                                  24.96%    passed     54.41%
 309  MetazoaPoriferaEphydatiamuelleri_4924394__PYRD2_BOVIN_Pyridine_nucleotide-disulfide_oxidoreductase_domain-containing_protein_2_OS_                          19.65%    passed     70.21%
 310  MetazoaPoriferaEphydatiamuelleri_4924395__PYRD2_RAT_Pyridine_nucleotide-disulfide_oxidoreductase_domain-containing_protein_2_OS_                            64.90%    passed     77.94%
 311  CentroplasthelidaEP00300ChoanocystisspHF7_5600538__PYRD2_RAT_Pyridine_nucleotide-disulfide_oxidoreductase_domain-containing_protein_2_OS_                   17.71%    passed     58.51%
 312  CentroplasthelidaEP00300ChoanocystisspHF7_5600539__PYRD2_RAT_Pyridine_nucleotide-disulfide_oxidoreductase_domain-containing_protein_2_OS_                   28.02%    passed     49.23%
 313  ChoanoflagellataEP00039Didymoecacostata_10865159__PYRD2_HUMAN_Pyridine_nucleotide-disulfide_oxidoreductase_domain-containing_protein_2_OS_                  16.59%    passed     90.92%
 314  FungiFusariumoxysporumUP000002489_13354536__PYRD2_RAT_Pyridine_nucleotide-disulfide_oxidoreductase_domain-containing_protein_2_OS_                          25.28%    passed     26.37%
 315  MetazoaAnnelidaEP00103Capitellateleta_54983__PYRD2_HUMAN_Pyridine_nucleotide-disulfide_oxidoreductase_domain-containing_protein_2_OS_                       17.55%    passed     56.81%
 316  MetazoaAnnelidaEP00103Capitellateleta_61121__PYRD2_HUMAN_Pyridine_nucleotide-disulfide_oxidoreductase_domain-containing_protein_2_OS_                       17.55%    passed     62.94%
 317  MetazoaEchinodermataEP00057Strongylocentrotuspurpuratus_3810501__PYRD2_HUMAN_Pyridine_nucleotide-disulfide_oxidoreductase_domain-containing_protein_2_OS_   16.91%    passed     45.14%
 318  ChloroplastidaEP00248Marchantiapolymorpha_7478268__CRTSO_DAUCA_Prolycopene_isomerase__chloroplastic_OS_                                                     24.48%    passed     91.32%
 319  MetazoaBryozoaBugulaneritina_2236856__PYRD2_HUMAN_Pyridine_nucleotide-disulfide_oxidoreductase_domain-containing_protein_2_OS_                              47.34%    passed     66.62%
 320  MetazoaBryozoaBugulaneritina_2081363__PYRD2_PONAB_Pyridine_nucleotide-disulfide_oxidoreductase_domain-containing_protein_2_OS_                              48.31%    passed     66.09%
 321  MetazoaBryozoaBugulaneritina_2107156__PYRD2_PONAB_Pyridine_nucleotide-disulfide_oxidoreductase_domain-containing_protein_2_OS_                              48.31%    passed     76.55%
 322  ChloroplastidaArabidopsisthalianaUP000006548_5869318__PYRD2_BOVIN_Pyridine_nucleotide-disulfide_oxidoreductase_domain-containing_protein_2_OS_              19.32%    passed     82.06%
 323  MetazoaPoriferaEP00118Oscarellapearsei_4816818__PYRD2_RAT_Pyridine_nucleotide-disulfide_oxidoreductase_domain-containing_protein_2_OS_                      17.55%    passed     53.04%
 324  MetazoaPoriferaLeucosoleniacomplicata_5054340__PYRD2_BOVIN_Pyridine_nucleotide-disulfide_oxidoreductase_domain-containing_protein_2_OS_                     17.23%    failed      3.33%
 325  ChloroplastidaEP00248Marchantiapolymorpha_7481951__CRTI_NEUCR_Phytoene_desaturase_OS_                                                                       38.16%    passed     82.26%
 326  ChloroplastidaEP00248Marchantiapolymorpha_7481952__CRTI_PHYB8_Phytoene_desaturase_OS_                                                                       36.39%    passed     67.78%
 327  ChloroplastidaEP00248Marchantiapolymorpha_7481953__CRTI_PHYB8_Phytoene_desaturase_OS_                                                                       26.25%    passed     82.19%
 328  ChoanoflagellataEP00037Helgoecanana_10791578__RETST_DANRE_All-trans-retinol_13_14-reductase_OS_                                                             14.98%    passed     48.74%
 329  MetazoaBrachiopodaLingulaunguis_1285572__PYRD2_HUMAN_Pyridine_nucleotide-disulfide_oxidoreductase_domain-containing_protein_2_OS_                           17.87%    passed     98.44%
 330  MetazoaArthropodaEP00090Calanusglacialis_677060__PYRD2_RAT_Pyridine_nucleotide-disulfide_oxidoreductase_domain-containing_protein_2_OS_                     17.07%    passed     13.62%
 331  ChloroplastidaChlamydomonasreinhardtiiUP000006906_6357847__CRTI_PHYB8_Phytoene_desaturase_OS_                                                               25.44%    failed      0.00%
 332  ChoanoflagellataEP00037Helgoecanana_10799970__PYRD2_RAT_Pyridine_nucleotide-disulfide_oxidoreductase_domain-containing_protein_2_OS_                        19.00%    failed      0.34%
 333  AlveolataEP00742ColponemidiaspColp10_4279196__PYRD2_RAT_Pyridine_nucleotide-disulfide_oxidoreductase_domain-containing_protein_2_OS_                        17.71%    passed     98.67%
 334  MetazoaMolluscaEP00106Octopusbimaculoides_4171371__PYRD2_HUMAN_Pyridine_nucleotide-disulfide_oxidoreductase_domain-containing_protein_2_OS_                 17.55%    passed     28.00%
 335  MetazoaArthropodaEP00090Calanusglacialis_696961__RETST_DANRE_All-trans-retinol_13_14-reductase_OS_                                                           9.66%    failed      2.66%
 336  MalawimonadidaeEP00698Gefionellaokellyi_14691850__PYRD2_HUMAN_Pyridine_nucleotide-disulfide_oxidoreductase_domain-containing_protein_2_OS_                  23.19%    passed     56.81%
 337  MetazoaBryozoaBugulaneritina_2046046__SOX_BOVIN_Peroxisomal_sarcosine_oxidase_OS_                                                                           86.31%    passed     91.13%
 338  EuglenozoaEP00668Euglenalonga_12428017__RETST_RAT_All-trans-retinol_13_14-reductase_OS_                                                                     83.90%    passed     20.44%
WARNING: 63 sequences contain more than 50% gaps/ambiguity
****  TOTAL                                                                                                                                                       33.21%  69 sequences failed composition chi2 test (p-value<5%; df=19)


Create initial parsimony tree by phylogenetic likelihood library (PLL)... 0.370 seconds
Measuring multi-threading efficiency up to 26 CPU cores
Increase to 10 rounds for branch lengths
8 trees examined
Threads: 1 / Time: 27.728 sec / Speedup: 1.000 / Efficiency: 100% / LogL: -300674
Threads: 2 / Time: 15.046 sec / Speedup: 1.843 / Efficiency: 92% / LogL: -300674
Threads: 3 / Time: 11.289 sec / Speedup: 2.456 / Efficiency: 82% / LogL: -300674
Threads: 4 / Time: 9.284 sec / Speedup: 2.987 / Efficiency: 75% / LogL: -300674
Threads: 5 / Time: 8.219 sec / Speedup: 3.374 / Efficiency: 67% / LogL: -300674
Threads: 6 / Time: 7.535 sec / Speedup: 3.680 / Efficiency: 61% / LogL: -300674
Threads: 7 / Time: 6.996 sec / Speedup: 3.963 / Efficiency: 57% / LogL: -300674
Threads: 8 / Time: 6.518 sec / Speedup: 4.254 / Efficiency: 53% / LogL: -300674
Threads: 9 / Time: 6.239 sec / Speedup: 4.444 / Efficiency: 49% / LogL: -300674
BEST NUMBER OF THREADS: 8

Perform fast likelihood tree search using LG+G model...
Estimate model parameters (epsilon = 5.000)
Perform nearest neighbor interchange...
Estimate model parameters (epsilon = 1.000)
1. Initial log-likelihood: -203308.442
Optimal log-likelihood: -203307.894
Gamma shape alpha: 1.882
Parameters optimization took 1 rounds (0.236 sec)
Time for fast ML tree search: 3.981 seconds

NOTE: ModelFinder requires 338 MB RAM!
ModelFinder will test up to 462 protein models (sample size: 621) ...
 No. Model         -LnL         df  AIC          AICc         BIC
  1  LG            209303.198   673 419952.395   1327156.395  422934.681
  2  LG+G4         203307.878   674 407963.757   1317863.757  410950.474
  3  LG+R2         204720.629   675 410791.258   1323391.258  413782.406
  4  LG+R3         203640.856   677 408635.713   1326647.713  411635.724
  5  LG+R4         203262.964   679 407883.929   1331323.929  410892.802
  6  LG+R5         203122.606   681 407607.212   1336491.212  410624.949
  7  LG+R6         203024.641   683 407415.283   1341759.283  410441.882
  8  LG+R7         202996.515   685 407363.030   1347183.030  410398.492
  9  LG+R8         202985.468   687 407344.935   1352656.935  410389.260
 10  LG+R9         202976.687   689 407331.374   1358151.374  410384.562
 11  LG+R10        202967.321   691 407316.642   1363660.642  410378.692
 21  LG+F+R9       202915.182   708 407246.364   1411190.364  410383.746
 22  LG+F+R10      202906.334   710 407232.668   1416852.668  410378.913
 32  WAG+R9        203963.048   689 409304.096   1360124.096  412357.283
 33  WAG+R10       203960.324   691 409302.648   1365646.648  412364.698
 43  WAG+F+R9      203911.641   708 409239.282   1413183.282  412376.665
 44  WAG+F+R10     203908.672   710 409237.344   1418857.344  412383.589
 54  JTT+R9        206205.423   689 413788.845   1364608.845  416842.033
 55  JTT+R10       206194.524   691 413771.047   1370115.047  416833.097
 65  JTT+F+R9      206468.661   708 414353.322   1418297.322  417490.704
 66  JTT+F+R10     206455.541   710 414331.082   1423951.082  417477.327
 76  JTTDCMut+R9   206160.007   689 413698.014   1364518.014  416751.202
 77  JTTDCMut+R10  206149.586   691 413681.172   1370025.172  416743.222
 87  JTTDCMut+F+R9 206417.262   708 414250.524   1418194.524  417387.906
 88  JTTDCMut+F+R10 206404.392   710 414228.785   1423848.785  417375.030
 98  DCMut+R9      207738.975   689 416855.951   1367675.951  419909.138
 99  DCMut+R10     207732.632   691 416847.265   1373191.265  419909.314
109  DCMut+F+R9    207613.232   708 416642.464   1420586.464  419779.847
110  DCMut+F+R10   207608.735   710 416637.470   1426257.470  419783.715
120  VT+R9         204257.335   689 409892.669   1360712.669  412945.856
121  VT+R10        204251.195   691 409884.390   1366228.390  412946.440
131  VT+F+R9       204294.032   708 410004.064   1413948.064  413141.447
132  VT+F+R10      204288.244   710 409996.487   1419616.487  413142.732
142  PMB+R9        204518.596   689 410415.192   1361235.192  413468.379
143  PMB+R10       204517.099   691 410416.197   1366760.197  413478.247
153  PMB+F+R9      204946.322   708 411308.644   1415252.644  414446.026
154  PMB+F+R10     204944.903   710 411309.806   1420929.806  414456.051
164  Blosum62+R9   204322.352   689 410022.703   1360842.703  413075.891
165  Blosum62+R10  204320.815   691 410023.630   1366367.630  413085.680
175  Blosum62+F+R9 204593.654   708 410603.308   1414547.308  413740.690
176  Blosum62+F+R10 204592.346   710 410604.693   1420224.693  413750.938
186  Dayhoff+R9    207745.236   689 416868.472   1367688.472  419921.659
187  Dayhoff+R10   207738.848   691 416859.695   1373203.695  419921.745
197  Dayhoff+F+R9  207618.961   708 416653.922   1420597.922  419791.305
198  Dayhoff+F+R10 207614.398   710 416648.796   1426268.796  419795.041
208  mtREV+R9      216046.505   689 433471.010   1384291.010  436524.197
209  mtREV+R10     216034.159   691 433450.319   1389794.319  436512.369
219  mtREV+F+R9    207981.121   708 417378.242   1421322.242  420515.625
220  mtREV+F+R10   207978.567   710 417377.135   1426997.135  420523.380
230  mtART+R9      217535.129   689 436448.257   1387268.257  439501.444
231  mtART+R10     217522.876   691 436427.753   1392771.753  439489.802
241  mtART+F+R9    209555.693   708 420527.387   1424471.387  423664.769
242  mtART+F+R10   209548.570   710 420517.140   1430137.140  423663.385
252  mtZOA+R9      211862.597   689 425103.195   1375923.195  428156.382
253  mtZOA+R10     211857.433   691 425096.865   1381440.865  428158.915
263  mtZOA+F+R9    206917.141   708 415250.282   1419194.282  418387.664
264  mtZOA+F+R10   206915.790   710 415251.579   1424871.579  418397.824
274  mtMet+R9      215843.772   689 433065.544   1383885.544  436118.731
275  mtMet+R10     215836.177   691 433054.354   1389398.354  436116.404
285  mtMet+F+R9    208421.113   708 418258.226   1422202.226  421395.609
286  mtMet+F+R10   208413.561   710 418247.122   1427867.122  421393.367
296  mtVer+R9      219032.735   689 439443.471   1390263.471  442496.658
297  mtVer+R10     219022.718   691 439427.436   1395771.436  442489.486
307  mtVer+F+R9    212110.838   708 425637.675   1429581.675  428775.058
308  mtVer+F+R10   212106.328   710 425632.657   1435252.657  428778.902
318  mtInv+R9      215961.784   689 433301.568   1384121.568  436354.755
319  mtInv+R10     215948.973   691 433279.945   1389623.945  436341.995
329  mtInv+F+R9    206517.228   708 414450.456   1418394.456  417587.838
330  mtInv+F+R10   206514.221   710 414448.442   1424068.442  417594.687
340  mtMAM+R9      221803.700   689 444985.399   1395805.399  448038.586
341  mtMAM+R10     221797.136   691 444976.271   1401320.271  448038.321
351  mtMAM+F+R9    213749.914   708 428915.828   1432859.828  432053.210
352  mtMAM+F+R10   213740.023   710 428900.047   1438520.047  432046.292
362  HIVb+R9       212161.979   689 425701.958   1376521.958  428755.146
363  HIVb+R10      212156.863   691 425695.727   1382039.727  428757.777
373  HIVb+F+R9     211424.351   708 424264.702   1428208.702  427402.084
374  HIVb+F+R10    211415.406   710 424250.812   1433870.812  427397.057
384  HIVw+R9       223565.600   689 448509.201   1399329.201  451562.388
385  HIVw+R10      223551.395   691 448484.790   1404828.790  451546.840
395  HIVw+F+R9     219549.507   708 440515.014   1444459.014  443652.396
396  HIVw+F+R10    219534.798   710 440489.596   1450109.596  443635.841
406  FLU+R9        211595.184   689 424568.368   1375388.368  427621.555
407  FLU+R10       211584.384   691 424550.767   1380894.767  427612.817
417  FLU+F+R9      210175.261   708 421766.523   1425710.523  424903.905
418  FLU+F+R10     210168.715   710 421757.429   1431377.429  424903.674
428  rtREV+R9      204873.311   689 411124.622   1361944.622  414177.809
429  rtREV+R10     204864.801   691 411111.602   1367455.602  414173.652
439  rtREV+F+R9    203491.291   708 408398.581   1412342.581  411535.964
440  rtREV+F+R10   203489.611   710 408399.221   1418019.221  411545.466
450  cpREV+R9      205781.214   689 412940.428   1363760.428  415993.615
451  cpREV+R10     205775.481   691 412932.963   1369276.963  415995.013
461  cpREV+F+R9    204962.353   708 411340.705   1415284.705  414478.088
462  cpREV+F+R10   204955.840   710 411331.680   1420951.680  414477.925
Akaike Information Criterion:           LG+F+R10
Corrected Akaike Information Criterion: LG+G4
Bayesian Information Criterion:         LG+R10
Best-fit model: LG+R10 chosen according to BIC

All model information printed to RETSAT.fasta.cdhit.mafft.trimal.UFB.model.gz
CPU time for ModelFinder: 17193.561 seconds (4h:46m:33s)
Wall-clock time for ModelFinder: 2227.413 seconds (0h:37m:7s)
Generating 1000 samples for ultrafast bootstrap (seed: 360604)...

NOTE: 338 MB RAM (0 GB) is required!
Estimate model parameters (epsilon = 0.100)
1. Initial log-likelihood: -202967.321
Optimal log-likelihood: -202967.262
Site proportion and rates:  (0.011,0.051) (0.039,0.161) (0.077,0.295) (0.097,0.425) (0.135,0.579) (0.159,0.796) (0.186,1.044) (0.159,1.485) (0.081,1.949) (0.055,2.468)
Parameters optimization took 1 rounds (2.454 sec)
Computing ML distances based on estimated model parameters... 41.021 sec
WARNING: Some pairwise ML distances are too long (saturated)
Computing BIONJ tree...
0.121 seconds
Log-likelihood of BIONJ tree: -205330.376
--------------------------------------------------------------------
|             INITIALIZING CANDIDATE TREE SET                      |
--------------------------------------------------------------------
Generating 98 parsimony trees... 26.197 second
Computing log-likelihood of 98 initial trees ... 20.027 seconds
Current best score: -202967.262

Do NNI search on 20 best initial trees
Estimate model parameters (epsilon = 0.100)
BETTER TREE FOUND at iteration 1: -202964.851
Estimate model parameters (epsilon = 0.100)
BETTER TREE FOUND at iteration 2: -202740.688
Estimate model parameters (epsilon = 0.100)
BETTER TREE FOUND at iteration 4: -202704.222
Iteration 10 / LogL: -202827.645 / Time: 0h:2m:27s
Iteration 20 / LogL: -202834.946 / Time: 0h:3m:45s
Finish initializing candidate tree set (20)
Current best tree score: -202704.222 / CPU time: 214.782
Number of iterations: 20
--------------------------------------------------------------------
|               OPTIMIZING CANDIDATE TREE SET                      |
--------------------------------------------------------------------
Estimate model parameters (epsilon = 0.100)
BETTER TREE FOUND at iteration 22: -202670.884
Estimate model parameters (epsilon = 0.100)
BETTER TREE FOUND at iteration 25: -202655.471
Estimate model parameters (epsilon = 0.100)
BETTER TREE FOUND at iteration 28: -202637.469
Iteration 30 / LogL: -202665.586 / Time: 0h:4m:59s (0h:16m:51s left)
Estimate model parameters (epsilon = 0.100)
BETTER TREE FOUND at iteration 31: -202620.242
Estimate model parameters (epsilon = 0.100)
BETTER TREE FOUND at iteration 35: -202610.705
Estimate model parameters (epsilon = 0.100)
BETTER TREE FOUND at iteration 37: -202597.605
Iteration 40 / LogL: -202653.573 / Time: 0h:6m:18s (0h:15m:41s left)
Estimate model parameters (epsilon = 0.100)
BETTER TREE FOUND at iteration 48: -202584.372
Iteration 50 / LogL: -202699.412 / Time: 0h:7m:28s (0h:14m:56s left)
Log-likelihood cutoff on original alignment: -202833.498
Iteration 60 / LogL: -202588.352 / Time: 0h:8m:24s (0h:12m:32s left)
Estimate model parameters (epsilon = 0.100)
BETTER TREE FOUND at iteration 62: -202576.068
Estimate model parameters (epsilon = 0.100)
BETTER TREE FOUND at iteration 65: -202568.735
Estimate model parameters (epsilon = 0.100)
BETTER TREE FOUND at iteration 69: -202567.191
Iteration 70 / LogL: -202578.595 / Time: 0h:9m:46s (0h:14m:0s left)
Estimate model parameters (epsilon = 0.100)
BETTER TREE FOUND at iteration 79: -202562.394
Iteration 80 / LogL: -202573.858 / Time: 0h:10m:46s (0h:13m:30s left)
Estimate model parameters (epsilon = 0.100)
BETTER TREE FOUND at iteration 90: -202559.559
Iteration 90 / LogL: -202559.559 / Time: 0h:11m:50s (0h:13m:18s left)
Estimate model parameters (epsilon = 0.100)
BETTER TREE FOUND at iteration 96: -202556.221
Iteration 100 / LogL: -202570.060 / Time: 0h:12m:46s (0h:12m:23s left)
Log-likelihood cutoff on original alignment: -202833.498
NOTE: Bootstrap correlation coefficient of split occurrence frequencies: 0.940
NOTE: UFBoot does not converge, continue at least 100 more iterations
Iteration 110 / LogL: -202569.549 / Time: 0h:13m:42s (0h:11m:19s left)
Estimate model parameters (epsilon = 0.100)
BETTER TREE FOUND at iteration 111: -202536.680
Estimate model parameters (epsilon = 0.100)
BETTER TREE FOUND at iteration 115: -202522.615
Iteration 120 / LogL: -202538.372 / Time: 0h:14m:52s (0h:11m:52s left)
Iteration 130 / LogL: -202522.783 / Time: 0h:15m:49s (0h:10m:25s left)
Iteration 140 / LogL: -202544.929 / Time: 0h:16m:42s (0h:9m:0s left)
Iteration 150 / LogL: -202545.543 / Time: 0h:17m:39s (0h:7m:42s left)
Log-likelihood cutoff on original alignment: -202707.133
Estimate model parameters (epsilon = 0.100)
BETTER TREE FOUND at iteration 152: -202519.591
Iteration 160 / LogL: -202531.893 / Time: 0h:18m:41s (0h:10m:48s left)
Iteration 170 / LogL: -202523.513 / Time: 0h:19m:36s (0h:9m:30s left)
Estimate model parameters (epsilon = 0.100)
BETTER TREE FOUND at iteration 175: -202513.505
Iteration 180 / LogL: -202552.212 / Time: 0h:20m:35s (0h:10m:55s left)
Iteration 190 / LogL: -202531.628 / Time: 0h:21m:31s (0h:9m:40s left)
Iteration 200 / LogL: -202528.178 / Time: 0h:22m:24s (0h:8m:26s left)
Log-likelihood cutoff on original alignment: -202707.133
NOTE: Bootstrap correlation coefficient of split occurrence frequencies: 0.941
NOTE: UFBoot does not converge, continue at least 100 more iterations
Iteration 210 / LogL: -202519.712 / Time: 0h:23m:18s (0h:10m:2s left)
Iteration 220 / LogL: -202555.388 / Time: 0h:24m:13s (0h:8m:50s left)
Iteration 230 / LogL: -202549.183 / Time: 0h:25m:8s (0h:7m:40s left)
Iteration 240 / LogL: -202520.309 / Time: 0h:26m:0s (0h:6m:31s left)
Iteration 250 / LogL: -202519.622 / Time: 0h:26m:56s (0h:5m:24s left)
Log-likelihood cutoff on original alignment: -202707.133
Iteration 260 / LogL: -202544.721 / Time: 0h:27m:54s (0h:4m:18s left)
Estimate model parameters (epsilon = 0.100)
BETTER TREE FOUND at iteration 261: -202510.828
Iteration 270 / LogL: -202553.270 / Time: 0h:28m:52s (0h:9m:46s left)
Iteration 280 / LogL: -202520.442 / Time: 0h:29m:47s (0h:8m:39s left)
Iteration 290 / LogL: -202581.940 / Time: 0h:30m:39s (0h:7m:31s left)
Iteration 300 / LogL: -202533.597 / Time: 0h:31m:36s (0h:6m:26s left)
Log-likelihood cutoff on original alignment: -202673.587
NOTE: Bootstrap correlation coefficient of split occurrence frequencies: 0.991
Iteration 310 / LogL: -202531.766 / Time: 0h:32m:30s (0h:9m:28s left)
Iteration 320 / LogL: -202512.479 / Time: 0h:33m:27s (0h:8m:23s left)
Iteration 330 / LogL: -202529.659 / Time: 0h:34m:25s (0h:7m:19s left)
Iteration 340 / LogL: -202544.432 / Time: 0h:35m:25s (0h:6m:16s left)
Iteration 350 / LogL: -202530.182 / Time: 0h:36m:17s (0h:5m:11s left)
Log-likelihood cutoff on original alignment: -202673.587
Iteration 360 / LogL: -202515.436 / Time: 0h:37m:12s (0h:4m:8s left)
TREE SEARCH COMPLETED AFTER 362 ITERATIONS / Time: 0h:37m:23s

--------------------------------------------------------------------
|                    FINALIZING TREE SEARCH                        |
--------------------------------------------------------------------
Performs final model parameters optimization
Estimate model parameters (epsilon = 0.010)
1. Initial log-likelihood: -202510.828
2. Current log-likelihood: -202510.795
3. Current log-likelihood: -202510.785
4. Current log-likelihood: -202510.773
Optimal log-likelihood: -202510.760
Site proportion and rates:  (0.011,0.049) (0.039,0.153) (0.076,0.294) (0.104,0.424) (0.126,0.581) (0.143,0.777) (0.195,1.020) (0.103,1.399) (0.108,1.668) (0.095,2.308)
Parameters optimization took 4 rounds (6.259 sec)
BEST SCORE FOUND : -202510.760

Testing tree branches by SH-like aLRT with 1000 replicates...
Testing tree branches by aBayes parametric test...
Alternative NNI shows better log-likelihood -202510.077 > -202510.760
Alternative NNI shows better log-likelihood -202510.643 > -202510.760
Alternative NNI shows better log-likelihood -202510.629 > -202510.760
1.154 sec.
Creating bootstrap support values...
Split supports printed to NEXUS file RETSAT.fasta.cdhit.mafft.trimal.UFB.splits.nex
Total tree length: 207.571

Total number of iterations: 362
CPU time used for tree search: 17439.133 sec (4h:50m:39s)
Wall-clock time used for tree search: 2232.494 sec (0h:37m:12s)
Total CPU time used: 17586.252 sec (4h:53m:6s)
Total wall-clock time used: 2252.148 sec (0h:37m:32s)

Computing bootstrap consensus tree...
Reading input file RETSAT.fasta.cdhit.mafft.trimal.UFB.splits.nex...
338 taxa and 1881 splits.
Consensus tree written to RETSAT.fasta.cdhit.mafft.trimal.UFB.contree
Reading input trees file RETSAT.fasta.cdhit.mafft.trimal.UFB.contree
Log-likelihood of consensus tree: -202513.809

Analysis results written to: 
  IQ-TREE report:                RETSAT.fasta.cdhit.mafft.trimal.UFB.iqtree
  Maximum-likelihood tree:       RETSAT.fasta.cdhit.mafft.trimal.UFB.treefile
  Likelihood distances:          RETSAT.fasta.cdhit.mafft.trimal.UFB.mldist

Ultrafast bootstrap approximation results written to:
  Split support values:          RETSAT.fasta.cdhit.mafft.trimal.UFB.splits.nex
  Consensus tree:                RETSAT.fasta.cdhit.mafft.trimal.UFB.contree
  Screen log file:               RETSAT.fasta.cdhit.mafft.trimal.UFB.log

Date and Time: Fri Dec  9 00:16:54 2022
